[ 2017-04-12T09:19:21+08:00 ] ::1 /shanren/index.php?s=/core/public/firstuserrun/time/1491959957/token/e862d79dcb82d9044b82a8031bd5f440.html
INFO: [ app_init ] --START--
INFO: Run Behavior\BuildLiteBehavior [ RunTime:0.000000s ]
INFO: Run Common\Behavior\InitHookBehavior [ RunTime:0.001500s ]
INFO: [ app_init ] --END-- [ RunTime:0.001500s ]
NOTIC: [8] Undefined index: HTTP_USER_AGENT E:\phpStudy\WWW\shanren\Application\Common\Common\function.php 第 1780 行.
NOTIC: [8] Undefined index: HTTP_USER_AGENT E:\phpStudy\WWW\shanren\Application\Common\Common\function.php 第 1780 行.
NOTIC: [8] Undefined index: HTTP_USER_AGENT E:\phpStudy\WWW\shanren\Application\Common\Common\function.php 第 1780 行.
NOTIC: [8] Undefined index: HTTP_USER_AGENT E:\phpStudy\WWW\shanren\Application\Common\Common\function.php 第 1780 行.
NOTIC: [8] Undefined index: HTTP_USER_AGENT E:\phpStudy\WWW\shanren\Application\Common\Common\function.php 第 1780 行.
NOTIC: [8] Undefined index: HTTP_USER_AGENT E:\phpStudy\WWW\shanren\Application\Common\Common\function.php 第 1780 行.
NOTIC: [8] Undefined index: HTTP_USER_AGENT E:\phpStudy\WWW\shanren\Application\Common\Common\function.php 第 1780 行.
NOTIC: [8] Undefined index: HTTP_USER_AGENT E:\phpStudy\WWW\shanren\Application\Common\Common\function.php 第 1780 行.
NOTIC: [8] Undefined index: HTTP_USER_AGENT E:\phpStudy\WWW\shanren\Application\Common\Common\function.php 第 1780 行.
NOTIC: [8] Undefined index: HTTP_USER_AGENT E:\phpStudy\WWW\shanren\Application\Common\Common\function.php 第 1780 行.
NOTIC: [8] Undefined index: HTTP_USER_AGENT E:\phpStudy\WWW\shanren\Application\Common\Common\function.php 第 1780 行.
NOTIC: [8] Undefined index: HTTP_USER_AGENT E:\phpStudy\WWW\shanren\Application\Common\Common\function.php 第 1780 行.
NOTIC: [8] Undefined index: HTTP_USER_AGENT E:\phpStudy\WWW\shanren\Application\Common\Common\function.php 第 1780 行.
NOTIC: [8] Undefined index: HTTP_USER_AGENT E:\phpStudy\WWW\shanren\Application\Common\Common\function.php 第 1780 行.
NOTIC: [8] Undefined index: HTTP_USER_AGENT E:\phpStudy\WWW\shanren\Application\Common\Common\function.php 第 1780 行.
NOTIC: [8] Undefined index: router E:\phpStudy\WWW\shanren\Application\Common\Common\function.php 第 1936 行.
NOTIC: [8] Undefined index: router E:\phpStudy\WWW\shanren\Application\Common\Common\function.php 第 1936 行.
NOTIC: [8] Undefined index: router E:\phpStudy\WWW\shanren\Application\Common\Common\function.php 第 1936 行.
NOTIC: [8] Undefined index: router E:\phpStudy\WWW\shanren\Application\Common\Common\function.php 第 1936 行.
NOTIC: [8] Undefined index: router E:\phpStudy\WWW\shanren\Application\Common\Common\function.php 第 1936 行.
NOTIC: [8] Undefined index: HTTP_USER_AGENT E:\phpStudy\WWW\shanren\Application\Common\Common\function.php 第 1780 行.
SQL: SHOW COLUMNS FROM `ocenter_config` [ RunTime:0.007001s ]
SQL: SELECT `type`,`name`,`value` FROM `ocenter_config` WHERE `status` = 1  [ RunTime:0.000500s ]
INFO: [ app_begin ] --START--
INFO: Run Behavior\ReadHtmlCacheBehavior [ RunTime:0.001000s ]
INFO: Run Behavior\CheckLangBehavior [ RunTime:0.013502s ]
INFO: [ app_begin ] --END-- [ RunTime:0.014502s ]
NOTIC: [8192] mysql_connect(): The mysql extension is deprecated and will be removed in the future: use mysqli or PDO instead E:\phpStudy\WWW\shanren\ThinkPHP\Library\Think\Session\Driver\Db.class.php 第 95 行.
SQL: SHOW COLUMNS FROM `ocenter_module` [ RunTime:0.005000s ]
SQL: SELECT `type`,`name`,`value` FROM `ocenter_config` WHERE `status` = 1  [ RunTime:0.001001s ]
NOTIC: [8] Undefined variable: token E:\phpStudy\WWW\shanren\Application\Common\Model\ModuleModel.class.php 第 242 行.
NOTIC: [8] Undefined variable: res E:\phpStudy\WWW\shanren\Application\Common\Common\role.php 第 147 行.
INFO: [ action_begin ] --START--
INFO: Run Common\Behavior\InitModuleInfoBehavior [ RunTime:0.000500s ]
INFO: [ action_begin ] --END-- [ RunTime:0.000500s ]
SQL: REPLACE INTO `ocenter_config` (`name`,`type`,`title`,`group`,`extra`,`remark`,`create_time`,`update_time`,`status`,`value`,`sort`) VALUES ('_CONFIG_FIRST_USER_RUN',0,'',0,'','',1491959957,1491959957,1,'2017-04-12',0) [ RunTime:0.001000s ]
NOTIC: [2] unlink(./Runtime/Temp/53f4b38c84f6426fda906abe8b967a2a.php): No such file or directory E:\phpStudy\WWW\shanren\ThinkPHP\Library\Think\Cache\Driver\File.class.php 第 157 行.
SQL: SHOW COLUMNS FROM `ocenter_schedule` [ RunTime:0.060507s ]
SQL: SHOW COLUMNS FROM `ocenter_schedule` [ RunTime:0.012502s ]
SQL: SHOW COLUMNS FROM `ocenter_count_lost` [ RunTime:0.042505s ]
SQL: SHOW COLUMNS FROM `ocenter_count_remain` [ RunTime:0.060008s ]
SQL: SHOW COLUMNS FROM `ocenter_count_consumption` [ RunTime:0.004500s ]
ERR: 1146:Table 'sanren.ocenter_count_consumption' doesn't exist
 [ SQL语句 ] : SHOW COLUMNS FROM `ocenter_count_consumption`
SQL: SHOW COLUMNS FROM `ocenter_count_active` [ RunTime:0.053507s ]
SQL: SHOW COLUMNS FROM `ocenter_count` [ RunTime:0.004501s ]
ERR: 1146:Table 'sanren.ocenter_count' doesn't exist
 [ SQL语句 ] : SHOW COLUMNS FROM `ocenter_count`
SQL: SELECT * FROM `ocenter_count_lost` WHERE `date` = 1491840000 LIMIT 1   [ RunTime:0.001000s ]
SQL: SHOW COLUMNS FROM `ocenter_member` [ RunTime:0.054007s ]
SQL: SELECT COUNT(*) AS tp_count FROM `ocenter_member` WHERE `status` = 1 LIMIT 1   [ RunTime:0.000500s ]
SQL: SELECT `value` FROM `ocenter_config` WHERE `name` = '_COUNT_LOST_LONG' LIMIT 1   [ RunTime:0.000500s ]
SQL: SELECT COUNT(*) AS tp_count FROM `ocenter_member` WHERE `status` = 1 AND `last_login_time` < 1489334400 LIMIT 1   [ RunTime:0.000000s ]
SQL: SELECT * FROM `ocenter_count_lost` WHERE `date` = 1491753600 LIMIT 1   [ RunTime:0.000500s ]
SQL: INSERT INTO `ocenter_count_lost` (`new_lost`,`date`,`user_num`,`lost_num`,`rate`,`create_time`) VALUES (0,1491840000,1,0,0,1491959958) [ RunTime:0.000500s ]
SQL: SELECT * FROM `ocenter_count_remain` WHERE `date` = 1491753600 LIMIT 1   [ RunTime:0.000000s ]
SQL: SELECT `uid` FROM `ocenter_member` WHERE `reg_time` BETWEEN 1491753600 AND 1491839999 AND `status` = 1  [ RunTime:0.000000s ]
NOTIC: [2] array_column() expects parameter 1 to be array, null given E:\phpStudy\WWW\shanren\Application\Admin\Model\CountModel.class.php 第 116 行.
SQL: INSERT INTO `ocenter_count_remain` (`reg_num`,`date`,`day1_num`) VALUES (0,1491753600,0) [ RunTime:0.000000s ]
SQL: SELECT * FROM `ocenter_count_remain` WHERE `date` = 1491667200 LIMIT 1   [ RunTime:0.000000s ]
SQL: SELECT `uid` FROM `ocenter_member` WHERE `reg_time` BETWEEN 1491667200 AND 1491753599 AND `status` = 1  [ RunTime:0.000000s ]
NOTIC: [2] array_column() expects parameter 1 to be array, null given E:\phpStudy\WWW\shanren\Application\Admin\Model\CountModel.class.php 第 116 行.
SQL: UPDATE `ocenter_count_remain` SET `date`=1491667200,`day1_num`=0,`day2_num`=0,`day3_num`=0,`day4_num`=0,`day5_num`=0,`day6_num`=0,`day7_num`=0,`day8_num`=0,`reg_num`=0 WHERE `id` = 1 [ RunTime:0.000500s ]
SQL: SELECT * FROM `ocenter_count_remain` WHERE `date` = 1491580800 LIMIT 1   [ RunTime:0.000500s ]
SQL: SELECT `uid` FROM `ocenter_member` WHERE `reg_time` BETWEEN 1491580800 AND 1491667199 AND `status` = 1  [ RunTime:0.000000s ]
NOTIC: [2] array_column() expects parameter 1 to be array, null given E:\phpStudy\WWW\shanren\Application\Admin\Model\CountModel.class.php 第 116 行.
SQL: UPDATE `ocenter_count_remain` SET `date`=1491580800,`day1_num`=0,`day2_num`=0,`day3_num`=0,`day4_num`=0,`day5_num`=0,`day6_num`=0,`day7_num`=0,`day8_num`=0,`reg_num`=0 WHERE `id` = 2 [ RunTime:0.000500s ]
SQL: SELECT * FROM `ocenter_count_remain` WHERE `date` = 1491494400 LIMIT 1   [ RunTime:0.000500s ]
SQL: SELECT `uid` FROM `ocenter_member` WHERE `reg_time` BETWEEN 1491494400 AND 1491580799 AND `status` = 1  [ RunTime:0.000500s ]
NOTIC: [2] array_column() expects parameter 1 to be array, null given E:\phpStudy\WWW\shanren\Application\Admin\Model\CountModel.class.php 第 116 行.
SQL: UPDATE `ocenter_count_remain` SET `date`=1491494400,`day1_num`=0,`day2_num`=0,`day3_num`=0,`day4_num`=0,`day5_num`=0,`day6_num`=0,`day7_num`=0,`day8_num`=0,`reg_num`=0 WHERE `id` = 3 [ RunTime:0.000500s ]
SQL: SELECT * FROM `ocenter_count_remain` WHERE `date` = 1491408000 LIMIT 1   [ RunTime:0.000000s ]
SQL: SELECT `uid` FROM `ocenter_member` WHERE `reg_time` BETWEEN 1491408000 AND 1491494399 AND `status` = 1  [ RunTime:0.000000s ]
NOTIC: [2] array_column() expects parameter 1 to be array, null given E:\phpStudy\WWW\shanren\Application\Admin\Model\CountModel.class.php 第 116 行.
SQL: UPDATE `ocenter_count_remain` SET `date`=1491408000,`day1_num`=0,`day2_num`=0,`day3_num`=0,`day4_num`=0,`day5_num`=0,`day6_num`=0,`day7_num`=0,`day8_num`=0,`reg_num`=0 WHERE `id` = 4 [ RunTime:0.000500s ]
SQL: SELECT * FROM `ocenter_count_remain` WHERE `date` = 1491321600 LIMIT 1   [ RunTime:0.000000s ]
SQL: SELECT `uid` FROM `ocenter_member` WHERE `reg_time` BETWEEN 1491321600 AND 1491407999 AND `status` = 1  [ RunTime:0.000000s ]
NOTIC: [2] array_column() expects parameter 1 to be array, null given E:\phpStudy\WWW\shanren\Application\Admin\Model\CountModel.class.php 第 116 行.
SQL: UPDATE `ocenter_count_remain` SET `date`=1491321600,`day1_num`=0,`day2_num`=0,`day3_num`=0,`day4_num`=0,`day5_num`=0,`day6_num`=0,`day7_num`=0,`day8_num`=0,`reg_num`=0 WHERE `id` = 5 [ RunTime:0.000500s ]
SQL: SELECT * FROM `ocenter_count_remain` WHERE `date` = 1491235200 LIMIT 1   [ RunTime:0.000501s ]
SQL: SELECT `uid` FROM `ocenter_member` WHERE `reg_time` BETWEEN 1491235200 AND 1491321599 AND `status` = 1  [ RunTime:0.000000s ]
NOTIC: [2] array_column() expects parameter 1 to be array, null given E:\phpStudy\WWW\shanren\Application\Admin\Model\CountModel.class.php 第 116 行.
SQL: UPDATE `ocenter_count_remain` SET `date`=1491235200,`day1_num`=0,`day2_num`=0,`day3_num`=0,`day4_num`=0,`day5_num`=0,`day6_num`=0,`day7_num`=0,`day8_num`=0,`reg_num`=0 WHERE `id` = 6 [ RunTime:0.000000s ]
SQL: SELECT * FROM `ocenter_count_remain` WHERE `date` = 1491148800 LIMIT 1   [ RunTime:0.000000s ]
SQL: SELECT `uid` FROM `ocenter_member` WHERE `reg_time` BETWEEN 1491148800 AND 1491235199 AND `status` = 1  [ RunTime:0.000500s ]
NOTIC: [2] array_column() expects parameter 1 to be array, null given E:\phpStudy\WWW\shanren\Application\Admin\Model\CountModel.class.php 第 116 行.
SQL: UPDATE `ocenter_count_remain` SET `date`=1491148800,`day1_num`=0,`day2_num`=0,`day3_num`=0,`day4_num`=0,`day5_num`=0,`day6_num`=0,`day7_num`=0,`day8_num`=0,`reg_num`=0 WHERE `id` = 7 [ RunTime:0.000500s ]
SQL: SELECT COUNT(*) AS tp_count FROM `ocenter_member` WHERE `status` = 1 LIMIT 1   [ RunTime:0.000000s ]
SQL: SHOW COLUMNS FROM `ocenter_action_log` [ RunTime:0.130017s ]
SQL: SELECT `user_id` FROM `ocenter_action_log` WHERE `action_id` = 3 AND `create_time` BETWEEN 1491840000 AND 1491926399  [ RunTime:0.067508s ]
SQL: INSERT INTO `ocenter_count_active` (`num`,`type`,`date`) VALUES (1,'day',1491840000) [ RunTime:0.000500s ]
SQL: SELECT * FROM `ocenter_count_consumption` WHERE `date` = 1491840000 LIMIT 1   [ RunTime:0.000500s ]
ERR: 1146:Table 'sanren.ocenter_count_consumption' doesn't exist
 [ SQL语句 ] : SELECT * FROM `ocenter_count_consumption` WHERE `date` = 1491840000 LIMIT 1  
SQL: SHOW COLUMNS FROM `ocenter_pingxx_charge` [ RunTime:0.004001s ]
ERR: 1146:Table 'sanren.ocenter_pingxx_charge' doesn't exist
 [ SQL语句 ] : SHOW COLUMNS FROM `ocenter_pingxx_charge`
SQL: SHOW COLUMNS FROM `ocenter_recharge_record_alipay` [ RunTime:0.006001s ]
ERR: 1146:Table 'sanren.ocenter_recharge_record_alipay' doesn't exist
 [ SQL语句 ] : SHOW COLUMNS FROM `ocenter_recharge_record_alipay`
SQL: SHOW COLUMNS FROM `ocenter_order_link` [ RunTime:0.004500s ]
ERR: 1146:Table 'sanren.ocenter_order_link' doesn't exist
 [ SQL语句 ] : SHOW COLUMNS FROM `ocenter_order_link`
SQL: SELECT * FROM `ocenter_pingxx_charge` WHERE `time_paid` BETWEEN 1491840000 AND 1491926399 AND `paid` = 1  [ RunTime:0.000500s ]
ERR: 1146:Table 'sanren.ocenter_pingxx_charge' doesn't exist
 [ SQL语句 ] : SELECT * FROM `ocenter_pingxx_charge` WHERE `time_paid` BETWEEN 1491840000 AND 1491926399 AND `paid` = 1 
SQL: SELECT * FROM `ocenter_recharge_record_alipay` WHERE `notify_time` BETWEEN 1491840000 AND 1491926399 AND `trade_status` IN ('TRADE_SUCCESS','TRADE_FINISHED')  [ RunTime:0.000500s ]
ERR: 1146:Table 'sanren.ocenter_recharge_record_alipay' doesn't exist
 [ SQL语句 ] : SELECT * FROM `ocenter_recharge_record_alipay` WHERE `notify_time` BETWEEN 1491840000 AND 1491926399 AND `trade_status` IN ('TRADE_SUCCESS','TRADE_FINISHED') 
NOTIC: [2] Invalid argument supplied for foreach() E:\phpStudy\WWW\shanren\Application\Admin\Model\CountModel.class.php 第 292 行.
NOTIC: [2] Invalid argument supplied for foreach() E:\phpStudy\WWW\shanren\Application\Admin\Model\CountModel.class.php 第 297 行.
SQL: INSERT INTO `ocenter_count_consumption` (`date`,`total_fee`,`user_num`) VALUES (1491840000,'0.00',0) [ RunTime:0.000000s ]
ERR: 1146:Table 'sanren.ocenter_count_consumption' doesn't exist
 [ SQL语句 ] : INSERT INTO `ocenter_count_consumption` (`date`,`total_fee`,`user_num`) VALUES (1491840000,'0.00',0)
SQL: SHOW COLUMNS FROM `ocenter_checkin` [ RunTime:0.148019s ]
SQL: SHOW COLUMNS FROM `ocenter_member` [ RunTime:0.005001s ]
SQL: SELECT `uid` FROM `ocenter_member` WHERE `con_check` > 0  [ RunTime:0.000500s ]
NOTIC: [2] Invalid argument supplied for foreach() E:\phpStudy\WWW\shanren\Addons\CheckIn\Model\CheckInModel.class.php 第 37 行.
SQL: SELECT `type`,`name`,`value` FROM `ocenter_config` WHERE `status` = 1  [ RunTime:0.000500s ]
NOTIC: [8] Undefined variable: token E:\phpStudy\WWW\shanren\Application\Common\Model\ModuleModel.class.php 第 242 行.
NOTIC: [8] Undefined variable: res E:\phpStudy\WWW\shanren\Application\Common\Common\role.php 第 147 行.
INFO: [ action_begin ] --START--
INFO: Run Common\Behavior\InitModuleInfoBehavior [ RunTime:0.000000s ]
INFO: [ action_begin ] --END-- [ RunTime:-0.881112s ]
SQL: SELECT COUNT(id) AS tp_count FROM `ocenter_action_log` LIMIT 1   [ RunTime:0.000500s ]
SQL: SHOW COLUMNS FROM `ocenter_score_log` [ RunTime:0.081010s ]
SQL: SELECT COUNT(id) AS tp_count FROM `ocenter_score_log` LIMIT 1   [ RunTime:0.000000s ]
SQL: SELECT `type`,`name`,`value` FROM `ocenter_config` WHERE `status` = 1  [ RunTime:0.000500s ]
NOTIC: [8] Undefined variable: token E:\phpStudy\WWW\shanren\Application\Common\Model\ModuleModel.class.php 第 242 行.
NOTIC: [8] Undefined variable: res E:\phpStudy\WWW\shanren\Application\Common\Common\role.php 第 147 行.
INFO: [ action_begin ] --START--
INFO: Run Common\Behavior\InitModuleInfoBehavior [ RunTime:0.000000s ]
INFO: [ action_begin ] --END-- [ RunTime:-1.044633s ]
NOTIC: [8] Undefined index: uid E:\phpStudy\WWW\shanren\Application\Ucenter\Controller\BaseController.class.php 第 17 行.
INFO: [ view_parse ] --START--
INFO: [ template_filter ] --START--
INFO: Run Behavior\ContentReplaceBehavior [ RunTime:0.000500s ]
INFO: [ template_filter ] --END-- [ RunTime:0.000500s ]
INFO: [ syncMeta ] --START--
SQL: SHOW COLUMNS FROM `ocenter_addons` [ RunTime:0.071009s ]
SQL: SELECT `config` FROM `ocenter_addons` WHERE `name` = 'SyncLogin' AND `status` = 1 LIMIT 1   [ RunTime:0.031004s ]
INFO: Run Addons\SyncLogin\SyncLoginAddon [ RunTime:0.173022s ]
INFO: [ syncMeta ] --END-- [ RunTime:0.173022s ]
NOTIC: [8] Undefined variable: seo E:\phpStudy\WWW\shanren\Runtime\Cache\Core\936cc1f6a27d0cfd868e29f30812c896.php 第 9 行.
SQL: SHOW COLUMNS FROM `ocenter_seo_rule` [ RunTime:0.059008s ]
NOTIC: [8192] mysql_escape_string(): This function is deprecated; use mysql_real_escape_string() instead. E:\phpStudy\WWW\shanren\Application\Common\Model\SeoRuleModel.class.php 第 78 行.
NOTIC: [8192] mysql_escape_string(): This function is deprecated; use mysql_real_escape_string() instead. E:\phpStudy\WWW\shanren\Application\Common\Model\SeoRuleModel.class.php 第 79 行.
NOTIC: [8192] mysql_escape_string(): This function is deprecated; use mysql_real_escape_string() instead. E:\phpStudy\WWW\shanren\Application\Common\Model\SeoRuleModel.class.php 第 80 行.
SQL: SELECT * FROM `ocenter_seo_rule` WHERE ( (app='' or app='Core') and (controller='' or controller='Public') and (action='' or action='firstuserrun') and status=1 ) ORDER BY sort asc  [ RunTime:0.004001s ]
SQL: SELECT `value` FROM `ocenter_config` WHERE `name` = '_CONFIG_WEB_SITE_NAME' LIMIT 1   [ RunTime:0.005501s ]
SQL: SELECT `type`,`name`,`value` FROM `ocenter_config` WHERE `status` = 1  [ RunTime:0.002000s ]
SQL: SELECT `value` FROM `ocenter_config` WHERE `name` = '_CONFIG_GET_INFORMATION' LIMIT 1   [ RunTime:0.000500s ]
SQL: SELECT `value` FROM `ocenter_config` WHERE `name` = '_CONFIG_GET_INFORMATION_INTERNAL' LIMIT 1   [ RunTime:0.002500s ]
SQL: SELECT `value` FROM `ocenter_config` WHERE `name` = '_CONFIG_WEBSOCKET_ADDRESS' LIMIT 1   [ RunTime:0.000500s ]
SQL: SELECT `value` FROM `ocenter_config` WHERE `name` = '_CONFIG_WEBSOCKET_PORT' LIMIT 1   [ RunTime:0.000500s ]
SQL: SELECT `value` FROM `ocenter_config` WHERE `name` = '_WEIBO_COMMENT_ORDER' LIMIT 1   [ RunTime:0.001001s ]
SQL: SHOW COLUMNS FROM `ocenter_pushing` [ RunTime:0.006501s ]
ERR: 1146:Table 'sanren.ocenter_pushing' doesn't exist
 [ SQL语句 ] : SHOW COLUMNS FROM `ocenter_pushing`
NOTIC: [2] fsockopen():  E:\phpStudy\WWW\shanren\ThinkPHP\Library\Vendor\socketio\WebSocketClient.php 第 81 行.
NOTIC: [2] socket_set_timeout() expects parameter 1 to be resource, boolean given E:\phpStudy\WWW\shanren\ThinkPHP\Library\Vendor\socketio\WebSocketClient.php 第 82 行.
NOTIC: [2] fwrite() expects parameter 1 to be resource, boolean given E:\phpStudy\WWW\shanren\ThinkPHP\Library\Vendor\socketio\WebSocketClient.php 第 84 行.
NOTIC: [2] fread() expects parameter 1 to be resource, boolean given E:\phpStudy\WWW\shanren\ThinkPHP\Library\Vendor\socketio\WebSocketClient.php 第 89 行.
SQL: SHOW COLUMNS FROM `ocenter_member` [ RunTime:0.033004s ]
NOTIC: [8] Undefined offset: 1 E:\phpStudy\WWW\shanren\Application\Common\Model\MemberModel.class.php 第 267 行.
SQL: SHOW COLUMNS FROM `ocenter_user_token` [ RunTime:0.005001s ]
SQL: SELECT * FROM `ocenter_user_token` WHERE `uid` = null LIMIT 1   [ RunTime:0.000500s ]
SQL: SELECT `value` FROM `ocenter_config` WHERE `name` = '_CONFIG_LOGO' LIMIT 1   [ RunTime:0.000000s ]
NOTIC: [8] Undefined variable: nav E:\phpStudy\WWW\shanren\Runtime\Cache\Core\936cc1f6a27d0cfd868e29f30812c896.php 第 142 行.
NOTIC: [8] Undefined variable: nav E:\phpStudy\WWW\shanren\Runtime\Cache\Core\936cc1f6a27d0cfd868e29f30812c896.php 第 172 行.
NOTIC: [8] Undefined variable: nav E:\phpStudy\WWW\shanren\Runtime\Cache\Core\936cc1f6a27d0cfd868e29f30812c896.php 第 173 行.
NOTIC: [8] Undefined variable: nav E:\phpStudy\WWW\shanren\Runtime\Cache\Core\936cc1f6a27d0cfd868e29f30812c896.php 第 173 行.
NOTIC: [8] Undefined variable: nav E:\phpStudy\WWW\shanren\Runtime\Cache\Core\936cc1f6a27d0cfd868e29f30812c896.php 第 173 行.
NOTIC: [8] Undefined variable: nav E:\phpStudy\WWW\shanren\Runtime\Cache\Core\936cc1f6a27d0cfd868e29f30812c896.php 第 174 行.
NOTIC: [8] Undefined variable: nav E:\phpStudy\WWW\shanren\Runtime\Cache\Core\936cc1f6a27d0cfd868e29f30812c896.php 第 175 行.
NOTIC: [8] Undefined variable: nav E:\phpStudy\WWW\shanren\Runtime\Cache\Core\936cc1f6a27d0cfd868e29f30812c896.php 第 176 行.
NOTIC: [8] Undefined variable: nav E:\phpStudy\WWW\shanren\Runtime\Cache\Core\936cc1f6a27d0cfd868e29f30812c896.php 第 176 行.
NOTIC: [8] Undefined variable: nav E:\phpStudy\WWW\shanren\Runtime\Cache\Core\936cc1f6a27d0cfd868e29f30812c896.php 第 176 行.
SQL: SELECT `value` FROM `ocenter_config` WHERE `name` = '_USERCONFIG_OPEN_QUICK_LOGIN' LIMIT 1   [ RunTime:0.001000s ]
SQL: SELECT `value` FROM `ocenter_config` WHERE `name` = '_INVITE_REGISTER_TYPE' LIMIT 1   [ RunTime:0.000500s ]
SQL: SHOW COLUMNS FROM `ocenter_auth_rule` [ RunTime:0.127516s ]
SQL: SELECT * FROM `ocenter_auth_rule` WHERE `name` = 'Core/Admin/View' AND `status` = 1 LIMIT 1   [ RunTime:0.017003s ]
SQL: SELECT `value` FROM `ocenter_config` WHERE `name` = '_CONFIG_JUMP_BACKGROUND' LIMIT 1   [ RunTime:0.000500s ]
SQL: SELECT `value` FROM `ocenter_config` WHERE `name` = '_CONFIG_ABOUT_US' LIMIT 1   [ RunTime:0.000500s ]
SQL: SELECT `value` FROM `ocenter_config` WHERE `name` = '_CONFIG_QRCODE_BOTTOM' LIMIT 1   [ RunTime:0.000500s ]
SQL: SELECT `type`,`name`,`value` FROM `ocenter_config` WHERE `status` = 1  [ RunTime:0.000500s ]
NOTIC: [8] Undefined variable: token E:\phpStudy\WWW\shanren\Application\Common\Model\ModuleModel.class.php 第 242 行.
NOTIC: [8] Undefined variable: res E:\phpStudy\WWW\shanren\Application\Common\Common\role.php 第 147 行.
INFO: [ action_begin ] --START--
INFO: Run Common\Behavior\InitModuleInfoBehavior [ RunTime:0.000000s ]
INFO: [ action_begin ] --END-- [ RunTime:-3.751976s ]
NOTIC: [2] Missing argument 1 for Common\Widget\SuperLinksWidget::superLinks() E:\phpStudy\WWW\shanren\Application\Common\Widget\SuperLinksWidget.class.php 第 15 行.
SQL: SHOW COLUMNS FROM `ocenter_super_links` [ RunTime:0.081511s ]
SQL: SELECT * FROM `ocenter_super_links` WHERE ( status = 1 ) ORDER BY level desc,id asc  [ RunTime:0.000500s ]
NOTIC: [2] Invalid argument supplied for foreach() E:\phpStudy\WWW\shanren\Application\Common\Model\SuperLinksModel.class.php 第 37 行.
NOTIC: [8] Undefined variable: data E:\phpStudy\WWW\shanren\Application\Common\Model\SuperLinksModel.class.php 第 48 行.
NOTIC: [8] Undefined variable: param E:\phpStudy\WWW\shanren\Application\Common\Widget\SuperLinksWidget.class.php 第 19 行.
INFO: [ view_parse ] --START--
INFO: [ template_filter ] --START--
INFO: Run Behavior\ContentReplaceBehavior [ RunTime:0.000000s ]
INFO: [ template_filter ] --END-- [ RunTime:-2.772352s ]
INFO: Run Behavior\ParseTemplateBehavior [ RunTime:0.003500s ]
INFO: [ view_parse ] --END-- [ RunTime:0.003500s ]
INFO: [ view_filter ] --START--
INFO: Run Behavior\WriteHtmlCacheBehavior [ RunTime:0.000500s ]
INFO: [ view_filter ] --END-- [ RunTime:0.000500s ]
SQL: SELECT `value` FROM `ocenter_config` WHERE `name` = '_CONFIG_COMPANY' LIMIT 1   [ RunTime:0.001000s ]
SQL: SELECT `value` FROM `ocenter_config` WHERE `name` = '_CONFIG_COPY_RIGHT' LIMIT 1   [ RunTime:0.000501s ]
NOTIC: [8] Undefined variable: site E:\phpStudy\WWW\shanren\Runtime\Cache\Core\936cc1f6a27d0cfd868e29f30812c896.php 第 529 行.
INFO: [ pageFooter ] --START--
INFO: Run Addons\SuperLinks\SuperLinksAddon [ RunTime:0.024503s ]
INFO: [ pageFooter ] --END-- [ RunTime:0.024503s ]
SQL: SELECT `type`,`name`,`value` FROM `ocenter_config` WHERE `status` = 1  [ RunTime:0.000501s ]
NOTIC: [8] Undefined variable: token E:\phpStudy\WWW\shanren\Application\Common\Model\ModuleModel.class.php 第 242 行.
NOTIC: [8] Undefined variable: res E:\phpStudy\WWW\shanren\Application\Common\Common\role.php 第 147 行.
INFO: [ action_begin ] --START--
INFO: Run Common\Behavior\InitModuleInfoBehavior [ RunTime:0.000000s ]
INFO: [ action_begin ] --END-- [ RunTime:-3.927499s ]
SQL: SHOW COLUMNS FROM `ocenter_announce` [ RunTime:0.085010s ]
SQL: SELECT * FROM `ocenter_announce` WHERE `status` = 1 AND `is_force` = 1 AND `end_time` > 1491959961 ORDER BY sort desc,create_time desc  [ RunTime:0.000500s ]
SQL: SELECT `type`,`name`,`value` FROM `ocenter_config` WHERE `status` = 1  [ RunTime:0.001000s ]
NOTIC: [8] Undefined variable: token E:\phpStudy\WWW\shanren\Application\Common\Model\ModuleModel.class.php 第 242 行.
NOTIC: [8] Undefined variable: res E:\phpStudy\WWW\shanren\Application\Common\Common\role.php 第 147 行.
INFO: [ action_begin ] --START--
INFO: Run Common\Behavior\InitModuleInfoBehavior [ RunTime:0.000000s ]
INFO: [ action_begin ] --END-- [ RunTime:-4.047514s ]
INFO: Run Behavior\ParseTemplateBehavior [ RunTime:0.190524s ]
INFO: [ view_parse ] --END-- [ RunTime:0.003500s ]
INFO: [ view_filter ] --START--
INFO: Run Behavior\WriteHtmlCacheBehavior [ RunTime:0.000000s ]
INFO: [ view_filter ] --END-- [ RunTime:-0.186524s ]

