[ 2017-04-14T10:05:51+08:00 ] ::1 /shanren/index.php?s=/home/index/index.html
INFO: [ app_init ] --START--
INFO: Run Behavior\BuildLiteBehavior [ RunTime:0.000000s ]
INFO: Run Common\Behavior\InitHookBehavior [ RunTime:0.001000s ]
INFO: [ app_init ] --END-- [ RunTime:0.001000s ]
NOTIC: [8] Undefined index: router E:\phpStudy\WWW\shanren\Application\Common\Common\function.php 第 1936 行.
NOTIC: [8] Undefined index: router E:\phpStudy\WWW\shanren\Application\Common\Common\function.php 第 1936 行.
NOTIC: [8] Undefined index: router E:\phpStudy\WWW\shanren\Application\Common\Common\function.php 第 1936 行.
NOTIC: [8] Undefined index: router E:\phpStudy\WWW\shanren\Application\Common\Common\function.php 第 1936 行.
SQL: SHOW COLUMNS FROM `ocenter_config` [ RunTime:0.004000s ]
SQL: SELECT `type`,`name`,`value` FROM `ocenter_config` WHERE `status` = 1  [ RunTime:0.000000s ]
INFO: [ app_begin ] --START--
INFO: Run Behavior\ReadHtmlCacheBehavior [ RunTime:0.001000s ]
INFO: Run Behavior\CheckLangBehavior [ RunTime:0.020001s ]
INFO: [ app_begin ] --END-- [ RunTime:0.021001s ]
NOTIC: [8192] mysql_connect(): The mysql extension is deprecated and will be removed in the future: use mysqli or PDO instead E:\phpStudy\WWW\shanren\ThinkPHP\Library\Think\Session\Driver\Db.class.php 第 95 行.
SQL: SHOW COLUMNS FROM `ocenter_module` [ RunTime:0.008000s ]
SQL: SELECT `type`,`name`,`value` FROM `ocenter_config` WHERE `status` = 1  [ RunTime:0.001000s ]
NOTIC: [8] Undefined variable: token E:\phpStudy\WWW\shanren\Application\Common\Model\ModuleModel.class.php 第 242 行.
NOTIC: [8] Undefined variable: res E:\phpStudy\WWW\shanren\Application\Common\Common\role.php 第 147 行.
INFO: [ action_begin ] --START--
INFO: Run Common\Behavior\InitModuleInfoBehavior [ RunTime:0.000000s ]
INFO: [ action_begin ] --END-- [ RunTime:0.000000s ]
SQL: SELECT `type`,`name`,`value` FROM `ocenter_config` WHERE `status` = 1  [ RunTime:0.000000s ]
SQL: SELECT `value` FROM `ocenter_config` WHERE `name` = '_HOME_HOME_INDEX_TYPE' LIMIT 1   [ RunTime:0.000000s ]
INFO: [ view_parse ] --START--
INFO: [ template_filter ] --START--
INFO: Run Behavior\ContentReplaceBehavior [ RunTime:0.000000s ]
INFO: [ template_filter ] --END-- [ RunTime:0.000000s ]
INFO: [ syncMeta ] --START--
SQL: SHOW COLUMNS FROM `ocenter_addons` [ RunTime:0.006000s ]
SQL: SELECT `config` FROM `ocenter_addons` WHERE `name` = 'SyncLogin' AND `status` = 1 LIMIT 1   [ RunTime:0.001000s ]
INFO: Run Addons\SyncLogin\SyncLoginAddon [ RunTime:0.010000s ]
INFO: [ syncMeta ] --END-- [ RunTime:0.010000s ]
NOTIC: [8] Undefined variable: seo E:\phpStudy\WWW\shanren\Runtime\Cache\Home\f34205bb78e763f5e15a3cda2c318fa3.php 第 9 行.
SQL: SHOW COLUMNS FROM `ocenter_seo_rule` [ RunTime:0.004001s ]
NOTIC: [8192] mysql_escape_string(): This function is deprecated; use mysql_real_escape_string() instead. E:\phpStudy\WWW\shanren\Application\Common\Model\SeoRuleModel.class.php 第 78 行.
NOTIC: [8192] mysql_escape_string(): This function is deprecated; use mysql_real_escape_string() instead. E:\phpStudy\WWW\shanren\Application\Common\Model\SeoRuleModel.class.php 第 79 行.
NOTIC: [8192] mysql_escape_string(): This function is deprecated; use mysql_real_escape_string() instead. E:\phpStudy\WWW\shanren\Application\Common\Model\SeoRuleModel.class.php 第 80 行.
SQL: SELECT * FROM `ocenter_seo_rule` WHERE ( (app='' or app='Home') and (controller='' or controller='Index') and (action='' or action='index') and status=1 ) ORDER BY sort asc  [ RunTime:0.000000s ]
SQL: SELECT `value` FROM `ocenter_config` WHERE `name` = '_CONFIG_WEB_SITE_NAME' LIMIT 1   [ RunTime:0.000000s ]
SQL: SELECT `type`,`name`,`value` FROM `ocenter_config` WHERE `status` = 1  [ RunTime:0.001000s ]
SQL: SELECT `value` FROM `ocenter_config` WHERE `name` = '_CONFIG_GET_INFORMATION' LIMIT 1   [ RunTime:0.000000s ]
SQL: SELECT `value` FROM `ocenter_config` WHERE `name` = '_CONFIG_GET_INFORMATION_INTERNAL' LIMIT 1   [ RunTime:0.000000s ]
SQL: SELECT `value` FROM `ocenter_config` WHERE `name` = '_CONFIG_WEBSOCKET_ADDRESS' LIMIT 1   [ RunTime:0.001000s ]
SQL: SELECT `value` FROM `ocenter_config` WHERE `name` = '_CONFIG_WEBSOCKET_PORT' LIMIT 1   [ RunTime:0.001000s ]
SQL: SELECT `value` FROM `ocenter_config` WHERE `name` = '_WEIBO_COMMENT_ORDER' LIMIT 1   [ RunTime:0.000000s ]
SQL: SHOW COLUMNS FROM `ocenter_pushing` [ RunTime:0.005000s ]
ERR: 1146:Table 'sanren.ocenter_pushing' doesn't exist
 [ SQL语句 ] : SHOW COLUMNS FROM `ocenter_pushing`
SQL: SELECT `value` FROM `ocenter_config` WHERE `name` = '_WEIBO_WEIBO_NUM' LIMIT 1   [ RunTime:0.001000s ]
SQL: SHOW COLUMNS FROM `ocenter_member` [ RunTime:0.005001s ]
SQL: SELECT `value` FROM `ocenter_config` WHERE `name` = '_CONFIG_LOGO' LIMIT 1   [ RunTime:0.000000s ]
SQL: SHOW COLUMNS FROM `ocenter_channel` [ RunTime:0.008000s ]
SQL: SELECT `id`,`pid`,`title`,`url`,`sort`,`create_time`,`update_time`,`status`,`target`,`color`,`band_color`,`band_text`,`icon`,`image`,`remark` FROM `ocenter_channel` WHERE `status` = 1 ORDER BY sort  [ RunTime:0.002000s ]
NOTIC: [8] Undefined index: _ E:\phpStudy\WWW\shanren\Runtime\Cache\Home\f34205bb78e763f5e15a3cda2c318fa3.php 第 142 行.
NOTIC: [8] Undefined index: _ E:\phpStudy\WWW\shanren\Runtime\Cache\Home\f34205bb78e763f5e15a3cda2c318fa3.php 第 142 行.
NOTIC: [8] Undefined index: _ E:\phpStudy\WWW\shanren\Runtime\Cache\Home\f34205bb78e763f5e15a3cda2c318fa3.php 第 142 行.
NOTIC: [8] Undefined index: _ E:\phpStudy\WWW\shanren\Runtime\Cache\Home\f34205bb78e763f5e15a3cda2c318fa3.php 第 142 行.
NOTIC: [8] Undefined index: _ E:\phpStudy\WWW\shanren\Runtime\Cache\Home\f34205bb78e763f5e15a3cda2c318fa3.php 第 142 行.
NOTIC: [8] Undefined index: _ E:\phpStudy\WWW\shanren\Runtime\Cache\Home\f34205bb78e763f5e15a3cda2c318fa3.php 第 142 行.
SQL: SHOW COLUMNS FROM `ocenter_member` [ RunTime:0.004000s ]
SQL: SELECT `reg_time` FROM `ocenter_member` WHERE `uid` = 1 LIMIT 1   [ RunTime:0.000000s ]
SQL: SHOW COLUMNS FROM `ocenter_ucenter_short` [ RunTime:0.006000s ]
SQL: SELECT * FROM `ocenter_ucenter_short` WHERE `uid` = 1 AND `status` = 1 LIMIT 1   [ RunTime:0.000000s ]
SQL: SHOW COLUMNS FROM `ocenter_follow` [ RunTime:0.004001s ]
SQL: SELECT COUNT(*) AS tp_count FROM `ocenter_follow` WHERE ( follow_who=1 ) LIMIT 1   [ RunTime:0.000000s ]
SQL: SELECT COUNT(*) AS tp_count FROM `ocenter_follow` WHERE ( who_follow=1 ) LIMIT 1   [ RunTime:0.001000s ]
SQL: SHOW COLUMNS FROM `ocenter_weibo` [ RunTime:0.006000s ]
SQL: SELECT COUNT(*) AS tp_count FROM `ocenter_weibo` WHERE ( uid=1 and status >0 ) LIMIT 1   [ RunTime:0.001000s ]
SQL: SHOW COLUMNS FROM `ocenter_user_config` [ RunTime:0.006000s ]
SQL: SELECT * FROM `ocenter_user_config` WHERE `uid` = 1 AND `name` = 'user_cover' AND `role_id` = 0 AND `model` = '' LIMIT 1   [ RunTime:0.001000s ]
SQL: SHOW COLUMNS FROM `ocenter_picture` [ RunTime:0.005000s ]
SQL: SELECT * FROM `ocenter_picture` WHERE `status` = 1 AND `id` = null LIMIT 1   [ RunTime:0.000000s ]
NOTIC: [2] unlink(./Runtime/Temp/0a127acecd81cf94508ebb1bef01abd6.php): No such file or directory E:\phpStudy\WWW\shanren\ThinkPHP\Library\Think\Cache\Driver\File.class.php 第 157 行.
NOTIC: [2] unlink(./Runtime/Temp/a134993c2657395bb8538923404b76f0.php): No such file or directory E:\phpStudy\WWW\shanren\ThinkPHP\Library\Think\Cache\Driver\File.class.php 第 157 行.
SQL: SELECT `value` FROM `ocenter_config` WHERE `name` = '_USERCONFIG_LEVEL' LIMIT 1   [ RunTime:0.000000s ]
SQL: SELECT `value` FROM `ocenter_config` WHERE `name` = '_USERCONFIG_LEVEL' LIMIT 1   [ RunTime:0.000000s ]
NOTIC: [8] Undefined index: before_level_need E:\phpStudy\WWW\shanren\Application\Ucenter\Model\TitleModel.class.php 第 67 行.
NOTIC: [2] Division by zero E:\phpStudy\WWW\shanren\Application\Ucenter\Model\TitleModel.class.php 第 67 行.
SQL: SHOW COLUMNS FROM `ocenter_user_nav` [ RunTime:0.004001s ]
SQL: SELECT * FROM `ocenter_user_nav` WHERE ( status=1 ) ORDER BY sort asc  [ RunTime:0.000000s ]
SQL: SELECT `value` FROM `ocenter_config` WHERE `name` = '_INVITE_REGISTER_TYPE' LIMIT 1   [ RunTime:0.001000s ]
SQL: SELECT `value` FROM `ocenter_config` WHERE `name` = '_CONFIG_ABOUT_US' LIMIT 1   [ RunTime:0.000000s ]
SQL: SELECT `value` FROM `ocenter_config` WHERE `name` = '_CONFIG_QRCODE_BOTTOM' LIMIT 1   [ RunTime:0.001000s ]
SQL: SELECT `type`,`name`,`value` FROM `ocenter_config` WHERE `status` = 1  [ RunTime:0.000000s ]
NOTIC: [8] Undefined variable: token E:\phpStudy\WWW\shanren\Application\Common\Model\ModuleModel.class.php 第 242 行.
NOTIC: [8] Undefined variable: res E:\phpStudy\WWW\shanren\Application\Common\Common\role.php 第 147 行.
INFO: [ action_begin ] --START--
INFO: Run Common\Behavior\InitModuleInfoBehavior [ RunTime:0.000000s ]
INFO: [ action_begin ] --END-- [ RunTime:-0.169009s ]
NOTIC: [2] Missing argument 1 for Common\Widget\SuperLinksWidget::superLinks() E:\phpStudy\WWW\shanren\Application\Common\Widget\SuperLinksWidget.class.php 第 15 行.
SQL: SHOW COLUMNS FROM `ocenter_super_links` [ RunTime:0.004001s ]
SQL: SELECT * FROM `ocenter_super_links` WHERE ( status = 1 ) ORDER BY level desc,id asc  [ RunTime:0.000000s ]
NOTIC: [2] Invalid argument supplied for foreach() E:\phpStudy\WWW\shanren\Application\Common\Model\SuperLinksModel.class.php 第 37 行.
NOTIC: [8] Undefined variable: data E:\phpStudy\WWW\shanren\Application\Common\Model\SuperLinksModel.class.php 第 48 行.
NOTIC: [8] Undefined variable: param E:\phpStudy\WWW\shanren\Application\Common\Widget\SuperLinksWidget.class.php 第 19 行.
INFO: [ view_parse ] --START--
INFO: [ template_filter ] --START--
INFO: Run Behavior\ContentReplaceBehavior [ RunTime:0.000000s ]
INFO: [ template_filter ] --END-- [ RunTime:-0.149009s ]
INFO: Run Behavior\ParseTemplateBehavior [ RunTime:0.004000s ]
INFO: [ view_parse ] --END-- [ RunTime:0.004000s ]
INFO: [ view_filter ] --START--
INFO: Run Behavior\WriteHtmlCacheBehavior [ RunTime:0.000000s ]
INFO: [ view_filter ] --END-- [ RunTime:0.000000s ]
SQL: SELECT `value` FROM `ocenter_config` WHERE `name` = '_CONFIG_COMPANY' LIMIT 1   [ RunTime:0.000000s ]
SQL: SELECT `value` FROM `ocenter_config` WHERE `name` = '_CONFIG_COPY_RIGHT' LIMIT 1   [ RunTime:0.001000s ]
NOTIC: [8] Undefined variable: site E:\phpStudy\WWW\shanren\Runtime\Cache\Home\f34205bb78e763f5e15a3cda2c318fa3.php 第 583 行.
INFO: [ pageFooter ] --START--
INFO: Run Addons\SuperLinks\SuperLinksAddon [ RunTime:0.001000s ]
INFO: [ pageFooter ] --END-- [ RunTime:0.002000s ]
SQL: SELECT `type`,`name`,`value` FROM `ocenter_config` WHERE `status` = 1  [ RunTime:0.000000s ]
NOTIC: [8] Undefined variable: token E:\phpStudy\WWW\shanren\Application\Common\Model\ModuleModel.class.php 第 242 行.
NOTIC: [8] Undefined variable: res E:\phpStudy\WWW\shanren\Application\Common\Common\role.php 第 147 行.
INFO: [ action_begin ] --START--
INFO: Run Common\Behavior\InitModuleInfoBehavior [ RunTime:0.000000s ]
INFO: [ action_begin ] --END-- [ RunTime:-0.187010s ]
SQL: SHOW COLUMNS FROM `ocenter_announce` [ RunTime:0.006001s ]
SQL: SELECT * FROM `ocenter_announce` WHERE `status` = 1 AND `is_force` = 1 AND `end_time` > 1492135551 ORDER BY sort desc,create_time desc  [ RunTime:0.000000s ]
SQL: SELECT `type`,`name`,`value` FROM `ocenter_config` WHERE `status` = 1  [ RunTime:0.002000s ]
NOTIC: [8] Undefined variable: token E:\phpStudy\WWW\shanren\Application\Common\Model\ModuleModel.class.php 第 242 行.
NOTIC: [8] Undefined variable: res E:\phpStudy\WWW\shanren\Application\Common\Common\role.php 第 147 行.
INFO: [ action_begin ] --START--
INFO: Run Common\Behavior\InitModuleInfoBehavior [ RunTime:0.000000s ]
INFO: [ action_begin ] --END-- [ RunTime:-0.202011s ]
INFO: [ view_parse ] --START--
INFO: [ template_filter ] --START--
INFO: Run Behavior\ContentReplaceBehavior [ RunTime:0.000000s ]
INFO: [ template_filter ] --END-- [ RunTime:-0.175010s ]
INFO: Run Behavior\ParseTemplateBehavior [ RunTime:0.003000s ]
INFO: [ view_parse ] --END-- [ RunTime:-0.023001s ]
INFO: [ view_filter ] --START--
INFO: Run Behavior\WriteHtmlCacheBehavior [ RunTime:0.000000s ]
INFO: [ view_filter ] --END-- [ RunTime:-0.025001s ]
INFO: Run Behavior\ParseTemplateBehavior [ RunTime:0.003000s ]
INFO: [ view_parse ] --END-- [ RunTime:-0.023001s ]
INFO: [ view_filter ] --START--
INFO: Run Behavior\WriteHtmlCacheBehavior [ RunTime:0.000000s ]
INFO: [ view_filter ] --END-- [ RunTime:-0.025001s ]

[ 2017-04-14T11:23:50+08:00 ] ::1 /shanren/index.php?s=/home/addons/_addons/check_in/_controller/check_in/_action/signlist.html
INFO: [ app_init ] --START--
INFO: Run Behavior\BuildLiteBehavior [ RunTime:0.000000s ]
INFO: Run Common\Behavior\InitHookBehavior [ RunTime:0.002000s ]
INFO: [ app_init ] --END-- [ RunTime:0.002000s ]
NOTIC: [8] Undefined index: router E:\phpStudy\WWW\shanren\Application\Common\Common\function.php 第 1936 行.
NOTIC: [8] Undefined index: router E:\phpStudy\WWW\shanren\Application\Common\Common\function.php 第 1936 行.
NOTIC: [8] Undefined index: router E:\phpStudy\WWW\shanren\Application\Common\Common\function.php 第 1936 行.
NOTIC: [8] Undefined index: router E:\phpStudy\WWW\shanren\Application\Common\Common\function.php 第 1936 行.
SQL: SHOW COLUMNS FROM `ocenter_config` [ RunTime:0.016001s ]
SQL: SELECT `type`,`name`,`value` FROM `ocenter_config` WHERE `status` = 1  [ RunTime:0.008001s ]
INFO: [ app_begin ] --START--
INFO: Run Behavior\ReadHtmlCacheBehavior [ RunTime:0.000000s ]
INFO: Run Behavior\CheckLangBehavior [ RunTime:0.017001s ]
INFO: [ app_begin ] --END-- [ RunTime:0.017001s ]
NOTIC: [8192] mysql_connect(): The mysql extension is deprecated and will be removed in the future: use mysqli or PDO instead E:\phpStudy\WWW\shanren\ThinkPHP\Library\Think\Session\Driver\Db.class.php 第 95 行.
SQL: SHOW COLUMNS FROM `ocenter_module` [ RunTime:0.014001s ]
SQL: SELECT `type`,`name`,`value` FROM `ocenter_config` WHERE `status` = 1  [ RunTime:0.001000s ]
NOTIC: [8] Undefined variable: token E:\phpStudy\WWW\shanren\Application\Common\Model\ModuleModel.class.php 第 242 行.
NOTIC: [8] Undefined variable: res E:\phpStudy\WWW\shanren\Application\Common\Common\role.php 第 147 行.
INFO: [ action_begin ] --START--
INFO: Run Common\Behavior\InitModuleInfoBehavior [ RunTime:0.000000s ]
INFO: [ action_begin ] --END-- [ RunTime:0.000000s ]
SQL: SELECT `type`,`name`,`value` FROM `ocenter_config` WHERE `status` = 1  [ RunTime:0.004000s ]
SQL: SELECT `type`,`name`,`value` FROM `ocenter_config` WHERE `status` = 1  [ RunTime:0.002000s ]
NOTIC: [8] Undefined variable: token E:\phpStudy\WWW\shanren\Application\Common\Model\ModuleModel.class.php 第 242 行.
NOTIC: [8] Undefined variable: res E:\phpStudy\WWW\shanren\Application\Common\Common\role.php 第 147 行.
INFO: [ action_begin ] --START--
INFO: Run Common\Behavior\InitModuleInfoBehavior [ RunTime:0.000000s ]
INFO: [ action_begin ] --END-- [ RunTime:-0.024001s ]
SQL: SHOW COLUMNS FROM `ocenter_checkin` [ RunTime:0.013000s ]
SQL: SELECT * FROM `ocenter_checkin` WHERE `uid` = 1 AND `create_time` BETWEEN 1490544000 AND 1494172800  [ RunTime:0.001000s ]
NOTIC: [2] array_column() expects parameter 1 to be array, null given E:\phpStudy\WWW\shanren\Addons\CheckIn\Controller\CheckInController.class.php 第 30 行.
NOTIC: [2] Invalid argument supplied for foreach() E:\phpStudy\WWW\shanren\Addons\CheckIn\Controller\CheckInController.class.php 第 32 行.
NOTIC: [8] Undefined index: info E:\phpStudy\WWW\shanren\ThinkPHP\Library\Think\Controller.class.php 第 313 行.

