[ 2017-04-12T09:19:21+08:00 ] ::1 /shanren/
INFO: [ app_init ] --START--
INFO: Run Behavior\BuildLiteBehavior [ RunTime:0.000000s ]
INFO: Run Common\Behavior\InitHookBehavior [ RunTime:0.002501s ]
INFO: [ app_init ] --END-- [ RunTime:0.002501s ]
NOTIC: [8] Undefined index: router E:\phpStudy\WWW\shanren\Application\Common\Common\function.php 第 1936 行.
NOTIC: [8] Undefined index: router E:\phpStudy\WWW\shanren\Application\Common\Common\function.php 第 1936 行.
NOTIC: [8] Undefined index: router E:\phpStudy\WWW\shanren\Application\Common\Common\function.php 第 1936 行.
NOTIC: [8] Undefined index: router E:\phpStudy\WWW\shanren\Application\Common\Common\function.php 第 1936 行.
NOTIC: [8] Undefined index: router E:\phpStudy\WWW\shanren\Application\Common\Common\function.php 第 1936 行.
SQL: SHOW COLUMNS FROM `ocenter_config` [ RunTime:0.084511s ]
SQL: SELECT `type`,`name`,`value` FROM `ocenter_config` WHERE `status` = 1  [ RunTime:0.003001s ]
INFO: [ app_begin ] --START--
INFO: Run Behavior\ReadHtmlCacheBehavior [ RunTime:0.002000s ]
INFO: Run Behavior\CheckLangBehavior [ RunTime:0.015502s ]
INFO: [ app_begin ] --END-- [ RunTime:0.017502s ]
NOTIC: [8192] mysql_connect(): The mysql extension is deprecated and will be removed in the future: use mysqli or PDO instead E:\phpStudy\WWW\shanren\ThinkPHP\Library\Think\Session\Driver\Db.class.php 第 95 行.
SQL: SHOW COLUMNS FROM `ocenter_module` [ RunTime:0.109514s ]
SQL: SELECT `type`,`name`,`value` FROM `ocenter_config` WHERE `status` = 1  [ RunTime:0.000500s ]
NOTIC: [8] Undefined variable: token E:\phpStudy\WWW\shanren\Application\Common\Model\ModuleModel.class.php 第 242 行.
NOTIC: [8] Undefined variable: res E:\phpStudy\WWW\shanren\Application\Common\Common\role.php 第 147 行.
INFO: [ action_begin ] --START--
INFO: Run Common\Behavior\InitModuleInfoBehavior [ RunTime:0.000500s ]
INFO: [ action_begin ] --END-- [ RunTime:0.001000s ]
SQL: SELECT `type`,`name`,`value` FROM `ocenter_config` WHERE `status` = 1  [ RunTime:0.001000s ]
SQL: SELECT `value` FROM `ocenter_config` WHERE `name` = '_HOME_HOME_INDEX_TYPE' LIMIT 1   [ RunTime:0.000500s ]
INFO: [ view_parse ] --START--
INFO: [ template_filter ] --START--
INFO: Run Behavior\ContentReplaceBehavior [ RunTime:0.000500s ]
INFO: [ template_filter ] --END-- [ RunTime:0.000500s ]
INFO: [ syncMeta ] --START--
SQL: SHOW COLUMNS FROM `ocenter_addons` [ RunTime:0.069508s ]
SQL: SELECT `config` FROM `ocenter_addons` WHERE `name` = 'SyncLogin' AND `status` = 1 LIMIT 1   [ RunTime:0.030503s ]
INFO: Run Addons\SyncLogin\SyncLoginAddon [ RunTime:0.103514s ]
INFO: [ syncMeta ] --END-- [ RunTime:0.103514s ]
NOTIC: [8] Undefined variable: seo E:\phpStudy\WWW\shanren\Runtime\Cache\Home\f34205bb78e763f5e15a3cda2c318fa3.php 第 9 行.
SQL: SHOW COLUMNS FROM `ocenter_seo_rule` [ RunTime:0.056508s ]
NOTIC: [8192] mysql_escape_string(): This function is deprecated; use mysql_real_escape_string() instead. E:\phpStudy\WWW\shanren\Application\Common\Model\SeoRuleModel.class.php 第 78 行.
NOTIC: [8192] mysql_escape_string(): This function is deprecated; use mysql_real_escape_string() instead. E:\phpStudy\WWW\shanren\Application\Common\Model\SeoRuleModel.class.php 第 79 行.
NOTIC: [8192] mysql_escape_string(): This function is deprecated; use mysql_real_escape_string() instead. E:\phpStudy\WWW\shanren\Application\Common\Model\SeoRuleModel.class.php 第 80 行.
SQL: SELECT * FROM `ocenter_seo_rule` WHERE ( (app='' or app='Home') and (controller='' or controller='Index') and (action='' or action='index') and status=1 ) ORDER BY sort asc  [ RunTime:0.003000s ]
SQL: SELECT `value` FROM `ocenter_config` WHERE `name` = '_CONFIG_WEB_SITE_NAME' LIMIT 1   [ RunTime:0.001000s ]
SQL: SELECT `type`,`name`,`value` FROM `ocenter_config` WHERE `status` = 1  [ RunTime:0.002501s ]
SQL: SELECT `value` FROM `ocenter_config` WHERE `name` = '_CONFIG_GET_INFORMATION' LIMIT 1   [ RunTime:0.002000s ]
SQL: SELECT `value` FROM `ocenter_config` WHERE `name` = '_CONFIG_GET_INFORMATION_INTERNAL' LIMIT 1   [ RunTime:0.001000s ]
SQL: SELECT `value` FROM `ocenter_config` WHERE `name` = '_CONFIG_WEBSOCKET_ADDRESS' LIMIT 1   [ RunTime:0.001000s ]
SQL: SELECT `value` FROM `ocenter_config` WHERE `name` = '_CONFIG_WEBSOCKET_PORT' LIMIT 1   [ RunTime:0.000500s ]
SQL: SELECT `value` FROM `ocenter_config` WHERE `name` = '_WEIBO_COMMENT_ORDER' LIMIT 1   [ RunTime:0.001001s ]
SQL: SHOW COLUMNS FROM `ocenter_pushing` [ RunTime:0.006001s ]
ERR: 1146:Table 'sanren.ocenter_pushing' doesn't exist
 [ SQL语句 ] : SHOW COLUMNS FROM `ocenter_pushing`
NOTIC: [2] fsockopen():  E:\phpStudy\WWW\shanren\ThinkPHP\Library\Vendor\socketio\WebSocketClient.php 第 81 行.
NOTIC: [2] socket_set_timeout() expects parameter 1 to be resource, boolean given E:\phpStudy\WWW\shanren\ThinkPHP\Library\Vendor\socketio\WebSocketClient.php 第 82 行.
NOTIC: [2] fwrite() expects parameter 1 to be resource, boolean given E:\phpStudy\WWW\shanren\ThinkPHP\Library\Vendor\socketio\WebSocketClient.php 第 84 行.
NOTIC: [2] fread() expects parameter 1 to be resource, boolean given E:\phpStudy\WWW\shanren\ThinkPHP\Library\Vendor\socketio\WebSocketClient.php 第 89 行.
SQL: SELECT `value` FROM `ocenter_config` WHERE `name` = '_WEIBO_WEIBO_NUM' LIMIT 1   [ RunTime:0.001000s ]
SQL: SHOW COLUMNS FROM `ocenter_member` [ RunTime:0.005001s ]
NOTIC: [8] Undefined offset: 1 E:\phpStudy\WWW\shanren\Application\Common\Model\MemberModel.class.php 第 267 行.
SQL: SHOW COLUMNS FROM `ocenter_user_token` [ RunTime:0.046006s ]
SQL: SELECT * FROM `ocenter_user_token` WHERE `uid` = null LIMIT 1   [ RunTime:0.000500s ]
SQL: SELECT `value` FROM `ocenter_config` WHERE `name` = '_CONFIG_LOGO' LIMIT 1   [ RunTime:0.000500s ]
SQL: SHOW COLUMNS FROM `ocenter_channel` [ RunTime:0.164020s ]
SQL: SELECT `id`,`pid`,`title`,`url`,`sort`,`create_time`,`update_time`,`status`,`target`,`color`,`band_color`,`band_text`,`icon`,`image`,`remark` FROM `ocenter_channel` WHERE `status` = 1 ORDER BY sort  [ RunTime:0.001001s ]
NOTIC: [8] Undefined index: _ E:\phpStudy\WWW\shanren\Runtime\Cache\Home\f34205bb78e763f5e15a3cda2c318fa3.php 第 142 行.
NOTIC: [8] Undefined index: _ E:\phpStudy\WWW\shanren\Runtime\Cache\Home\f34205bb78e763f5e15a3cda2c318fa3.php 第 142 行.
NOTIC: [8] Undefined index: _ E:\phpStudy\WWW\shanren\Runtime\Cache\Home\f34205bb78e763f5e15a3cda2c318fa3.php 第 142 行.
SQL: SHOW COLUMNS FROM `ocenter_auth_rule` [ RunTime:0.017002s ]
SQL: SELECT * FROM `ocenter_auth_rule` WHERE `name` = 'Core/Admin/View' AND `status` = 1 LIMIT 1   [ RunTime:0.000500s ]
SQL: SELECT `value` FROM `ocenter_config` WHERE `name` = '_CONFIG_QRCODE_BOTTOM' LIMIT 1   [ RunTime:0.000500s ]
SQL: SELECT `type`,`name`,`value` FROM `ocenter_config` WHERE `status` = 1  [ RunTime:0.001500s ]
NOTIC: [8] Undefined variable: token E:\phpStudy\WWW\shanren\Application\Common\Model\ModuleModel.class.php 第 242 行.
NOTIC: [8] Undefined variable: res E:\phpStudy\WWW\shanren\Application\Common\Common\role.php 第 147 行.
INFO: [ action_begin ] --START--
INFO: Run Common\Behavior\InitModuleInfoBehavior [ RunTime:0.000000s ]
INFO: [ action_begin ] --END-- [ RunTime:-3.934500s ]
NOTIC: [2] Missing argument 1 for Common\Widget\SuperLinksWidget::superLinks() E:\phpStudy\WWW\shanren\Application\Common\Widget\SuperLinksWidget.class.php 第 15 行.
SQL: SHOW COLUMNS FROM `ocenter_super_links` [ RunTime:0.081011s ]
SQL: SELECT * FROM `ocenter_super_links` WHERE ( status = 1 ) ORDER BY level desc,id asc  [ RunTime:0.000500s ]
NOTIC: [2] Invalid argument supplied for foreach() E:\phpStudy\WWW\shanren\Application\Common\Model\SuperLinksModel.class.php 第 37 行.
NOTIC: [8] Undefined variable: data E:\phpStudy\WWW\shanren\Application\Common\Model\SuperLinksModel.class.php 第 48 行.
NOTIC: [8] Undefined variable: param E:\phpStudy\WWW\shanren\Application\Common\Widget\SuperLinksWidget.class.php 第 19 行.
INFO: [ view_parse ] --START--
INFO: [ template_filter ] --START--
INFO: Run Behavior\ContentReplaceBehavior [ RunTime:0.000000s ]
INFO: [ template_filter ] --END-- [ RunTime:-2.703343s ]
INFO: Run Behavior\ParseTemplateBehavior [ RunTime:0.003500s ]
INFO: [ view_parse ] --END-- [ RunTime:0.003500s ]
INFO: [ view_filter ] --START--
INFO: Run Behavior\WriteHtmlCacheBehavior [ RunTime:0.000500s ]
INFO: [ view_filter ] --END-- [ RunTime:0.000500s ]
SQL: SELECT `value` FROM `ocenter_config` WHERE `name` = '_CONFIG_COMPANY' LIMIT 1   [ RunTime:0.001000s ]
SQL: SELECT `value` FROM `ocenter_config` WHERE `name` = '_CONFIG_COPY_RIGHT' LIMIT 1   [ RunTime:0.000501s ]
NOTIC: [8] Undefined variable: site E:\phpStudy\WWW\shanren\Runtime\Cache\Home\f34205bb78e763f5e15a3cda2c318fa3.php 第 583 行.
INFO: [ pageFooter ] --START--
INFO: Run Addons\SuperLinks\SuperLinksAddon [ RunTime:0.024503s ]
INFO: [ pageFooter ] --END-- [ RunTime:0.024503s ]
SQL: SELECT `type`,`name`,`value` FROM `ocenter_config` WHERE `status` = 1  [ RunTime:0.000501s ]
NOTIC: [8] Undefined variable: token E:\phpStudy\WWW\shanren\Application\Common\Model\ModuleModel.class.php 第 242 行.
NOTIC: [8] Undefined variable: res E:\phpStudy\WWW\shanren\Application\Common\Common\role.php 第 147 行.
INFO: [ action_begin ] --START--
INFO: Run Common\Behavior\InitModuleInfoBehavior [ RunTime:0.000000s ]
INFO: [ action_begin ] --END-- [ RunTime:-4.108022s ]
SQL: SHOW COLUMNS FROM `ocenter_announce` [ RunTime:0.085510s ]
SQL: SELECT * FROM `ocenter_announce` WHERE `status` = 1 AND `is_force` = 1 AND `end_time` > 1491959961 ORDER BY sort desc,create_time desc  [ RunTime:0.001001s ]
SQL: SELECT `type`,`name`,`value` FROM `ocenter_config` WHERE `status` = 1  [ RunTime:0.001000s ]
NOTIC: [8] Undefined variable: token E:\phpStudy\WWW\shanren\Application\Common\Model\ModuleModel.class.php 第 242 行.
NOTIC: [8] Undefined variable: res E:\phpStudy\WWW\shanren\Application\Common\Common\role.php 第 147 行.
INFO: [ action_begin ] --START--
INFO: Run Common\Behavior\InitModuleInfoBehavior [ RunTime:0.000000s ]
INFO: [ action_begin ] --END-- [ RunTime:-4.228037s ]
INFO: Run Behavior\ParseTemplateBehavior [ RunTime:0.190524s ]
INFO: [ view_parse ] --END-- [ RunTime:0.003500s ]
INFO: [ view_filter ] --START--
INFO: Run Behavior\WriteHtmlCacheBehavior [ RunTime:0.000000s ]
INFO: [ view_filter ] --END-- [ RunTime:-0.186524s ]

[ 2017-04-12T09:25:04+08:00 ] ::1 /shanren/
INFO: [ app_init ] --START--
INFO: Run Behavior\BuildLiteBehavior [ RunTime:0.000000s ]
INFO: Run Common\Behavior\InitHookBehavior [ RunTime:0.002000s ]
INFO: [ app_init ] --END-- [ RunTime:0.002000s ]
NOTIC: [8] Undefined index: router E:\phpStudy\WWW\shanren\Application\Common\Common\function.php 第 1936 行.
NOTIC: [8] Undefined index: router E:\phpStudy\WWW\shanren\Application\Common\Common\function.php 第 1936 行.
NOTIC: [8] Undefined index: router E:\phpStudy\WWW\shanren\Application\Common\Common\function.php 第 1936 行.
NOTIC: [8] Undefined index: router E:\phpStudy\WWW\shanren\Application\Common\Common\function.php 第 1936 行.
NOTIC: [8] Undefined index: router E:\phpStudy\WWW\shanren\Application\Common\Common\function.php 第 1936 行.
SQL: SHOW COLUMNS FROM `ocenter_config` [ RunTime:0.006000s ]
SQL: SELECT `type`,`name`,`value` FROM `ocenter_config` WHERE `status` = 1  [ RunTime:0.001001s ]
INFO: [ app_begin ] --START--
INFO: Run Behavior\ReadHtmlCacheBehavior [ RunTime:0.000500s ]
INFO: Run Behavior\CheckLangBehavior [ RunTime:0.012501s ]
INFO: [ app_begin ] --END-- [ RunTime:0.013001s ]
NOTIC: [8192] mysql_connect(): The mysql extension is deprecated and will be removed in the future: use mysqli or PDO instead E:\phpStudy\WWW\shanren\ThinkPHP\Library\Think\Session\Driver\Db.class.php 第 95 行.
SQL: SHOW COLUMNS FROM `ocenter_module` [ RunTime:0.007501s ]
SQL: SELECT `type`,`name`,`value` FROM `ocenter_config` WHERE `status` = 1  [ RunTime:0.001500s ]
NOTIC: [8] Undefined variable: token E:\phpStudy\WWW\shanren\Application\Common\Model\ModuleModel.class.php 第 242 行.
NOTIC: [8] Undefined variable: res E:\phpStudy\WWW\shanren\Application\Common\Common\role.php 第 147 行.
INFO: [ action_begin ] --START--
INFO: Run Common\Behavior\InitModuleInfoBehavior [ RunTime:0.000500s ]
INFO: [ action_begin ] --END-- [ RunTime:0.000500s ]
SQL: SELECT `type`,`name`,`value` FROM `ocenter_config` WHERE `status` = 1  [ RunTime:0.001000s ]
INFO: [ view_parse ] --START--
INFO: [ template_filter ] --START--
INFO: Run Behavior\ContentReplaceBehavior [ RunTime:0.000500s ]
INFO: [ template_filter ] --END-- [ RunTime:0.000500s ]
INFO: [ syncMeta ] --START--
INFO: Run Addons\SyncLogin\SyncLoginAddon [ RunTime:0.001501s ]
INFO: [ syncMeta ] --END-- [ RunTime:0.001501s ]
NOTIC: [8] Undefined variable: seo E:\phpStudy\WWW\shanren\Runtime\Cache\Home\f34205bb78e763f5e15a3cda2c318fa3.php 第 9 行.
SQL: SHOW COLUMNS FROM `ocenter_seo_rule` [ RunTime:0.007001s ]
SQL: SELECT `type`,`name`,`value` FROM `ocenter_config` WHERE `status` = 1  [ RunTime:0.001500s ]
SQL: SHOW COLUMNS FROM `ocenter_pushing` [ RunTime:0.005001s ]
ERR: 1146:Table 'sanren.ocenter_pushing' doesn't exist
 [ SQL语句 ] : SHOW COLUMNS FROM `ocenter_pushing`
SQL: SHOW COLUMNS FROM `ocenter_member` [ RunTime:0.008001s ]
SQL: SELECT `value` FROM `ocenter_config` WHERE `name` = '_CONFIG_LOGO' LIMIT 1   [ RunTime:0.001000s ]
SQL: SHOW COLUMNS FROM `ocenter_channel` [ RunTime:0.005500s ]
NOTIC: [8] Undefined index: _ E:\phpStudy\WWW\shanren\Runtime\Cache\Home\f34205bb78e763f5e15a3cda2c318fa3.php 第 142 行.
NOTIC: [8] Undefined index: _ E:\phpStudy\WWW\shanren\Runtime\Cache\Home\f34205bb78e763f5e15a3cda2c318fa3.php 第 142 行.
NOTIC: [8] Undefined index: _ E:\phpStudy\WWW\shanren\Runtime\Cache\Home\f34205bb78e763f5e15a3cda2c318fa3.php 第 142 行.
SQL: SHOW COLUMNS FROM `ocenter_member` [ RunTime:0.007501s ]
SQL: SELECT `reg_time` FROM `ocenter_member` WHERE `uid` = 1 LIMIT 1   [ RunTime:0.001000s ]
SQL: select uid,score1 from `ocenter_member`,`ocenter_ucenter_member` where uid=id and uid=1 limit 1 [ RunTime:0.001000s ]
SQL: SELECT `value` FROM `ocenter_config` WHERE `name` = '_USERCONFIG_LEVEL' LIMIT 1   [ RunTime:0.001500s ]
SQL: SHOW COLUMNS FROM `ocenter_ucenter_short` [ RunTime:0.015002s ]
SQL: SELECT * FROM `ocenter_ucenter_short` WHERE `uid` = 1 AND `status` = 1 LIMIT 1   [ RunTime:0.001000s ]
SQL: SHOW COLUMNS FROM `ocenter_rank_user` [ RunTime:0.010501s ]
SQL: SELECT * FROM `ocenter_rank_user` WHERE `uid` = 1 AND `status` = 1  [ RunTime:0.001001s ]
NOTIC: [2] Invalid argument supplied for foreach() E:\phpStudy\WWW\shanren\Application\Common\Model\UserModel.class.php 第 492 行.
SQL: SHOW COLUMNS FROM `ocenter_follow` [ RunTime:0.021502s ]
SQL: SELECT COUNT(*) AS tp_count FROM `ocenter_follow` WHERE ( follow_who=1 ) LIMIT 1   [ RunTime:0.001501s ]
SQL: SELECT COUNT(*) AS tp_count FROM `ocenter_follow` WHERE ( who_follow=1 ) LIMIT 1   [ RunTime:0.001000s ]
SQL: SHOW COLUMNS FROM `ocenter_weibo` [ RunTime:0.007001s ]
SQL: SELECT COUNT(*) AS tp_count FROM `ocenter_weibo` WHERE ( uid=1 and status >0 ) LIMIT 1   [ RunTime:0.001000s ]
SQL: SHOW COLUMNS FROM `ocenter_user_config` [ RunTime:0.008001s ]
SQL: SELECT * FROM `ocenter_user_config` WHERE `uid` = 1 AND `name` = 'user_cover' AND `role_id` = 0 AND `model` = '' LIMIT 1   [ RunTime:0.001000s ]
SQL: SHOW COLUMNS FROM `ocenter_picture` [ RunTime:0.007501s ]
SQL: SELECT * FROM `ocenter_picture` WHERE `status` = 1 AND `id` = null LIMIT 1   [ RunTime:0.001000s ]
NOTIC: [2] unlink(./Runtime/Temp/0a127acecd81cf94508ebb1bef01abd6.php): No such file or directory E:\phpStudy\WWW\shanren\ThinkPHP\Library\Think\Cache\Driver\File.class.php 第 157 行.
NOTIC: [2] unlink(./Runtime/Temp/a134993c2657395bb8538923404b76f0.php): No such file or directory E:\phpStudy\WWW\shanren\ThinkPHP\Library\Think\Cache\Driver\File.class.php 第 157 行.
SQL: SELECT `value` FROM `ocenter_config` WHERE `name` = '_USERCONFIG_LEVEL' LIMIT 1   [ RunTime:0.001000s ]
SQL: SELECT `value` FROM `ocenter_config` WHERE `name` = '_USERCONFIG_LEVEL' LIMIT 1   [ RunTime:0.000500s ]
NOTIC: [8] Undefined index: before_level_need E:\phpStudy\WWW\shanren\Application\Ucenter\Model\TitleModel.class.php 第 67 行.
NOTIC: [2] Division by zero E:\phpStudy\WWW\shanren\Application\Ucenter\Model\TitleModel.class.php 第 67 行.
SQL: SHOW COLUMNS FROM `ocenter_user_nav` [ RunTime:0.019503s ]
SQL: SELECT * FROM `ocenter_user_nav` WHERE ( status=1 ) ORDER BY sort asc  [ RunTime:0.002500s ]
SQL: SELECT `value` FROM `ocenter_config` WHERE `name` = '_CONFIG_QRCODE_BOTTOM' LIMIT 1   [ RunTime:0.001501s ]
SQL: SELECT `type`,`name`,`value` FROM `ocenter_config` WHERE `status` = 1  [ RunTime:0.001000s ]
NOTIC: [8] Undefined variable: token E:\phpStudy\WWW\shanren\Application\Common\Model\ModuleModel.class.php 第 242 行.
NOTIC: [8] Undefined variable: res E:\phpStudy\WWW\shanren\Application\Common\Common\role.php 第 147 行.
INFO: [ action_begin ] --START--
INFO: Run Common\Behavior\InitModuleInfoBehavior [ RunTime:0.000000s ]
INFO: [ action_begin ] --END-- [ RunTime:-0.252532s ]
NOTIC: [2] Missing argument 1 for Common\Widget\SuperLinksWidget::superLinks() E:\phpStudy\WWW\shanren\Application\Common\Widget\SuperLinksWidget.class.php 第 15 行.
SQL: SHOW COLUMNS FROM `ocenter_super_links` [ RunTime:0.005501s ]
SQL: SELECT * FROM `ocenter_super_links` WHERE ( status = 1 ) ORDER BY level desc,id asc  [ RunTime:0.002000s ]
NOTIC: [2] Invalid argument supplied for foreach() E:\phpStudy\WWW\shanren\Application\Common\Model\SuperLinksModel.class.php 第 37 行.
NOTIC: [8] Undefined variable: data E:\phpStudy\WWW\shanren\Application\Common\Model\SuperLinksModel.class.php 第 48 行.
NOTIC: [8] Undefined variable: param E:\phpStudy\WWW\shanren\Application\Common\Widget\SuperLinksWidget.class.php 第 19 行.
INFO: [ view_parse ] --START--
INFO: [ template_filter ] --START--
INFO: Run Behavior\ContentReplaceBehavior [ RunTime:0.000000s ]
INFO: [ template_filter ] --END-- [ RunTime:-0.234530s ]
INFO: Run Behavior\ParseTemplateBehavior [ RunTime:0.004501s ]
INFO: [ view_parse ] --END-- [ RunTime:0.004501s ]
INFO: [ view_filter ] --START--
INFO: Run Behavior\WriteHtmlCacheBehavior [ RunTime:0.000500s ]
INFO: [ view_filter ] --END-- [ RunTime:0.000500s ]
NOTIC: [8] Undefined variable: site E:\phpStudy\WWW\shanren\Runtime\Cache\Home\f34205bb78e763f5e15a3cda2c318fa3.php 第 583 行.
INFO: [ pageFooter ] --START--
INFO: Run Addons\SuperLinks\SuperLinksAddon [ RunTime:0.001000s ]
INFO: [ pageFooter ] --END-- [ RunTime:0.001000s ]
SQL: SELECT `type`,`name`,`value` FROM `ocenter_config` WHERE `status` = 1  [ RunTime:0.001500s ]
NOTIC: [8] Undefined variable: token E:\phpStudy\WWW\shanren\Application\Common\Model\ModuleModel.class.php 第 242 行.
NOTIC: [8] Undefined variable: res E:\phpStudy\WWW\shanren\Application\Common\Common\role.php 第 147 行.
INFO: [ action_begin ] --START--
INFO: Run Common\Behavior\InitModuleInfoBehavior [ RunTime:0.000000s ]
INFO: [ action_begin ] --END-- [ RunTime:-0.272034s ]
SQL: SELECT `type`,`name`,`value` FROM `ocenter_config` WHERE `status` = 1  [ RunTime:0.002000s ]
NOTIC: [8] Undefined variable: token E:\phpStudy\WWW\shanren\Application\Common\Model\ModuleModel.class.php 第 242 行.
NOTIC: [8] Undefined variable: res E:\phpStudy\WWW\shanren\Application\Common\Common\role.php 第 147 行.
INFO: [ action_begin ] --START--
INFO: Run Common\Behavior\InitModuleInfoBehavior [ RunTime:0.000000s ]
INFO: [ action_begin ] --END-- [ RunTime:-0.277035s ]
INFO: [ view_parse ] --START--
INFO: [ template_filter ] --START--
INFO: Run Behavior\ContentReplaceBehavior [ RunTime:0.000000s ]
INFO: [ template_filter ] --END-- [ RunTime:-0.262533s ]
INFO: Run Behavior\ParseTemplateBehavior [ RunTime:0.017002s ]
INFO: [ view_parse ] --END-- [ RunTime:-0.012001s ]
INFO: [ view_filter ] --START--
INFO: Run Behavior\WriteHtmlCacheBehavior [ RunTime:0.000000s ]
INFO: [ view_filter ] --END-- [ RunTime:-0.028503s ]
INFO: Run Behavior\ParseTemplateBehavior [ RunTime:0.017002s ]
INFO: [ view_parse ] --END-- [ RunTime:-0.012001s ]
INFO: [ view_filter ] --START--
INFO: Run Behavior\WriteHtmlCacheBehavior [ RunTime:0.000000s ]
INFO: [ view_filter ] --END-- [ RunTime:-0.028503s ]

[ 2017-04-12T10:00:19+08:00 ] ::1 /shanren/
INFO: [ app_init ] --START--
INFO: Run Behavior\BuildLiteBehavior [ RunTime:0.000000s ]
INFO: Run Common\Behavior\InitHookBehavior [ RunTime:0.002000s ]
INFO: [ app_init ] --END-- [ RunTime:0.002000s ]
NOTIC: [8] Undefined index: router E:\phpStudy\WWW\shanren\Application\Common\Common\function.php 第 1936 行.
NOTIC: [8] Undefined index: router E:\phpStudy\WWW\shanren\Application\Common\Common\function.php 第 1936 行.
NOTIC: [8] Undefined index: router E:\phpStudy\WWW\shanren\Application\Common\Common\function.php 第 1936 行.
NOTIC: [8] Undefined index: router E:\phpStudy\WWW\shanren\Application\Common\Common\function.php 第 1936 行.
NOTIC: [8] Undefined index: router E:\phpStudy\WWW\shanren\Application\Common\Common\function.php 第 1936 行.
SQL: SHOW COLUMNS FROM `ocenter_config` [ RunTime:0.010001s ]
SQL: SELECT `type`,`name`,`value` FROM `ocenter_config` WHERE `status` = 1  [ RunTime:0.001000s ]
INFO: [ app_begin ] --START--
INFO: Run Behavior\ReadHtmlCacheBehavior [ RunTime:0.001000s ]
INFO: Run Behavior\CheckLangBehavior [ RunTime:0.012001s ]
INFO: [ app_begin ] --END-- [ RunTime:0.013001s ]
NOTIC: [8192] mysql_connect(): The mysql extension is deprecated and will be removed in the future: use mysqli or PDO instead E:\phpStudy\WWW\shanren\ThinkPHP\Library\Think\Session\Driver\Db.class.php 第 95 行.
SQL: SHOW COLUMNS FROM `ocenter_module` [ RunTime:0.013001s ]
SQL: SELECT `type`,`name`,`value` FROM `ocenter_config` WHERE `status` = 1  [ RunTime:0.001000s ]
NOTIC: [8] Undefined variable: token E:\phpStudy\WWW\shanren\Application\Common\Model\ModuleModel.class.php 第 242 行.
NOTIC: [8] Undefined variable: res E:\phpStudy\WWW\shanren\Application\Common\Common\role.php 第 147 行.
INFO: [ action_begin ] --START--
INFO: Run Common\Behavior\InitModuleInfoBehavior [ RunTime:0.000000s ]
INFO: [ action_begin ] --END-- [ RunTime:0.001000s ]
SQL: SELECT `type`,`name`,`value` FROM `ocenter_config` WHERE `status` = 1  [ RunTime:0.001000s ]
INFO: [ view_parse ] --START--
INFO: [ template_filter ] --START--
INFO: Run Behavior\ContentReplaceBehavior [ RunTime:0.000000s ]
INFO: [ template_filter ] --END-- [ RunTime:0.000000s ]
INFO: [ syncMeta ] --START--
INFO: Run Addons\SyncLogin\SyncLoginAddon [ RunTime:0.002000s ]
INFO: [ syncMeta ] --END-- [ RunTime:0.002000s ]
NOTIC: [8] Undefined variable: seo E:\phpStudy\WWW\shanren\Runtime\Cache\Home\f34205bb78e763f5e15a3cda2c318fa3.php 第 9 行.
SQL: SHOW COLUMNS FROM `ocenter_seo_rule` [ RunTime:0.011001s ]
SQL: SELECT `type`,`name`,`value` FROM `ocenter_config` WHERE `status` = 1  [ RunTime:0.001000s ]
SQL: SHOW COLUMNS FROM `ocenter_pushing` [ RunTime:0.011001s ]
ERR: 1146:Table 'sanren.ocenter_pushing' doesn't exist
 [ SQL语句 ] : SHOW COLUMNS FROM `ocenter_pushing`
SQL: SHOW COLUMNS FROM `ocenter_member` [ RunTime:0.011001s ]
NOTIC: [8] Undefined offset: 1 E:\phpStudy\WWW\shanren\Application\Common\Model\MemberModel.class.php 第 267 行.
SQL: SHOW COLUMNS FROM `ocenter_user_token` [ RunTime:0.013001s ]
SQL: SELECT * FROM `ocenter_user_token` WHERE `uid` = null LIMIT 1   [ RunTime:0.001000s ]
SQL: SELECT `value` FROM `ocenter_config` WHERE `name` = '_CONFIG_LOGO' LIMIT 1   [ RunTime:0.001000s ]
SQL: SHOW COLUMNS FROM `ocenter_channel` [ RunTime:0.011001s ]
NOTIC: [8] Undefined index: _ E:\phpStudy\WWW\shanren\Runtime\Cache\Home\f34205bb78e763f5e15a3cda2c318fa3.php 第 142 行.
NOTIC: [8] Undefined index: _ E:\phpStudy\WWW\shanren\Runtime\Cache\Home\f34205bb78e763f5e15a3cda2c318fa3.php 第 142 行.
NOTIC: [8] Undefined index: _ E:\phpStudy\WWW\shanren\Runtime\Cache\Home\f34205bb78e763f5e15a3cda2c318fa3.php 第 142 行.
SQL: SHOW COLUMNS FROM `ocenter_auth_rule` [ RunTime:0.013001s ]
SQL: SELECT * FROM `ocenter_auth_rule` WHERE `name` = 'Core/Admin/View' AND `status` = 1 LIMIT 1   [ RunTime:0.001000s ]
SQL: SELECT `value` FROM `ocenter_config` WHERE `name` = '_CONFIG_QRCODE_BOTTOM' LIMIT 1   [ RunTime:0.000000s ]
SQL: SELECT `type`,`name`,`value` FROM `ocenter_config` WHERE `status` = 1  [ RunTime:0.002000s ]
NOTIC: [8] Undefined variable: token E:\phpStudy\WWW\shanren\Application\Common\Model\ModuleModel.class.php 第 242 行.
NOTIC: [8] Undefined variable: res E:\phpStudy\WWW\shanren\Application\Common\Common\role.php 第 147 行.
INFO: [ action_begin ] --START--
INFO: Run Common\Behavior\InitModuleInfoBehavior [ RunTime:0.000000s ]
INFO: [ action_begin ] --END-- [ RunTime:-0.140008s ]
NOTIC: [2] Missing argument 1 for Common\Widget\SuperLinksWidget::superLinks() E:\phpStudy\WWW\shanren\Application\Common\Widget\SuperLinksWidget.class.php 第 15 行.
SQL: SHOW COLUMNS FROM `ocenter_super_links` [ RunTime:0.011001s ]
SQL: SELECT * FROM `ocenter_super_links` WHERE ( status = 1 ) ORDER BY level desc,id asc  [ RunTime:0.001000s ]
NOTIC: [2] Invalid argument supplied for foreach() E:\phpStudy\WWW\shanren\Application\Common\Model\SuperLinksModel.class.php 第 37 行.
NOTIC: [8] Undefined variable: data E:\phpStudy\WWW\shanren\Application\Common\Model\SuperLinksModel.class.php 第 48 行.
NOTIC: [8] Undefined variable: param E:\phpStudy\WWW\shanren\Application\Common\Widget\SuperLinksWidget.class.php 第 19 行.
INFO: [ view_parse ] --START--
INFO: [ template_filter ] --START--
INFO: Run Behavior\ContentReplaceBehavior [ RunTime:0.001000s ]
INFO: [ template_filter ] --END-- [ RunTime:-0.131007s ]
INFO: Run Behavior\ParseTemplateBehavior [ RunTime:0.008000s ]
INFO: [ view_parse ] --END-- [ RunTime:0.008000s ]
INFO: [ view_filter ] --START--
INFO: Run Behavior\WriteHtmlCacheBehavior [ RunTime:0.001000s ]
INFO: [ view_filter ] --END-- [ RunTime:0.001000s ]
NOTIC: [8] Undefined variable: site E:\phpStudy\WWW\shanren\Runtime\Cache\Home\f34205bb78e763f5e15a3cda2c318fa3.php 第 583 行.
INFO: [ pageFooter ] --START--
INFO: Run Addons\SuperLinks\SuperLinksAddon [ RunTime:0.001000s ]
INFO: [ pageFooter ] --END-- [ RunTime:0.001000s ]
SQL: SELECT `type`,`name`,`value` FROM `ocenter_config` WHERE `status` = 1  [ RunTime:0.001000s ]
NOTIC: [8] Undefined variable: token E:\phpStudy\WWW\shanren\Application\Common\Model\ModuleModel.class.php 第 242 行.
NOTIC: [8] Undefined variable: res E:\phpStudy\WWW\shanren\Application\Common\Common\role.php 第 147 行.
INFO: [ action_begin ] --START--
INFO: Run Common\Behavior\InitModuleInfoBehavior [ RunTime:0.000000s ]
INFO: [ action_begin ] --END-- [ RunTime:-0.167010s ]
SQL: SELECT `type`,`name`,`value` FROM `ocenter_config` WHERE `status` = 1  [ RunTime:0.001000s ]
NOTIC: [8] Undefined variable: token E:\phpStudy\WWW\shanren\Application\Common\Model\ModuleModel.class.php 第 242 行.
NOTIC: [8] Undefined variable: res E:\phpStudy\WWW\shanren\Application\Common\Common\role.php 第 147 行.
INFO: [ action_begin ] --START--
INFO: Run Common\Behavior\InitModuleInfoBehavior [ RunTime:0.000000s ]
INFO: [ action_begin ] --END-- [ RunTime:-0.170010s ]
INFO: Run Behavior\ParseTemplateBehavior [ RunTime:0.016001s ]
INFO: [ view_parse ] --END-- [ RunTime:0.008000s ]
INFO: [ view_filter ] --START--
INFO: Run Behavior\WriteHtmlCacheBehavior [ RunTime:0.000000s ]
INFO: [ view_filter ] --END-- [ RunTime:-0.008001s ]

[ 2017-04-12T10:00:28+08:00 ] ::1 /shanren/
INFO: [ app_init ] --START--
INFO: Run Behavior\BuildLiteBehavior [ RunTime:0.000000s ]
INFO: Run Common\Behavior\InitHookBehavior [ RunTime:0.002000s ]
INFO: [ app_init ] --END-- [ RunTime:0.002000s ]
NOTIC: [8] Undefined index: router E:\phpStudy\WWW\shanren\Application\Common\Common\function.php 第 1936 行.
NOTIC: [8] Undefined index: router E:\phpStudy\WWW\shanren\Application\Common\Common\function.php 第 1936 行.
NOTIC: [8] Undefined index: router E:\phpStudy\WWW\shanren\Application\Common\Common\function.php 第 1936 行.
NOTIC: [8] Undefined index: router E:\phpStudy\WWW\shanren\Application\Common\Common\function.php 第 1936 行.
NOTIC: [8] Undefined index: router E:\phpStudy\WWW\shanren\Application\Common\Common\function.php 第 1936 行.
SQL: SHOW COLUMNS FROM `ocenter_config` [ RunTime:0.005001s ]
SQL: SELECT `type`,`name`,`value` FROM `ocenter_config` WHERE `status` = 1  [ RunTime:0.000000s ]
INFO: [ app_begin ] --START--
INFO: Run Behavior\ReadHtmlCacheBehavior [ RunTime:0.001000s ]
INFO: Run Behavior\CheckLangBehavior [ RunTime:0.013000s ]
INFO: [ app_begin ] --END-- [ RunTime:0.014000s ]
NOTIC: [8192] mysql_connect(): The mysql extension is deprecated and will be removed in the future: use mysqli or PDO instead E:\phpStudy\WWW\shanren\ThinkPHP\Library\Think\Session\Driver\Db.class.php 第 95 行.
SQL: SHOW COLUMNS FROM `ocenter_module` [ RunTime:0.007000s ]
SQL: SELECT `type`,`name`,`value` FROM `ocenter_config` WHERE `status` = 1  [ RunTime:0.001000s ]
NOTIC: [8] Undefined variable: token E:\phpStudy\WWW\shanren\Application\Common\Model\ModuleModel.class.php 第 242 行.
NOTIC: [8] Undefined variable: res E:\phpStudy\WWW\shanren\Application\Common\Common\role.php 第 147 行.
INFO: [ action_begin ] --START--
INFO: Run Common\Behavior\InitModuleInfoBehavior [ RunTime:0.001000s ]
INFO: [ action_begin ] --END-- [ RunTime:0.001000s ]
SQL: SELECT `type`,`name`,`value` FROM `ocenter_config` WHERE `status` = 1  [ RunTime:0.001000s ]
INFO: [ view_parse ] --START--
INFO: [ template_filter ] --START--
INFO: Run Behavior\ContentReplaceBehavior [ RunTime:0.000000s ]
INFO: [ template_filter ] --END-- [ RunTime:0.000000s ]
INFO: [ syncMeta ] --START--
INFO: Run Addons\SyncLogin\SyncLoginAddon [ RunTime:0.002000s ]
INFO: [ syncMeta ] --END-- [ RunTime:0.002000s ]
NOTIC: [8] Undefined variable: seo E:\phpStudy\WWW\shanren\Runtime\Cache\Home\f34205bb78e763f5e15a3cda2c318fa3.php 第 9 行.
SQL: SHOW COLUMNS FROM `ocenter_seo_rule` [ RunTime:0.005001s ]
SQL: SELECT `type`,`name`,`value` FROM `ocenter_config` WHERE `status` = 1  [ RunTime:0.002000s ]
SQL: SHOW COLUMNS FROM `ocenter_pushing` [ RunTime:0.004000s ]
ERR: 1146:Table 'sanren.ocenter_pushing' doesn't exist
 [ SQL语句 ] : SHOW COLUMNS FROM `ocenter_pushing`
SQL: SHOW COLUMNS FROM `ocenter_member` [ RunTime:0.006001s ]
SQL: SELECT `value` FROM `ocenter_config` WHERE `name` = '_CONFIG_LOGO' LIMIT 1   [ RunTime:0.000000s ]
SQL: SHOW COLUMNS FROM `ocenter_channel` [ RunTime:0.004000s ]
NOTIC: [8] Undefined index: _ E:\phpStudy\WWW\shanren\Runtime\Cache\Home\f34205bb78e763f5e15a3cda2c318fa3.php 第 142 行.
NOTIC: [8] Undefined index: _ E:\phpStudy\WWW\shanren\Runtime\Cache\Home\f34205bb78e763f5e15a3cda2c318fa3.php 第 142 行.
NOTIC: [8] Undefined index: _ E:\phpStudy\WWW\shanren\Runtime\Cache\Home\f34205bb78e763f5e15a3cda2c318fa3.php 第 142 行.
SQL: SHOW COLUMNS FROM `ocenter_member` [ RunTime:0.005000s ]
SQL: SELECT `reg_time` FROM `ocenter_member` WHERE `uid` = 1 LIMIT 1   [ RunTime:0.000000s ]
SQL: SHOW COLUMNS FROM `ocenter_user_config` [ RunTime:0.006000s ]
SQL: SELECT * FROM `ocenter_user_config` WHERE `uid` = 1 AND `name` = 'user_cover' AND `role_id` = 0 AND `model` = '' LIMIT 1   [ RunTime:0.001000s ]
SQL: SHOW COLUMNS FROM `ocenter_picture` [ RunTime:0.005000s ]
SQL: SELECT * FROM `ocenter_picture` WHERE `status` = 1 AND `id` = null LIMIT 1   [ RunTime:0.000000s ]
NOTIC: [2] unlink(./Runtime/Temp/0a127acecd81cf94508ebb1bef01abd6.php): No such file or directory E:\phpStudy\WWW\shanren\ThinkPHP\Library\Think\Cache\Driver\File.class.php 第 157 行.
NOTIC: [2] unlink(./Runtime/Temp/a134993c2657395bb8538923404b76f0.php): No such file or directory E:\phpStudy\WWW\shanren\ThinkPHP\Library\Think\Cache\Driver\File.class.php 第 157 行.
SQL: SELECT `value` FROM `ocenter_config` WHERE `name` = '_USERCONFIG_LEVEL' LIMIT 1   [ RunTime:0.001000s ]
SQL: SELECT `value` FROM `ocenter_config` WHERE `name` = '_USERCONFIG_LEVEL' LIMIT 1   [ RunTime:0.001000s ]
NOTIC: [8] Undefined index: before_level_need E:\phpStudy\WWW\shanren\Application\Ucenter\Model\TitleModel.class.php 第 67 行.
NOTIC: [2] Division by zero E:\phpStudy\WWW\shanren\Application\Ucenter\Model\TitleModel.class.php 第 67 行.
SQL: SELECT `value` FROM `ocenter_config` WHERE `name` = '_CONFIG_QRCODE_BOTTOM' LIMIT 1   [ RunTime:0.001000s ]
SQL: SELECT `type`,`name`,`value` FROM `ocenter_config` WHERE `status` = 1  [ RunTime:0.000000s ]
NOTIC: [8] Undefined variable: token E:\phpStudy\WWW\shanren\Application\Common\Model\ModuleModel.class.php 第 242 行.
NOTIC: [8] Undefined variable: res E:\phpStudy\WWW\shanren\Application\Common\Common\role.php 第 147 行.
INFO: [ action_begin ] --START--
INFO: Run Common\Behavior\InitModuleInfoBehavior [ RunTime:0.000000s ]
INFO: [ action_begin ] --END-- [ RunTime:-0.097006s ]
NOTIC: [2] Missing argument 1 for Common\Widget\SuperLinksWidget::superLinks() E:\phpStudy\WWW\shanren\Application\Common\Widget\SuperLinksWidget.class.php 第 15 行.
SQL: SHOW COLUMNS FROM `ocenter_super_links` [ RunTime:0.005000s ]
SQL: SELECT * FROM `ocenter_super_links` WHERE ( status = 1 ) ORDER BY level desc,id asc  [ RunTime:0.001000s ]
NOTIC: [2] Invalid argument supplied for foreach() E:\phpStudy\WWW\shanren\Application\Common\Model\SuperLinksModel.class.php 第 37 行.
NOTIC: [8] Undefined variable: data E:\phpStudy\WWW\shanren\Application\Common\Model\SuperLinksModel.class.php 第 48 行.
NOTIC: [8] Undefined variable: param E:\phpStudy\WWW\shanren\Application\Common\Widget\SuperLinksWidget.class.php 第 19 行.
INFO: [ view_parse ] --START--
INFO: [ template_filter ] --START--
INFO: Run Behavior\ContentReplaceBehavior [ RunTime:0.000000s ]
INFO: [ template_filter ] --END-- [ RunTime:-0.080004s ]
INFO: Run Behavior\ParseTemplateBehavior [ RunTime:0.006001s ]
INFO: [ view_parse ] --END-- [ RunTime:0.006001s ]
INFO: [ view_filter ] --START--
INFO: Run Behavior\WriteHtmlCacheBehavior [ RunTime:0.000000s ]
INFO: [ view_filter ] --END-- [ RunTime:0.000000s ]
NOTIC: [8] Undefined variable: site E:\phpStudy\WWW\shanren\Runtime\Cache\Home\f34205bb78e763f5e15a3cda2c318fa3.php 第 583 行.
INFO: [ pageFooter ] --START--
INFO: Run Addons\SuperLinks\SuperLinksAddon [ RunTime:0.001000s ]
INFO: [ pageFooter ] --END-- [ RunTime:0.001000s ]
SQL: SELECT `type`,`name`,`value` FROM `ocenter_config` WHERE `status` = 1  [ RunTime:0.001000s ]
NOTIC: [8] Undefined variable: token E:\phpStudy\WWW\shanren\Application\Common\Model\ModuleModel.class.php 第 242 行.
NOTIC: [8] Undefined variable: res E:\phpStudy\WWW\shanren\Application\Common\Common\role.php 第 147 行.
INFO: [ action_begin ] --START--
INFO: Run Common\Behavior\InitModuleInfoBehavior [ RunTime:0.000000s ]
INFO: [ action_begin ] --END-- [ RunTime:-0.115007s ]
SQL: SELECT `type`,`name`,`value` FROM `ocenter_config` WHERE `status` = 1  [ RunTime:0.001000s ]
NOTIC: [8] Undefined variable: token E:\phpStudy\WWW\shanren\Application\Common\Model\ModuleModel.class.php 第 242 行.
NOTIC: [8] Undefined variable: res E:\phpStudy\WWW\shanren\Application\Common\Common\role.php 第 147 行.
INFO: [ action_begin ] --START--
INFO: Run Common\Behavior\InitModuleInfoBehavior [ RunTime:0.000000s ]
INFO: [ action_begin ] --END-- [ RunTime:-0.118007s ]
INFO: [ view_parse ] --START--
INFO: [ template_filter ] --START--
INFO: Run Behavior\ContentReplaceBehavior [ RunTime:0.000000s ]
INFO: [ template_filter ] --END-- [ RunTime:-0.093005s ]
INFO: Run Behavior\ParseTemplateBehavior [ RunTime:0.004000s ]
INFO: [ view_parse ] --END-- [ RunTime:-0.009000s ]
INFO: [ view_filter ] --START--
INFO: Run Behavior\WriteHtmlCacheBehavior [ RunTime:0.000000s ]
INFO: [ view_filter ] --END-- [ RunTime:-0.013000s ]
INFO: Run Behavior\ParseTemplateBehavior [ RunTime:0.004000s ]
INFO: [ view_parse ] --END-- [ RunTime:-0.009000s ]
INFO: [ view_filter ] --START--
INFO: Run Behavior\WriteHtmlCacheBehavior [ RunTime:0.000000s ]
INFO: [ view_filter ] --END-- [ RunTime:-0.013000s ]

[ 2017-04-12T10:47:04+08:00 ] ::1 /shanren/index.php?
INFO: [ app_init ] --START--
INFO: Run Behavior\BuildLiteBehavior [ RunTime:0.000000s ]
INFO: Run Common\Behavior\InitHookBehavior [ RunTime:0.003000s ]
INFO: [ app_init ] --END-- [ RunTime:0.003000s ]
NOTIC: [8] Undefined index: router E:\phpStudy\WWW\shanren\Application\Common\Common\function.php 第 1936 行.
NOTIC: [8] Undefined index: router E:\phpStudy\WWW\shanren\Application\Common\Common\function.php 第 1936 行.
NOTIC: [8] Undefined index: router E:\phpStudy\WWW\shanren\Application\Common\Common\function.php 第 1936 行.
NOTIC: [8] Undefined index: router E:\phpStudy\WWW\shanren\Application\Common\Common\function.php 第 1936 行.
NOTIC: [8] Undefined index: router E:\phpStudy\WWW\shanren\Application\Common\Common\function.php 第 1936 行.
SQL: SHOW COLUMNS FROM `ocenter_config` [ RunTime:0.007000s ]
SQL: SELECT `type`,`name`,`value` FROM `ocenter_config` WHERE `status` = 1  [ RunTime:0.003000s ]
INFO: [ app_begin ] --START--
INFO: Run Behavior\ReadHtmlCacheBehavior [ RunTime:0.002001s ]
INFO: Run Behavior\CheckLangBehavior [ RunTime:0.017001s ]
INFO: [ app_begin ] --END-- [ RunTime:0.019002s ]
NOTIC: [8192] mysql_connect(): The mysql extension is deprecated and will be removed in the future: use mysqli or PDO instead E:\phpStudy\WWW\shanren\ThinkPHP\Library\Think\Session\Driver\Db.class.php 第 95 行.
SQL: SHOW COLUMNS FROM `ocenter_module` [ RunTime:0.011001s ]
SQL: SELECT `type`,`name`,`value` FROM `ocenter_config` WHERE `status` = 1  [ RunTime:0.001000s ]
NOTIC: [8] Undefined variable: token E:\phpStudy\WWW\shanren\Application\Common\Model\ModuleModel.class.php 第 242 行.
NOTIC: [8] Undefined variable: res E:\phpStudy\WWW\shanren\Application\Common\Common\role.php 第 147 行.
INFO: [ action_begin ] --START--
INFO: Run Common\Behavior\InitModuleInfoBehavior [ RunTime:0.001000s ]
INFO: [ action_begin ] --END-- [ RunTime:0.001000s ]
SQL: SELECT `type`,`name`,`value` FROM `ocenter_config` WHERE `status` = 1  [ RunTime:0.004000s ]
INFO: [ view_parse ] --START--
INFO: [ template_filter ] --START--
INFO: Run Behavior\ContentReplaceBehavior [ RunTime:0.000500s ]
INFO: [ template_filter ] --END-- [ RunTime:0.001000s ]
INFO: [ syncMeta ] --START--
INFO: Run Addons\SyncLogin\SyncLoginAddon [ RunTime:0.002000s ]
INFO: [ syncMeta ] --END-- [ RunTime:0.002000s ]
NOTIC: [8] Undefined variable: seo E:\phpStudy\WWW\shanren\Runtime\Cache\Home\f34205bb78e763f5e15a3cda2c318fa3.php 第 9 行.
SQL: SHOW COLUMNS FROM `ocenter_seo_rule` [ RunTime:0.008001s ]
SQL: SELECT `type`,`name`,`value` FROM `ocenter_config` WHERE `status` = 1  [ RunTime:0.002000s ]
SQL: SHOW COLUMNS FROM `ocenter_pushing` [ RunTime:0.012001s ]
ERR: 1146:Table 'sanren.ocenter_pushing' doesn't exist
 [ SQL语句 ] : SHOW COLUMNS FROM `ocenter_pushing`
SQL: SHOW COLUMNS FROM `ocenter_member` [ RunTime:0.008001s ]
SQL: SELECT `value` FROM `ocenter_config` WHERE `name` = '_CONFIG_LOGO' LIMIT 1   [ RunTime:0.000000s ]
SQL: SHOW COLUMNS FROM `ocenter_channel` [ RunTime:0.011001s ]
NOTIC: [8] Undefined index: _ E:\phpStudy\WWW\shanren\Runtime\Cache\Home\f34205bb78e763f5e15a3cda2c318fa3.php 第 142 行.
NOTIC: [8] Undefined index: _ E:\phpStudy\WWW\shanren\Runtime\Cache\Home\f34205bb78e763f5e15a3cda2c318fa3.php 第 142 行.
NOTIC: [8] Undefined index: _ E:\phpStudy\WWW\shanren\Runtime\Cache\Home\f34205bb78e763f5e15a3cda2c318fa3.php 第 142 行.
SQL: SHOW COLUMNS FROM `ocenter_member` [ RunTime:0.007000s ]
SQL: SELECT `reg_time` FROM `ocenter_member` WHERE `uid` = 1 LIMIT 1   [ RunTime:0.001000s ]
SQL: SHOW COLUMNS FROM `ocenter_user_config` [ RunTime:0.008001s ]
SQL: SELECT * FROM `ocenter_user_config` WHERE `uid` = 1 AND `name` = 'user_cover' AND `role_id` = 0 AND `model` = '' LIMIT 1   [ RunTime:0.001000s ]
SQL: SHOW COLUMNS FROM `ocenter_picture` [ RunTime:0.012001s ]
SQL: SELECT * FROM `ocenter_picture` WHERE `status` = 1 AND `id` = null LIMIT 1   [ RunTime:0.001000s ]
NOTIC: [2] unlink(./Runtime/Temp/0a127acecd81cf94508ebb1bef01abd6.php): No such file or directory E:\phpStudy\WWW\shanren\ThinkPHP\Library\Think\Cache\Driver\File.class.php 第 157 行.
NOTIC: [2] unlink(./Runtime/Temp/a134993c2657395bb8538923404b76f0.php): No such file or directory E:\phpStudy\WWW\shanren\ThinkPHP\Library\Think\Cache\Driver\File.class.php 第 157 行.
SQL: SELECT `value` FROM `ocenter_config` WHERE `name` = '_USERCONFIG_LEVEL' LIMIT 1   [ RunTime:0.001000s ]
SQL: SELECT `value` FROM `ocenter_config` WHERE `name` = '_USERCONFIG_LEVEL' LIMIT 1   [ RunTime:0.000000s ]
NOTIC: [8] Undefined index: before_level_need E:\phpStudy\WWW\shanren\Application\Ucenter\Model\TitleModel.class.php 第 67 行.
NOTIC: [2] Division by zero E:\phpStudy\WWW\shanren\Application\Ucenter\Model\TitleModel.class.php 第 67 行.
SQL: SELECT `value` FROM `ocenter_config` WHERE `name` = '_CONFIG_QRCODE_BOTTOM' LIMIT 1   [ RunTime:0.004000s ]
SQL: SELECT `type`,`name`,`value` FROM `ocenter_config` WHERE `status` = 1  [ RunTime:0.002000s ]
NOTIC: [8] Undefined variable: token E:\phpStudy\WWW\shanren\Application\Common\Model\ModuleModel.class.php 第 242 行.
NOTIC: [8] Undefined variable: res E:\phpStudy\WWW\shanren\Application\Common\Common\role.php 第 147 行.
INFO: [ action_begin ] --START--
INFO: Run Common\Behavior\InitModuleInfoBehavior [ RunTime:0.000000s ]
INFO: [ action_begin ] --END-- [ RunTime:-0.164011s ]
NOTIC: [2] Missing argument 1 for Common\Widget\SuperLinksWidget::superLinks() E:\phpStudy\WWW\shanren\Application\Common\Widget\SuperLinksWidget.class.php 第 15 行.
SQL: SHOW COLUMNS FROM `ocenter_super_links` [ RunTime:0.009000s ]
SQL: SELECT * FROM `ocenter_super_links` WHERE ( status = 1 ) ORDER BY level desc,id asc  [ RunTime:0.002000s ]
NOTIC: [2] Invalid argument supplied for foreach() E:\phpStudy\WWW\shanren\Application\Common\Model\SuperLinksModel.class.php 第 37 行.
NOTIC: [8] Undefined variable: data E:\phpStudy\WWW\shanren\Application\Common\Model\SuperLinksModel.class.php 第 48 行.
NOTIC: [8] Undefined variable: param E:\phpStudy\WWW\shanren\Application\Common\Widget\SuperLinksWidget.class.php 第 19 行.
INFO: [ view_parse ] --START--
INFO: [ template_filter ] --START--
INFO: Run Behavior\ContentReplaceBehavior [ RunTime:0.000000s ]
INFO: [ template_filter ] --END-- [ RunTime:-0.138009s ]
INFO: Run Behavior\ParseTemplateBehavior [ RunTime:0.005001s ]
INFO: [ view_parse ] --END-- [ RunTime:0.005001s ]
INFO: [ view_filter ] --START--
INFO: Run Behavior\WriteHtmlCacheBehavior [ RunTime:0.000000s ]
INFO: [ view_filter ] --END-- [ RunTime:0.000000s ]
NOTIC: [8] Undefined variable: site E:\phpStudy\WWW\shanren\Runtime\Cache\Home\f34205bb78e763f5e15a3cda2c318fa3.php 第 583 行.
INFO: [ pageFooter ] --START--
INFO: Run Addons\SuperLinks\SuperLinksAddon [ RunTime:0.001000s ]
INFO: [ pageFooter ] --END-- [ RunTime:0.001000s ]
SQL: SELECT `type`,`name`,`value` FROM `ocenter_config` WHERE `status` = 1  [ RunTime:0.002000s ]
NOTIC: [8] Undefined variable: token E:\phpStudy\WWW\shanren\Application\Common\Model\ModuleModel.class.php 第 242 行.
NOTIC: [8] Undefined variable: res E:\phpStudy\WWW\shanren\Application\Common\Common\role.php 第 147 行.
INFO: [ action_begin ] --START--
INFO: Run Common\Behavior\InitModuleInfoBehavior [ RunTime:0.000000s ]
INFO: [ action_begin ] --END-- [ RunTime:-0.191012s ]
SQL: SELECT `type`,`name`,`value` FROM `ocenter_config` WHERE `status` = 1  [ RunTime:0.003000s ]
NOTIC: [8] Undefined variable: token E:\phpStudy\WWW\shanren\Application\Common\Model\ModuleModel.class.php 第 242 行.
NOTIC: [8] Undefined variable: res E:\phpStudy\WWW\shanren\Application\Common\Common\role.php 第 147 行.
INFO: [ action_begin ] --START--
INFO: Run Common\Behavior\InitModuleInfoBehavior [ RunTime:0.000000s ]
INFO: [ action_begin ] --END-- [ RunTime:-0.196012s ]
INFO: [ view_parse ] --START--
INFO: [ template_filter ] --START--
INFO: Run Behavior\ContentReplaceBehavior [ RunTime:0.000000s ]
INFO: [ template_filter ] --END-- [ RunTime:-0.154009s ]
INFO: Run Behavior\ParseTemplateBehavior [ RunTime:0.002000s ]
INFO: [ view_parse ] --END-- [ RunTime:-0.012000s ]
INFO: [ view_filter ] --START--
INFO: Run Behavior\WriteHtmlCacheBehavior [ RunTime:0.000000s ]
INFO: [ view_filter ] --END-- [ RunTime:-0.014000s ]
INFO: Run Behavior\ParseTemplateBehavior [ RunTime:0.002000s ]
INFO: [ view_parse ] --END-- [ RunTime:-0.012000s ]
INFO: [ view_filter ] --START--
INFO: Run Behavior\WriteHtmlCacheBehavior [ RunTime:0.000000s ]
INFO: [ view_filter ] --END-- [ RunTime:-0.014000s ]

