[ 2017-04-12T13:50:31+08:00 ] ::1 /shanren/index.php?s=/admin/api/config.html
INFO: [ app_init ] --START--
INFO: Run Behavior\BuildLiteBehavior [ RunTime:0.000000s ]
INFO: Run Common\Behavior\InitHookBehavior [ RunTime:0.003000s ]
INFO: [ app_init ] --END-- [ RunTime:0.003000s ]
NOTIC: [8] Undefined index: router E:\phpStudy\WWW\shanren\Application\Common\Common\function.php 第 1936 行.
NOTIC: [8] Undefined index: router E:\phpStudy\WWW\shanren\Application\Common\Common\function.php 第 1936 行.
NOTIC: [8] Undefined index: router E:\phpStudy\WWW\shanren\Application\Common\Common\function.php 第 1936 行.
NOTIC: [8] Undefined index: router E:\phpStudy\WWW\shanren\Application\Common\Common\function.php 第 1936 行.
NOTIC: [8] Undefined index: router E:\phpStudy\WWW\shanren\Application\Common\Common\function.php 第 1936 行.
SQL: SHOW COLUMNS FROM `ocenter_config` [ RunTime:0.005001s ]
SQL: SELECT `type`,`name`,`value` FROM `ocenter_config` WHERE `status` = 1  [ RunTime:0.002000s ]
INFO: [ app_begin ] --START--
INFO: Run Behavior\ReadHtmlCacheBehavior [ RunTime:0.001000s ]
INFO: Run Behavior\CheckLangBehavior [ RunTime:0.012001s ]
INFO: [ app_begin ] --END-- [ RunTime:0.013001s ]
NOTIC: [8192] mysql_connect(): The mysql extension is deprecated and will be removed in the future: use mysqli or PDO instead E:\phpStudy\WWW\shanren\ThinkPHP\Library\Think\Session\Driver\Db.class.php 第 95 行.
SQL: SHOW COLUMNS FROM `ocenter_module` [ RunTime:0.006000s ]
SQL: SELECT `type`,`name`,`value` FROM `ocenter_config` WHERE `status` = 1  [ RunTime:0.001001s ]
SQL: SELECT * FROM `ocenter_module` WHERE `name` = 'Admin' LIMIT 1   [ RunTime:0.000000s ]
INFO: [ action_begin ] --START--
INFO: Run Common\Behavior\InitModuleInfoBehavior [ RunTime:0.000000s ]
INFO: [ action_begin ] --END-- [ RunTime:0.000000s ]
SQL: SELECT `type`,`name`,`value` FROM `ocenter_config` WHERE `status` = 1  [ RunTime:0.002000s ]
SQL: SELECT * FROM `ocenter_module` WHERE `name` = 'Admin' LIMIT 1   [ RunTime:0.001000s ]
INFO: [ action_begin ] --START--
INFO: Run Common\Behavior\InitModuleInfoBehavior [ RunTime:0.000000s ]
INFO: [ action_begin ] --END-- [ RunTime:-0.008000s ]
SQL: SHOW COLUMNS FROM `ocenter_version` [ RunTime:0.005000s ]
SQL: SHOW COLUMNS FROM `ocenter_anonymous` [ RunTime:0.006000s ]
SQL: SELECT * FROM `ocenter_anonymous` WHERE ( id>0 )  [ RunTime:0.001000s ]

[ 2017-04-12T13:50:31+08:00 ] ::1 /shanren/index.php?s=/admin/api/config.html
INFO: [ app_init ] --START--
INFO: Run Behavior\BuildLiteBehavior [ RunTime:0.001000s ]
INFO: Run Common\Behavior\InitHookBehavior [ RunTime:0.001000s ]
INFO: [ app_init ] --END-- [ RunTime:0.002000s ]
NOTIC: [8] Undefined index: router E:\phpStudy\WWW\shanren\Application\Common\Common\function.php 第 1936 行.
NOTIC: [8] Undefined index: router E:\phpStudy\WWW\shanren\Application\Common\Common\function.php 第 1936 行.
NOTIC: [8] Undefined index: router E:\phpStudy\WWW\shanren\Application\Common\Common\function.php 第 1936 行.
NOTIC: [8] Undefined index: router E:\phpStudy\WWW\shanren\Application\Common\Common\function.php 第 1936 行.
NOTIC: [8] Undefined index: router E:\phpStudy\WWW\shanren\Application\Common\Common\function.php 第 1936 行.
SQL: SHOW COLUMNS FROM `ocenter_config` [ RunTime:0.006001s ]
SQL: SELECT `type`,`name`,`value` FROM `ocenter_config` WHERE `status` = 1  [ RunTime:0.002000s ]
INFO: [ app_begin ] --START--
INFO: Run Behavior\ReadHtmlCacheBehavior [ RunTime:0.001000s ]
INFO: Run Behavior\CheckLangBehavior [ RunTime:0.013001s ]
INFO: [ app_begin ] --END-- [ RunTime:0.014001s ]
NOTIC: [8192] mysql_connect(): The mysql extension is deprecated and will be removed in the future: use mysqli or PDO instead E:\phpStudy\WWW\shanren\ThinkPHP\Library\Think\Session\Driver\Db.class.php 第 95 行.
SQL: SHOW COLUMNS FROM `ocenter_module` [ RunTime:0.005000s ]
SQL: SELECT `type`,`name`,`value` FROM `ocenter_config` WHERE `status` = 1  [ RunTime:0.001000s ]
SQL: SELECT * FROM `ocenter_module` WHERE `name` = 'Admin' LIMIT 1   [ RunTime:0.001001s ]
INFO: [ action_begin ] --START--
INFO: Run Common\Behavior\InitModuleInfoBehavior [ RunTime:0.000000s ]
INFO: [ action_begin ] --END-- [ RunTime:0.000000s ]
SQL: SELECT `type`,`name`,`value` FROM `ocenter_config` WHERE `status` = 1  [ RunTime:0.001000s ]
SQL: SELECT * FROM `ocenter_module` WHERE `name` = 'Admin' LIMIT 1   [ RunTime:0.000000s ]
INFO: [ action_begin ] --START--
INFO: Run Common\Behavior\InitModuleInfoBehavior [ RunTime:0.000000s ]
INFO: [ action_begin ] --END-- [ RunTime:-0.006000s ]
SQL: SHOW COLUMNS FROM `ocenter_version` [ RunTime:0.006000s ]
SQL: SHOW COLUMNS FROM `ocenter_anonymous` [ RunTime:0.006001s ]
SQL: SELECT * FROM `ocenter_anonymous` WHERE ( id>0 )  [ RunTime:0.001000s ]

[ 2017-04-12T13:50:31+08:00 ] ::1 /shanren/index.php?s=/admin/api/config.html
INFO: [ app_init ] --START--
INFO: Run Behavior\BuildLiteBehavior [ RunTime:0.000000s ]
INFO: Run Common\Behavior\InitHookBehavior [ RunTime:0.001000s ]
INFO: [ app_init ] --END-- [ RunTime:0.001000s ]
NOTIC: [8] Undefined index: router E:\phpStudy\WWW\shanren\Application\Common\Common\function.php 第 1936 行.
NOTIC: [8] Undefined index: router E:\phpStudy\WWW\shanren\Application\Common\Common\function.php 第 1936 行.
NOTIC: [8] Undefined index: router E:\phpStudy\WWW\shanren\Application\Common\Common\function.php 第 1936 行.
NOTIC: [8] Undefined index: router E:\phpStudy\WWW\shanren\Application\Common\Common\function.php 第 1936 行.
NOTIC: [8] Undefined index: router E:\phpStudy\WWW\shanren\Application\Common\Common\function.php 第 1936 行.
SQL: SHOW COLUMNS FROM `ocenter_config` [ RunTime:0.010000s ]
SQL: SELECT `type`,`name`,`value` FROM `ocenter_config` WHERE `status` = 1  [ RunTime:0.001000s ]
INFO: [ app_begin ] --START--
INFO: Run Behavior\ReadHtmlCacheBehavior [ RunTime:0.000000s ]
INFO: Run Behavior\CheckLangBehavior [ RunTime:0.013000s ]
INFO: [ app_begin ] --END-- [ RunTime:0.014000s ]
NOTIC: [8192] mysql_connect(): The mysql extension is deprecated and will be removed in the future: use mysqli or PDO instead E:\phpStudy\WWW\shanren\ThinkPHP\Library\Think\Session\Driver\Db.class.php 第 95 行.
SQL: SHOW COLUMNS FROM `ocenter_module` [ RunTime:0.009000s ]
SQL: SELECT `type`,`name`,`value` FROM `ocenter_config` WHERE `status` = 1  [ RunTime:0.000000s ]
SQL: SELECT * FROM `ocenter_module` WHERE `name` = 'Admin' LIMIT 1   [ RunTime:0.000000s ]
INFO: [ action_begin ] --START--
INFO: Run Common\Behavior\InitModuleInfoBehavior [ RunTime:0.001001s ]
INFO: [ action_begin ] --END-- [ RunTime:0.001001s ]
SQL: SELECT `type`,`name`,`value` FROM `ocenter_config` WHERE `status` = 1  [ RunTime:0.001000s ]
SQL: SELECT * FROM `ocenter_module` WHERE `name` = 'Admin' LIMIT 1   [ RunTime:0.000000s ]
INFO: [ action_begin ] --START--
INFO: Run Common\Behavior\InitModuleInfoBehavior [ RunTime:0.000000s ]
INFO: [ action_begin ] --END-- [ RunTime:-0.006000s ]
SQL: SHOW COLUMNS FROM `ocenter_version` [ RunTime:0.010001s ]
SQL: SHOW COLUMNS FROM `ocenter_anonymous` [ RunTime:0.010000s ]
SQL: SELECT * FROM `ocenter_anonymous` WHERE ( id>0 )  [ RunTime:0.000000s ]

[ 2017-04-12T13:50:31+08:00 ] ::1 /shanren/index.php?s=/admin/api/config.html
INFO: [ app_init ] --START--
INFO: Run Behavior\BuildLiteBehavior [ RunTime:0.000000s ]
INFO: Run Common\Behavior\InitHookBehavior [ RunTime:0.001000s ]
INFO: [ app_init ] --END-- [ RunTime:0.001000s ]
NOTIC: [8] Undefined index: router E:\phpStudy\WWW\shanren\Application\Common\Common\function.php 第 1936 行.
NOTIC: [8] Undefined index: router E:\phpStudy\WWW\shanren\Application\Common\Common\function.php 第 1936 行.
NOTIC: [8] Undefined index: router E:\phpStudy\WWW\shanren\Application\Common\Common\function.php 第 1936 行.
NOTIC: [8] Undefined index: router E:\phpStudy\WWW\shanren\Application\Common\Common\function.php 第 1936 行.
NOTIC: [8] Undefined index: router E:\phpStudy\WWW\shanren\Application\Common\Common\function.php 第 1936 行.
SQL: SHOW COLUMNS FROM `ocenter_config` [ RunTime:0.009001s ]
SQL: SELECT `type`,`name`,`value` FROM `ocenter_config` WHERE `status` = 1  [ RunTime:0.001000s ]
INFO: [ app_begin ] --START--
INFO: Run Behavior\ReadHtmlCacheBehavior [ RunTime:0.000000s ]
INFO: Run Behavior\CheckLangBehavior [ RunTime:0.014001s ]
INFO: [ app_begin ] --END-- [ RunTime:0.014001s ]
NOTIC: [8192] mysql_connect(): The mysql extension is deprecated and will be removed in the future: use mysqli or PDO instead E:\phpStudy\WWW\shanren\ThinkPHP\Library\Think\Session\Driver\Db.class.php 第 95 行.
SQL: SHOW COLUMNS FROM `ocenter_module` [ RunTime:0.010001s ]
SQL: SELECT `type`,`name`,`value` FROM `ocenter_config` WHERE `status` = 1  [ RunTime:0.002000s ]
SQL: SELECT * FROM `ocenter_module` WHERE `name` = 'Admin' LIMIT 1   [ RunTime:0.000000s ]
INFO: [ action_begin ] --START--
INFO: Run Common\Behavior\InitModuleInfoBehavior [ RunTime:0.001000s ]
INFO: [ action_begin ] --END-- [ RunTime:0.001000s ]
SQL: SELECT `type`,`name`,`value` FROM `ocenter_config` WHERE `status` = 1  [ RunTime:0.001001s ]
SQL: SELECT * FROM `ocenter_module` WHERE `name` = 'Admin' LIMIT 1   [ RunTime:0.000000s ]
INFO: [ action_begin ] --START--
INFO: Run Common\Behavior\InitModuleInfoBehavior [ RunTime:0.000000s ]
INFO: [ action_begin ] --END-- [ RunTime:-0.005001s ]
SQL: SHOW COLUMNS FROM `ocenter_version` [ RunTime:0.010000s ]
SQL: SHOW COLUMNS FROM `ocenter_anonymous` [ RunTime:0.010001s ]
SQL: SELECT * FROM `ocenter_anonymous` WHERE ( id>0 )  [ RunTime:0.001000s ]
NOTIC: [8] Undefined offset: 10 E:\phpStudy\WWW\shanren\Application\Api\Controller\ApiController.class.php 第 22 行.
SQL: SELECT * FROM `ocenter_anonymous` WHERE ( id>0 )  [ RunTime:0.001000s ]

[ 2017-04-12T13:50:32+08:00 ] ::1 /shanren/index.php?s=/admin/api/config.html
INFO: [ app_init ] --START--
INFO: Run Behavior\BuildLiteBehavior [ RunTime:0.000000s ]
INFO: Run Common\Behavior\InitHookBehavior [ RunTime:0.001000s ]
INFO: [ app_init ] --END-- [ RunTime:0.002000s ]
NOTIC: [8] Undefined index: router E:\phpStudy\WWW\shanren\Application\Common\Common\function.php 第 1936 行.
NOTIC: [8] Undefined index: router E:\phpStudy\WWW\shanren\Application\Common\Common\function.php 第 1936 行.
NOTIC: [8] Undefined index: router E:\phpStudy\WWW\shanren\Application\Common\Common\function.php 第 1936 行.
NOTIC: [8] Undefined index: router E:\phpStudy\WWW\shanren\Application\Common\Common\function.php 第 1936 行.
NOTIC: [8] Undefined index: router E:\phpStudy\WWW\shanren\Application\Common\Common\function.php 第 1936 行.
SQL: SHOW COLUMNS FROM `ocenter_config` [ RunTime:0.011000s ]
SQL: SELECT `type`,`name`,`value` FROM `ocenter_config` WHERE `status` = 1  [ RunTime:0.001000s ]
INFO: [ app_begin ] --START--
INFO: Run Behavior\ReadHtmlCacheBehavior [ RunTime:0.001000s ]
INFO: Run Behavior\CheckLangBehavior [ RunTime:0.014001s ]
INFO: [ app_begin ] --END-- [ RunTime:0.015001s ]
NOTIC: [8192] mysql_connect(): The mysql extension is deprecated and will be removed in the future: use mysqli or PDO instead E:\phpStudy\WWW\shanren\ThinkPHP\Library\Think\Session\Driver\Db.class.php 第 95 行.
SQL: SHOW COLUMNS FROM `ocenter_module` [ RunTime:0.010000s ]
SQL: SELECT `type`,`name`,`value` FROM `ocenter_config` WHERE `status` = 1  [ RunTime:0.001000s ]
SQL: SELECT * FROM `ocenter_module` WHERE `name` = 'Admin' LIMIT 1   [ RunTime:0.000000s ]
INFO: [ action_begin ] --START--
INFO: Run Common\Behavior\InitModuleInfoBehavior [ RunTime:0.001000s ]
INFO: [ action_begin ] --END-- [ RunTime:0.001000s ]
SQL: SELECT `type`,`name`,`value` FROM `ocenter_config` WHERE `status` = 1  [ RunTime:0.002000s ]
SQL: SELECT * FROM `ocenter_module` WHERE `name` = 'Admin' LIMIT 1   [ RunTime:0.001000s ]
INFO: [ action_begin ] --START--
INFO: Run Common\Behavior\InitModuleInfoBehavior [ RunTime:0.000000s ]
INFO: [ action_begin ] --END-- [ RunTime:-0.007001s ]
SQL: SHOW COLUMNS FROM `ocenter_version` [ RunTime:0.010001s ]
SQL: SHOW COLUMNS FROM `ocenter_anonymous` [ RunTime:0.021001s ]
SQL: SELECT * FROM `ocenter_anonymous` WHERE ( id>0 )  [ RunTime:0.000000s ]

[ 2017-04-12T13:50:32+08:00 ] ::1 /shanren/index.php?s=/admin/api/config.html
INFO: [ app_init ] --START--
INFO: Run Behavior\BuildLiteBehavior [ RunTime:0.000000s ]
INFO: Run Common\Behavior\InitHookBehavior [ RunTime:0.001000s ]
INFO: [ app_init ] --END-- [ RunTime:0.001000s ]
NOTIC: [8] Undefined index: router E:\phpStudy\WWW\shanren\Application\Common\Common\function.php 第 1936 行.
NOTIC: [8] Undefined index: router E:\phpStudy\WWW\shanren\Application\Common\Common\function.php 第 1936 行.
NOTIC: [8] Undefined index: router E:\phpStudy\WWW\shanren\Application\Common\Common\function.php 第 1936 行.
NOTIC: [8] Undefined index: router E:\phpStudy\WWW\shanren\Application\Common\Common\function.php 第 1936 行.
NOTIC: [8] Undefined index: router E:\phpStudy\WWW\shanren\Application\Common\Common\function.php 第 1936 行.
SQL: SHOW COLUMNS FROM `ocenter_config` [ RunTime:0.011001s ]
SQL: SELECT `type`,`name`,`value` FROM `ocenter_config` WHERE `status` = 1  [ RunTime:0.001000s ]
INFO: [ app_begin ] --START--
INFO: Run Behavior\ReadHtmlCacheBehavior [ RunTime:0.000000s ]
INFO: Run Behavior\CheckLangBehavior [ RunTime:0.014001s ]
INFO: [ app_begin ] --END-- [ RunTime:0.014001s ]
NOTIC: [8192] mysql_connect(): The mysql extension is deprecated and will be removed in the future: use mysqli or PDO instead E:\phpStudy\WWW\shanren\ThinkPHP\Library\Think\Session\Driver\Db.class.php 第 95 行.
SQL: SHOW COLUMNS FROM `ocenter_module` [ RunTime:0.010001s ]
SQL: SELECT `type`,`name`,`value` FROM `ocenter_config` WHERE `status` = 1  [ RunTime:0.000000s ]
SQL: SELECT * FROM `ocenter_module` WHERE `name` = 'Admin' LIMIT 1   [ RunTime:0.001000s ]
INFO: [ action_begin ] --START--
INFO: Run Common\Behavior\InitModuleInfoBehavior [ RunTime:0.000000s ]
INFO: [ action_begin ] --END-- [ RunTime:0.000000s ]
SQL: SELECT `type`,`name`,`value` FROM `ocenter_config` WHERE `status` = 1  [ RunTime:0.001000s ]
SQL: SELECT * FROM `ocenter_module` WHERE `name` = 'Admin' LIMIT 1   [ RunTime:0.000000s ]
INFO: [ action_begin ] --START--
INFO: Run Common\Behavior\InitModuleInfoBehavior [ RunTime:0.000000s ]
INFO: [ action_begin ] --END-- [ RunTime:-0.005000s ]
SQL: SHOW COLUMNS FROM `ocenter_version` [ RunTime:0.010000s ]
SQL: SHOW COLUMNS FROM `ocenter_anonymous` [ RunTime:0.010001s ]
SQL: SELECT * FROM `ocenter_anonymous` WHERE ( id>0 )  [ RunTime:0.001000s ]

[ 2017-04-12T13:50:32+08:00 ] ::1 /shanren/index.php?s=/admin/api/config.html
INFO: [ app_init ] --START--
INFO: Run Behavior\BuildLiteBehavior [ RunTime:0.000000s ]
INFO: Run Common\Behavior\InitHookBehavior [ RunTime:0.001000s ]
INFO: [ app_init ] --END-- [ RunTime:0.001000s ]
NOTIC: [8] Undefined index: router E:\phpStudy\WWW\shanren\Application\Common\Common\function.php 第 1936 行.
NOTIC: [8] Undefined index: router E:\phpStudy\WWW\shanren\Application\Common\Common\function.php 第 1936 行.
NOTIC: [8] Undefined index: router E:\phpStudy\WWW\shanren\Application\Common\Common\function.php 第 1936 行.
NOTIC: [8] Undefined index: router E:\phpStudy\WWW\shanren\Application\Common\Common\function.php 第 1936 行.
NOTIC: [8] Undefined index: router E:\phpStudy\WWW\shanren\Application\Common\Common\function.php 第 1936 行.
SQL: SHOW COLUMNS FROM `ocenter_config` [ RunTime:0.009000s ]
SQL: SELECT `type`,`name`,`value` FROM `ocenter_config` WHERE `status` = 1  [ RunTime:0.001000s ]
INFO: [ app_begin ] --START--
INFO: Run Behavior\ReadHtmlCacheBehavior [ RunTime:0.000000s ]
INFO: Run Behavior\CheckLangBehavior [ RunTime:0.012001s ]
INFO: [ app_begin ] --END-- [ RunTime:0.013001s ]
NOTIC: [8192] mysql_connect(): The mysql extension is deprecated and will be removed in the future: use mysqli or PDO instead E:\phpStudy\WWW\shanren\ThinkPHP\Library\Think\Session\Driver\Db.class.php 第 95 行.
SQL: SHOW COLUMNS FROM `ocenter_module` [ RunTime:0.012000s ]
SQL: SELECT `type`,`name`,`value` FROM `ocenter_config` WHERE `status` = 1  [ RunTime:0.001000s ]
SQL: SELECT * FROM `ocenter_module` WHERE `name` = 'Admin' LIMIT 1   [ RunTime:0.000000s ]
INFO: [ action_begin ] --START--
INFO: Run Common\Behavior\InitModuleInfoBehavior [ RunTime:0.001000s ]
INFO: [ action_begin ] --END-- [ RunTime:0.001000s ]
SQL: SELECT `type`,`name`,`value` FROM `ocenter_config` WHERE `status` = 1  [ RunTime:0.000000s ]
SQL: SELECT * FROM `ocenter_module` WHERE `name` = 'Admin' LIMIT 1   [ RunTime:0.000000s ]
INFO: [ action_begin ] --START--
INFO: Run Common\Behavior\InitModuleInfoBehavior [ RunTime:0.000000s ]
INFO: [ action_begin ] --END-- [ RunTime:-0.005000s ]
SQL: SHOW COLUMNS FROM `ocenter_version` [ RunTime:0.012001s ]
SQL: SHOW COLUMNS FROM `ocenter_anonymous` [ RunTime:0.013000s ]
SQL: SELECT * FROM `ocenter_anonymous` WHERE ( id>0 )  [ RunTime:0.001001s ]

[ 2017-04-12T13:50:32+08:00 ] ::1 /shanren/index.php?s=/admin/api/config.html
INFO: [ app_init ] --START--
INFO: Run Behavior\BuildLiteBehavior [ RunTime:0.000000s ]
INFO: Run Common\Behavior\InitHookBehavior [ RunTime:0.003000s ]
INFO: [ app_init ] --END-- [ RunTime:0.003000s ]
NOTIC: [8] Undefined index: router E:\phpStudy\WWW\shanren\Application\Common\Common\function.php 第 1936 行.
NOTIC: [8] Undefined index: router E:\phpStudy\WWW\shanren\Application\Common\Common\function.php 第 1936 行.
NOTIC: [8] Undefined index: router E:\phpStudy\WWW\shanren\Application\Common\Common\function.php 第 1936 行.
NOTIC: [8] Undefined index: router E:\phpStudy\WWW\shanren\Application\Common\Common\function.php 第 1936 行.
NOTIC: [8] Undefined index: router E:\phpStudy\WWW\shanren\Application\Common\Common\function.php 第 1936 行.
SQL: SHOW COLUMNS FROM `ocenter_config` [ RunTime:0.009001s ]
SQL: SELECT `type`,`name`,`value` FROM `ocenter_config` WHERE `status` = 1  [ RunTime:0.001000s ]
INFO: [ app_begin ] --START--
INFO: Run Behavior\ReadHtmlCacheBehavior [ RunTime:0.001000s ]
INFO: Run Behavior\CheckLangBehavior [ RunTime:0.013001s ]
INFO: [ app_begin ] --END-- [ RunTime:0.014001s ]
NOTIC: [8192] mysql_connect(): The mysql extension is deprecated and will be removed in the future: use mysqli or PDO instead E:\phpStudy\WWW\shanren\ThinkPHP\Library\Think\Session\Driver\Db.class.php 第 95 行.
SQL: SHOW COLUMNS FROM `ocenter_module` [ RunTime:0.011001s ]
SQL: SELECT `type`,`name`,`value` FROM `ocenter_config` WHERE `status` = 1  [ RunTime:0.001000s ]
SQL: SELECT * FROM `ocenter_module` WHERE `name` = 'Admin' LIMIT 1   [ RunTime:0.001000s ]
INFO: [ action_begin ] --START--
INFO: Run Common\Behavior\InitModuleInfoBehavior [ RunTime:0.000000s ]
INFO: [ action_begin ] --END-- [ RunTime:0.000000s ]
SQL: SELECT `type`,`name`,`value` FROM `ocenter_config` WHERE `status` = 1  [ RunTime:0.001000s ]
SQL: SELECT * FROM `ocenter_module` WHERE `name` = 'Admin' LIMIT 1   [ RunTime:0.000000s ]
INFO: [ action_begin ] --START--
INFO: Run Common\Behavior\InitModuleInfoBehavior [ RunTime:0.000000s ]
INFO: [ action_begin ] --END-- [ RunTime:-0.005001s ]
SQL: SHOW COLUMNS FROM `ocenter_version` [ RunTime:0.011000s ]
SQL: SHOW COLUMNS FROM `ocenter_anonymous` [ RunTime:0.009001s ]
SQL: SELECT * FROM `ocenter_anonymous` WHERE ( id>0 )  [ RunTime:0.000000s ]

[ 2017-04-12T13:50:32+08:00 ] ::1 /shanren/index.php?s=/admin/api/config.html
INFO: [ app_init ] --START--
INFO: Run Behavior\BuildLiteBehavior [ RunTime:0.000000s ]
INFO: Run Common\Behavior\InitHookBehavior [ RunTime:0.003001s ]
INFO: [ app_init ] --END-- [ RunTime:0.003001s ]
NOTIC: [8] Undefined index: router E:\phpStudy\WWW\shanren\Application\Common\Common\function.php 第 1936 行.
NOTIC: [8] Undefined index: router E:\phpStudy\WWW\shanren\Application\Common\Common\function.php 第 1936 行.
NOTIC: [8] Undefined index: router E:\phpStudy\WWW\shanren\Application\Common\Common\function.php 第 1936 行.
NOTIC: [8] Undefined index: router E:\phpStudy\WWW\shanren\Application\Common\Common\function.php 第 1936 行.
NOTIC: [8] Undefined index: router E:\phpStudy\WWW\shanren\Application\Common\Common\function.php 第 1936 行.
SQL: SHOW COLUMNS FROM `ocenter_config` [ RunTime:0.009000s ]
SQL: SELECT `type`,`name`,`value` FROM `ocenter_config` WHERE `status` = 1  [ RunTime:0.001000s ]
INFO: [ app_begin ] --START--
INFO: Run Behavior\ReadHtmlCacheBehavior [ RunTime:0.001000s ]
INFO: Run Behavior\CheckLangBehavior [ RunTime:0.012000s ]
INFO: [ app_begin ] --END-- [ RunTime:0.013000s ]
NOTIC: [8192] mysql_connect(): The mysql extension is deprecated and will be removed in the future: use mysqli or PDO instead E:\phpStudy\WWW\shanren\ThinkPHP\Library\Think\Session\Driver\Db.class.php 第 95 行.
SQL: SHOW COLUMNS FROM `ocenter_module` [ RunTime:0.010000s ]
SQL: SELECT `type`,`name`,`value` FROM `ocenter_config` WHERE `status` = 1  [ RunTime:0.002001s ]
SQL: SELECT * FROM `ocenter_module` WHERE `name` = 'Admin' LIMIT 1   [ RunTime:0.001000s ]
INFO: [ action_begin ] --START--
INFO: Run Common\Behavior\InitModuleInfoBehavior [ RunTime:0.000000s ]
INFO: [ action_begin ] --END-- [ RunTime:0.000000s ]
SQL: SELECT `type`,`name`,`value` FROM `ocenter_config` WHERE `status` = 1  [ RunTime:0.001000s ]
SQL: SELECT * FROM `ocenter_module` WHERE `name` = 'Admin' LIMIT 1   [ RunTime:0.001000s ]
INFO: [ action_begin ] --START--
INFO: Run Common\Behavior\InitModuleInfoBehavior [ RunTime:0.000000s ]
INFO: [ action_begin ] --END-- [ RunTime:-0.005000s ]
SQL: SHOW COLUMNS FROM `ocenter_version` [ RunTime:0.012001s ]
SQL: SHOW COLUMNS FROM `ocenter_anonymous` [ RunTime:0.010000s ]
SQL: SELECT * FROM `ocenter_anonymous` WHERE ( id>0 )  [ RunTime:0.002000s ]

[ 2017-04-12T13:50:33+08:00 ] ::1 /shanren/index.php?s=/admin/api/config.html
INFO: [ app_init ] --START--
INFO: Run Behavior\BuildLiteBehavior [ RunTime:0.000000s ]
INFO: Run Common\Behavior\InitHookBehavior [ RunTime:0.002000s ]
INFO: [ app_init ] --END-- [ RunTime:0.002000s ]
NOTIC: [8] Undefined index: router E:\phpStudy\WWW\shanren\Application\Common\Common\function.php 第 1936 行.
NOTIC: [8] Undefined index: router E:\phpStudy\WWW\shanren\Application\Common\Common\function.php 第 1936 行.
NOTIC: [8] Undefined index: router E:\phpStudy\WWW\shanren\Application\Common\Common\function.php 第 1936 行.
NOTIC: [8] Undefined index: router E:\phpStudy\WWW\shanren\Application\Common\Common\function.php 第 1936 行.
NOTIC: [8] Undefined index: router E:\phpStudy\WWW\shanren\Application\Common\Common\function.php 第 1936 行.
SQL: SHOW COLUMNS FROM `ocenter_config` [ RunTime:0.010000s ]
SQL: SELECT `type`,`name`,`value` FROM `ocenter_config` WHERE `status` = 1  [ RunTime:0.001000s ]
INFO: [ app_begin ] --START--
INFO: Run Behavior\ReadHtmlCacheBehavior [ RunTime:0.000000s ]
INFO: Run Behavior\CheckLangBehavior [ RunTime:0.014000s ]
INFO: [ app_begin ] --END-- [ RunTime:0.014000s ]
NOTIC: [8192] mysql_connect(): The mysql extension is deprecated and will be removed in the future: use mysqli or PDO instead E:\phpStudy\WWW\shanren\ThinkPHP\Library\Think\Session\Driver\Db.class.php 第 95 行.
SQL: SHOW COLUMNS FROM `ocenter_module` [ RunTime:0.010000s ]
SQL: SELECT `type`,`name`,`value` FROM `ocenter_config` WHERE `status` = 1  [ RunTime:0.001000s ]
SQL: SELECT * FROM `ocenter_module` WHERE `name` = 'Admin' LIMIT 1   [ RunTime:0.000000s ]
INFO: [ action_begin ] --START--
INFO: Run Common\Behavior\InitModuleInfoBehavior [ RunTime:0.001000s ]
INFO: [ action_begin ] --END-- [ RunTime:0.001000s ]
SQL: SELECT `type`,`name`,`value` FROM `ocenter_config` WHERE `status` = 1  [ RunTime:0.001000s ]
SQL: SELECT * FROM `ocenter_module` WHERE `name` = 'Admin' LIMIT 1   [ RunTime:0.001000s ]
INFO: [ action_begin ] --START--
INFO: Run Common\Behavior\InitModuleInfoBehavior [ RunTime:0.000000s ]
INFO: [ action_begin ] --END-- [ RunTime:-0.005001s ]
SQL: SHOW COLUMNS FROM `ocenter_version` [ RunTime:0.010001s ]
SQL: SHOW COLUMNS FROM `ocenter_anonymous` [ RunTime:0.011000s ]
SQL: SELECT * FROM `ocenter_anonymous` WHERE ( id>0 )  [ RunTime:0.001000s ]

[ 2017-04-12T13:50:33+08:00 ] ::1 /shanren/index.php?s=/admin/api/config.html
INFO: [ app_init ] --START--
INFO: Run Behavior\BuildLiteBehavior [ RunTime:0.000000s ]
INFO: Run Common\Behavior\InitHookBehavior [ RunTime:0.002000s ]
INFO: [ app_init ] --END-- [ RunTime:0.002000s ]
NOTIC: [8] Undefined index: router E:\phpStudy\WWW\shanren\Application\Common\Common\function.php 第 1936 行.
NOTIC: [8] Undefined index: router E:\phpStudy\WWW\shanren\Application\Common\Common\function.php 第 1936 行.
NOTIC: [8] Undefined index: router E:\phpStudy\WWW\shanren\Application\Common\Common\function.php 第 1936 行.
NOTIC: [8] Undefined index: router E:\phpStudy\WWW\shanren\Application\Common\Common\function.php 第 1936 行.
NOTIC: [8] Undefined index: router E:\phpStudy\WWW\shanren\Application\Common\Common\function.php 第 1936 行.
SQL: SHOW COLUMNS FROM `ocenter_config` [ RunTime:0.009000s ]
SQL: SELECT `type`,`name`,`value` FROM `ocenter_config` WHERE `status` = 1  [ RunTime:0.001001s ]
INFO: [ app_begin ] --START--
INFO: Run Behavior\ReadHtmlCacheBehavior [ RunTime:0.000000s ]
INFO: Run Behavior\CheckLangBehavior [ RunTime:0.015001s ]
INFO: [ app_begin ] --END-- [ RunTime:0.015001s ]
NOTIC: [8192] mysql_connect(): The mysql extension is deprecated and will be removed in the future: use mysqli or PDO instead E:\phpStudy\WWW\shanren\ThinkPHP\Library\Think\Session\Driver\Db.class.php 第 95 行.
SQL: SHOW COLUMNS FROM `ocenter_module` [ RunTime:0.010001s ]
SQL: SELECT `type`,`name`,`value` FROM `ocenter_config` WHERE `status` = 1  [ RunTime:0.001000s ]
SQL: SELECT * FROM `ocenter_module` WHERE `name` = 'Admin' LIMIT 1   [ RunTime:0.000000s ]
INFO: [ action_begin ] --START--
INFO: Run Common\Behavior\InitModuleInfoBehavior [ RunTime:0.001000s ]
INFO: [ action_begin ] --END-- [ RunTime:0.001000s ]
SQL: SELECT `type`,`name`,`value` FROM `ocenter_config` WHERE `status` = 1  [ RunTime:0.001000s ]
SQL: SELECT * FROM `ocenter_module` WHERE `name` = 'Admin' LIMIT 1   [ RunTime:0.001000s ]
INFO: [ action_begin ] --START--
INFO: Run Common\Behavior\InitModuleInfoBehavior [ RunTime:0.000000s ]
INFO: [ action_begin ] --END-- [ RunTime:-0.005000s ]
SQL: SHOW COLUMNS FROM `ocenter_version` [ RunTime:0.011001s ]
SQL: SHOW COLUMNS FROM `ocenter_anonymous` [ RunTime:0.011001s ]
SQL: SELECT * FROM `ocenter_anonymous` WHERE ( id>0 )  [ RunTime:0.001000s ]

[ 2017-04-12T13:50:33+08:00 ] ::1 /shanren/index.php?s=/admin/api/config.html
INFO: [ app_init ] --START--
INFO: Run Behavior\BuildLiteBehavior [ RunTime:0.000000s ]
INFO: Run Common\Behavior\InitHookBehavior [ RunTime:0.002000s ]
INFO: [ app_init ] --END-- [ RunTime:0.002000s ]
NOTIC: [8] Undefined index: router E:\phpStudy\WWW\shanren\Application\Common\Common\function.php 第 1936 行.
NOTIC: [8] Undefined index: router E:\phpStudy\WWW\shanren\Application\Common\Common\function.php 第 1936 行.
NOTIC: [8] Undefined index: router E:\phpStudy\WWW\shanren\Application\Common\Common\function.php 第 1936 行.
NOTIC: [8] Undefined index: router E:\phpStudy\WWW\shanren\Application\Common\Common\function.php 第 1936 行.
NOTIC: [8] Undefined index: router E:\phpStudy\WWW\shanren\Application\Common\Common\function.php 第 1936 行.
SQL: SHOW COLUMNS FROM `ocenter_config` [ RunTime:0.009001s ]
SQL: SELECT `type`,`name`,`value` FROM `ocenter_config` WHERE `status` = 1  [ RunTime:0.002000s ]
INFO: [ app_begin ] --START--
INFO: Run Behavior\ReadHtmlCacheBehavior [ RunTime:0.000000s ]
INFO: Run Behavior\CheckLangBehavior [ RunTime:0.016001s ]
INFO: [ app_begin ] --END-- [ RunTime:0.016001s ]
NOTIC: [8192] mysql_connect(): The mysql extension is deprecated and will be removed in the future: use mysqli or PDO instead E:\phpStudy\WWW\shanren\ThinkPHP\Library\Think\Session\Driver\Db.class.php 第 95 行.
SQL: SHOW COLUMNS FROM `ocenter_module` [ RunTime:0.012001s ]
SQL: SELECT `type`,`name`,`value` FROM `ocenter_config` WHERE `status` = 1  [ RunTime:0.001000s ]
SQL: SELECT * FROM `ocenter_module` WHERE `name` = 'Admin' LIMIT 1   [ RunTime:0.001000s ]
INFO: [ action_begin ] --START--
INFO: Run Common\Behavior\InitModuleInfoBehavior [ RunTime:0.000000s ]
INFO: [ action_begin ] --END-- [ RunTime:0.000000s ]
SQL: SELECT `type`,`name`,`value` FROM `ocenter_config` WHERE `status` = 1  [ RunTime:0.002000s ]
SQL: SELECT * FROM `ocenter_module` WHERE `name` = 'Admin' LIMIT 1   [ RunTime:0.001000s ]
INFO: [ action_begin ] --START--
INFO: Run Common\Behavior\InitModuleInfoBehavior [ RunTime:0.000000s ]
INFO: [ action_begin ] --END-- [ RunTime:-0.006001s ]
SQL: SHOW COLUMNS FROM `ocenter_version` [ RunTime:0.011001s ]
SQL: SHOW COLUMNS FROM `ocenter_anonymous` [ RunTime:0.010000s ]
SQL: SELECT * FROM `ocenter_anonymous` WHERE ( id>0 )  [ RunTime:0.001000s ]

[ 2017-04-12T13:50:33+08:00 ] ::1 /shanren/index.php?s=/admin/api/config.html
INFO: [ app_init ] --START--
INFO: Run Behavior\BuildLiteBehavior [ RunTime:0.000000s ]
INFO: Run Common\Behavior\InitHookBehavior [ RunTime:0.002000s ]
INFO: [ app_init ] --END-- [ RunTime:0.002000s ]
NOTIC: [8] Undefined index: router E:\phpStudy\WWW\shanren\Application\Common\Common\function.php 第 1936 行.
NOTIC: [8] Undefined index: router E:\phpStudy\WWW\shanren\Application\Common\Common\function.php 第 1936 行.
NOTIC: [8] Undefined index: router E:\phpStudy\WWW\shanren\Application\Common\Common\function.php 第 1936 行.
NOTIC: [8] Undefined index: router E:\phpStudy\WWW\shanren\Application\Common\Common\function.php 第 1936 行.
NOTIC: [8] Undefined index: router E:\phpStudy\WWW\shanren\Application\Common\Common\function.php 第 1936 行.
SQL: SHOW COLUMNS FROM `ocenter_config` [ RunTime:0.008000s ]
SQL: SELECT `type`,`name`,`value` FROM `ocenter_config` WHERE `status` = 1  [ RunTime:0.002001s ]
INFO: [ app_begin ] --START--
INFO: Run Behavior\ReadHtmlCacheBehavior [ RunTime:0.000000s ]
INFO: Run Behavior\CheckLangBehavior [ RunTime:0.014001s ]
INFO: [ app_begin ] --END-- [ RunTime:0.014001s ]
NOTIC: [8192] mysql_connect(): The mysql extension is deprecated and will be removed in the future: use mysqli or PDO instead E:\phpStudy\WWW\shanren\ThinkPHP\Library\Think\Session\Driver\Db.class.php 第 95 行.
SQL: SHOW COLUMNS FROM `ocenter_module` [ RunTime:0.011001s ]
SQL: SELECT `type`,`name`,`value` FROM `ocenter_config` WHERE `status` = 1  [ RunTime:0.001000s ]
SQL: SELECT * FROM `ocenter_module` WHERE `name` = 'Admin' LIMIT 1   [ RunTime:0.000000s ]
INFO: [ action_begin ] --START--
INFO: Run Common\Behavior\InitModuleInfoBehavior [ RunTime:0.001000s ]
INFO: [ action_begin ] --END-- [ RunTime:0.001000s ]
SQL: SELECT `type`,`name`,`value` FROM `ocenter_config` WHERE `status` = 1  [ RunTime:0.002000s ]
SQL: SELECT * FROM `ocenter_module` WHERE `name` = 'Admin' LIMIT 1   [ RunTime:0.001000s ]
INFO: [ action_begin ] --START--
INFO: Run Common\Behavior\InitModuleInfoBehavior [ RunTime:0.000000s ]
INFO: [ action_begin ] --END-- [ RunTime:-0.006000s ]
SQL: SHOW COLUMNS FROM `ocenter_version` [ RunTime:0.010000s ]
SQL: SHOW COLUMNS FROM `ocenter_anonymous` [ RunTime:0.010001s ]
SQL: SELECT * FROM `ocenter_anonymous` WHERE ( id>0 )  [ RunTime:0.001000s ]
NOTIC: [8] Undefined offset: 10 E:\phpStudy\WWW\shanren\Application\Api\Controller\ApiController.class.php 第 22 行.
SQL: SELECT * FROM `ocenter_anonymous` WHERE ( id>0 )  [ RunTime:0.001000s ]

[ 2017-04-12T13:50:33+08:00 ] ::1 /shanren/index.php?s=/admin/api/config.html
INFO: [ app_init ] --START--
INFO: Run Behavior\BuildLiteBehavior [ RunTime:0.000000s ]
INFO: Run Common\Behavior\InitHookBehavior [ RunTime:0.003000s ]
INFO: [ app_init ] --END-- [ RunTime:0.003000s ]
NOTIC: [8] Undefined index: router E:\phpStudy\WWW\shanren\Application\Common\Common\function.php 第 1936 行.
NOTIC: [8] Undefined index: router E:\phpStudy\WWW\shanren\Application\Common\Common\function.php 第 1936 行.
NOTIC: [8] Undefined index: router E:\phpStudy\WWW\shanren\Application\Common\Common\function.php 第 1936 行.
NOTIC: [8] Undefined index: router E:\phpStudy\WWW\shanren\Application\Common\Common\function.php 第 1936 行.
NOTIC: [8] Undefined index: router E:\phpStudy\WWW\shanren\Application\Common\Common\function.php 第 1936 行.
SQL: SHOW COLUMNS FROM `ocenter_config` [ RunTime:0.009001s ]
SQL: SELECT `type`,`name`,`value` FROM `ocenter_config` WHERE `status` = 1  [ RunTime:0.000000s ]
INFO: [ app_begin ] --START--
INFO: Run Behavior\ReadHtmlCacheBehavior [ RunTime:0.000000s ]
INFO: Run Behavior\CheckLangBehavior [ RunTime:0.013001s ]
INFO: [ app_begin ] --END-- [ RunTime:0.014001s ]
NOTIC: [8192] mysql_connect(): The mysql extension is deprecated and will be removed in the future: use mysqli or PDO instead E:\phpStudy\WWW\shanren\ThinkPHP\Library\Think\Session\Driver\Db.class.php 第 95 行.
SQL: SHOW COLUMNS FROM `ocenter_module` [ RunTime:0.009001s ]
SQL: SELECT `type`,`name`,`value` FROM `ocenter_config` WHERE `status` = 1  [ RunTime:0.001000s ]
SQL: SELECT * FROM `ocenter_module` WHERE `name` = 'Admin' LIMIT 1   [ RunTime:0.001000s ]
INFO: [ action_begin ] --START--
INFO: Run Common\Behavior\InitModuleInfoBehavior [ RunTime:0.001000s ]
INFO: [ action_begin ] --END-- [ RunTime:0.001000s ]
SQL: SELECT `type`,`name`,`value` FROM `ocenter_config` WHERE `status` = 1  [ RunTime:0.001000s ]
SQL: SELECT * FROM `ocenter_module` WHERE `name` = 'Admin' LIMIT 1   [ RunTime:0.000000s ]
INFO: [ action_begin ] --START--
INFO: Run Common\Behavior\InitModuleInfoBehavior [ RunTime:0.000000s ]
INFO: [ action_begin ] --END-- [ RunTime:-0.005000s ]
SQL: SHOW COLUMNS FROM `ocenter_version` [ RunTime:0.011000s ]
SQL: SHOW COLUMNS FROM `ocenter_anonymous` [ RunTime:0.010001s ]
SQL: SELECT * FROM `ocenter_anonymous` WHERE ( id>0 )  [ RunTime:0.001000s ]

[ 2017-04-12T13:50:33+08:00 ] ::1 /shanren/index.php?s=/admin/api/config.html
INFO: [ app_init ] --START--
INFO: Run Behavior\BuildLiteBehavior [ RunTime:0.000000s ]
INFO: Run Common\Behavior\InitHookBehavior [ RunTime:0.001000s ]
INFO: [ app_init ] --END-- [ RunTime:0.002001s ]
NOTIC: [8] Undefined index: router E:\phpStudy\WWW\shanren\Application\Common\Common\function.php 第 1936 行.
NOTIC: [8] Undefined index: router E:\phpStudy\WWW\shanren\Application\Common\Common\function.php 第 1936 行.
NOTIC: [8] Undefined index: router E:\phpStudy\WWW\shanren\Application\Common\Common\function.php 第 1936 行.
NOTIC: [8] Undefined index: router E:\phpStudy\WWW\shanren\Application\Common\Common\function.php 第 1936 行.
NOTIC: [8] Undefined index: router E:\phpStudy\WWW\shanren\Application\Common\Common\function.php 第 1936 行.
SQL: SHOW COLUMNS FROM `ocenter_config` [ RunTime:0.009000s ]
SQL: SELECT `type`,`name`,`value` FROM `ocenter_config` WHERE `status` = 1  [ RunTime:0.001000s ]
INFO: [ app_begin ] --START--
INFO: Run Behavior\ReadHtmlCacheBehavior [ RunTime:0.001000s ]
INFO: Run Behavior\CheckLangBehavior [ RunTime:0.014001s ]
INFO: [ app_begin ] --END-- [ RunTime:0.015001s ]
NOTIC: [8192] mysql_connect(): The mysql extension is deprecated and will be removed in the future: use mysqli or PDO instead E:\phpStudy\WWW\shanren\ThinkPHP\Library\Think\Session\Driver\Db.class.php 第 95 行.
SQL: SHOW COLUMNS FROM `ocenter_module` [ RunTime:0.010000s ]
SQL: SELECT `type`,`name`,`value` FROM `ocenter_config` WHERE `status` = 1  [ RunTime:0.001000s ]
SQL: SELECT * FROM `ocenter_module` WHERE `name` = 'Admin' LIMIT 1   [ RunTime:0.000000s ]
INFO: [ action_begin ] --START--
INFO: Run Common\Behavior\InitModuleInfoBehavior [ RunTime:0.001000s ]
INFO: [ action_begin ] --END-- [ RunTime:0.001000s ]
SQL: SELECT `type`,`name`,`value` FROM `ocenter_config` WHERE `status` = 1  [ RunTime:0.001000s ]
SQL: SELECT * FROM `ocenter_module` WHERE `name` = 'Admin' LIMIT 1   [ RunTime:0.001000s ]
INFO: [ action_begin ] --START--
INFO: Run Common\Behavior\InitModuleInfoBehavior [ RunTime:0.000000s ]
INFO: [ action_begin ] --END-- [ RunTime:-0.006001s ]
SQL: SHOW COLUMNS FROM `ocenter_version` [ RunTime:0.009000s ]
SQL: SHOW COLUMNS FROM `ocenter_anonymous` [ RunTime:0.009000s ]
SQL: SELECT * FROM `ocenter_anonymous` WHERE ( id>0 )  [ RunTime:0.001000s ]
NOTIC: [8] Undefined offset: 10 E:\phpStudy\WWW\shanren\Application\Api\Controller\ApiController.class.php 第 22 行.
SQL: SELECT * FROM `ocenter_anonymous` WHERE ( id>0 )  [ RunTime:0.000000s ]

[ 2017-04-12T13:50:34+08:00 ] ::1 /shanren/index.php?s=/admin/api/config.html
INFO: [ app_init ] --START--
INFO: Run Behavior\BuildLiteBehavior [ RunTime:0.000000s ]
INFO: Run Common\Behavior\InitHookBehavior [ RunTime:0.002000s ]
INFO: [ app_init ] --END-- [ RunTime:0.002000s ]
NOTIC: [8] Undefined index: router E:\phpStudy\WWW\shanren\Application\Common\Common\function.php 第 1936 行.
NOTIC: [8] Undefined index: router E:\phpStudy\WWW\shanren\Application\Common\Common\function.php 第 1936 行.
NOTIC: [8] Undefined index: router E:\phpStudy\WWW\shanren\Application\Common\Common\function.php 第 1936 行.
NOTIC: [8] Undefined index: router E:\phpStudy\WWW\shanren\Application\Common\Common\function.php 第 1936 行.
NOTIC: [8] Undefined index: router E:\phpStudy\WWW\shanren\Application\Common\Common\function.php 第 1936 行.
SQL: SHOW COLUMNS FROM `ocenter_config` [ RunTime:0.011001s ]
SQL: SELECT `type`,`name`,`value` FROM `ocenter_config` WHERE `status` = 1  [ RunTime:0.001000s ]
INFO: [ app_begin ] --START--
INFO: Run Behavior\ReadHtmlCacheBehavior [ RunTime:0.001000s ]
INFO: Run Behavior\CheckLangBehavior [ RunTime:0.013001s ]
INFO: [ app_begin ] --END-- [ RunTime:0.014001s ]
NOTIC: [8192] mysql_connect(): The mysql extension is deprecated and will be removed in the future: use mysqli or PDO instead E:\phpStudy\WWW\shanren\ThinkPHP\Library\Think\Session\Driver\Db.class.php 第 95 行.
SQL: SHOW COLUMNS FROM `ocenter_module` [ RunTime:0.010001s ]
SQL: SELECT `type`,`name`,`value` FROM `ocenter_config` WHERE `status` = 1  [ RunTime:0.002000s ]
SQL: SELECT * FROM `ocenter_module` WHERE `name` = 'Admin' LIMIT 1   [ RunTime:0.001000s ]
INFO: [ action_begin ] --START--
INFO: Run Common\Behavior\InitModuleInfoBehavior [ RunTime:0.001000s ]
INFO: [ action_begin ] --END-- [ RunTime:0.001000s ]
SQL: SELECT `type`,`name`,`value` FROM `ocenter_config` WHERE `status` = 1  [ RunTime:0.001000s ]
SQL: SELECT * FROM `ocenter_module` WHERE `name` = 'Admin' LIMIT 1   [ RunTime:0.000000s ]
INFO: [ action_begin ] --START--
INFO: Run Common\Behavior\InitModuleInfoBehavior [ RunTime:0.000000s ]
INFO: [ action_begin ] --END-- [ RunTime:-0.005001s ]
SQL: SHOW COLUMNS FROM `ocenter_version` [ RunTime:0.012001s ]
SQL: SHOW COLUMNS FROM `ocenter_anonymous` [ RunTime:0.011000s ]
SQL: SELECT * FROM `ocenter_anonymous` WHERE ( id>0 )  [ RunTime:0.001000s ]

[ 2017-04-12T13:50:34+08:00 ] ::1 /shanren/index.php?s=/admin/api/config.html
INFO: [ app_init ] --START--
INFO: Run Behavior\BuildLiteBehavior [ RunTime:0.000000s ]
INFO: Run Common\Behavior\InitHookBehavior [ RunTime:0.003000s ]
INFO: [ app_init ] --END-- [ RunTime:0.003000s ]
NOTIC: [8] Undefined index: router E:\phpStudy\WWW\shanren\Application\Common\Common\function.php 第 1936 行.
NOTIC: [8] Undefined index: router E:\phpStudy\WWW\shanren\Application\Common\Common\function.php 第 1936 行.
NOTIC: [8] Undefined index: router E:\phpStudy\WWW\shanren\Application\Common\Common\function.php 第 1936 行.
NOTIC: [8] Undefined index: router E:\phpStudy\WWW\shanren\Application\Common\Common\function.php 第 1936 行.
NOTIC: [8] Undefined index: router E:\phpStudy\WWW\shanren\Application\Common\Common\function.php 第 1936 行.
SQL: SHOW COLUMNS FROM `ocenter_config` [ RunTime:0.011001s ]
SQL: SELECT `type`,`name`,`value` FROM `ocenter_config` WHERE `status` = 1  [ RunTime:0.001000s ]
INFO: [ app_begin ] --START--
INFO: Run Behavior\ReadHtmlCacheBehavior [ RunTime:0.001000s ]
INFO: Run Behavior\CheckLangBehavior [ RunTime:0.012001s ]
INFO: [ app_begin ] --END-- [ RunTime:0.014001s ]
NOTIC: [8192] mysql_connect(): The mysql extension is deprecated and will be removed in the future: use mysqli or PDO instead E:\phpStudy\WWW\shanren\ThinkPHP\Library\Think\Session\Driver\Db.class.php 第 95 行.
SQL: SHOW COLUMNS FROM `ocenter_module` [ RunTime:0.010001s ]
SQL: SELECT `type`,`name`,`value` FROM `ocenter_config` WHERE `status` = 1  [ RunTime:0.001000s ]
SQL: SELECT * FROM `ocenter_module` WHERE `name` = 'Admin' LIMIT 1   [ RunTime:0.000000s ]
INFO: [ action_begin ] --START--
INFO: Run Common\Behavior\InitModuleInfoBehavior [ RunTime:0.000000s ]
INFO: [ action_begin ] --END-- [ RunTime:0.001000s ]
SQL: SELECT `type`,`name`,`value` FROM `ocenter_config` WHERE `status` = 1  [ RunTime:0.001000s ]
SQL: SELECT * FROM `ocenter_module` WHERE `name` = 'Admin' LIMIT 1   [ RunTime:0.001000s ]
INFO: [ action_begin ] --START--
INFO: Run Common\Behavior\InitModuleInfoBehavior [ RunTime:0.000000s ]
INFO: [ action_begin ] --END-- [ RunTime:-0.005000s ]
SQL: SHOW COLUMNS FROM `ocenter_version` [ RunTime:0.011001s ]
SQL: SHOW COLUMNS FROM `ocenter_anonymous` [ RunTime:0.010001s ]
SQL: SELECT * FROM `ocenter_anonymous` WHERE ( id>0 )  [ RunTime:0.001000s ]

[ 2017-04-12T13:50:34+08:00 ] ::1 /shanren/index.php?s=/admin/api/config.html
INFO: [ app_init ] --START--
INFO: Run Behavior\BuildLiteBehavior [ RunTime:0.000000s ]
INFO: Run Common\Behavior\InitHookBehavior [ RunTime:0.002000s ]
INFO: [ app_init ] --END-- [ RunTime:0.002000s ]
NOTIC: [8] Undefined index: router E:\phpStudy\WWW\shanren\Application\Common\Common\function.php 第 1936 行.
NOTIC: [8] Undefined index: router E:\phpStudy\WWW\shanren\Application\Common\Common\function.php 第 1936 行.
NOTIC: [8] Undefined index: router E:\phpStudy\WWW\shanren\Application\Common\Common\function.php 第 1936 行.
NOTIC: [8] Undefined index: router E:\phpStudy\WWW\shanren\Application\Common\Common\function.php 第 1936 行.
NOTIC: [8] Undefined index: router E:\phpStudy\WWW\shanren\Application\Common\Common\function.php 第 1936 行.
SQL: SHOW COLUMNS FROM `ocenter_config` [ RunTime:0.009001s ]
SQL: SELECT `type`,`name`,`value` FROM `ocenter_config` WHERE `status` = 1  [ RunTime:0.001000s ]
INFO: [ app_begin ] --START--
INFO: Run Behavior\ReadHtmlCacheBehavior [ RunTime:0.001000s ]
INFO: Run Behavior\CheckLangBehavior [ RunTime:0.013001s ]
INFO: [ app_begin ] --END-- [ RunTime:0.014001s ]
NOTIC: [8192] mysql_connect(): The mysql extension is deprecated and will be removed in the future: use mysqli or PDO instead E:\phpStudy\WWW\shanren\ThinkPHP\Library\Think\Session\Driver\Db.class.php 第 95 行.
SQL: SHOW COLUMNS FROM `ocenter_module` [ RunTime:0.010001s ]
SQL: SELECT `type`,`name`,`value` FROM `ocenter_config` WHERE `status` = 1  [ RunTime:0.001000s ]
SQL: SELECT * FROM `ocenter_module` WHERE `name` = 'Admin' LIMIT 1   [ RunTime:0.000000s ]
INFO: [ action_begin ] --START--
INFO: Run Common\Behavior\InitModuleInfoBehavior [ RunTime:0.000000s ]
INFO: [ action_begin ] --END-- [ RunTime:0.000000s ]
SQL: SELECT `type`,`name`,`value` FROM `ocenter_config` WHERE `status` = 1  [ RunTime:0.002000s ]
SQL: SELECT * FROM `ocenter_module` WHERE `name` = 'Admin' LIMIT 1   [ RunTime:0.000000s ]
INFO: [ action_begin ] --START--
INFO: Run Common\Behavior\InitModuleInfoBehavior [ RunTime:0.000000s ]
INFO: [ action_begin ] --END-- [ RunTime:-0.006000s ]
SQL: SHOW COLUMNS FROM `ocenter_version` [ RunTime:0.009001s ]
SQL: SHOW COLUMNS FROM `ocenter_anonymous` [ RunTime:0.011001s ]
SQL: SELECT * FROM `ocenter_anonymous` WHERE ( id>0 )  [ RunTime:0.000000s ]

[ 2017-04-12T13:50:34+08:00 ] ::1 /shanren/index.php?s=/admin/api/config.html
INFO: [ app_init ] --START--
INFO: Run Behavior\BuildLiteBehavior [ RunTime:0.000000s ]
INFO: Run Common\Behavior\InitHookBehavior [ RunTime:0.003000s ]
INFO: [ app_init ] --END-- [ RunTime:0.003000s ]
NOTIC: [8] Undefined index: router E:\phpStudy\WWW\shanren\Application\Common\Common\function.php 第 1936 行.
NOTIC: [8] Undefined index: router E:\phpStudy\WWW\shanren\Application\Common\Common\function.php 第 1936 行.
NOTIC: [8] Undefined index: router E:\phpStudy\WWW\shanren\Application\Common\Common\function.php 第 1936 行.
NOTIC: [8] Undefined index: router E:\phpStudy\WWW\shanren\Application\Common\Common\function.php 第 1936 行.
NOTIC: [8] Undefined index: router E:\phpStudy\WWW\shanren\Application\Common\Common\function.php 第 1936 行.
SQL: SHOW COLUMNS FROM `ocenter_config` [ RunTime:0.010001s ]
SQL: SELECT `type`,`name`,`value` FROM `ocenter_config` WHERE `status` = 1  [ RunTime:0.001000s ]
INFO: [ app_begin ] --START--
INFO: Run Behavior\ReadHtmlCacheBehavior [ RunTime:0.001000s ]
INFO: Run Behavior\CheckLangBehavior [ RunTime:0.015001s ]
INFO: [ app_begin ] --END-- [ RunTime:0.016001s ]
NOTIC: [8192] mysql_connect(): The mysql extension is deprecated and will be removed in the future: use mysqli or PDO instead E:\phpStudy\WWW\shanren\ThinkPHP\Library\Think\Session\Driver\Db.class.php 第 95 行.
SQL: SHOW COLUMNS FROM `ocenter_module` [ RunTime:0.010001s ]
SQL: SELECT `type`,`name`,`value` FROM `ocenter_config` WHERE `status` = 1  [ RunTime:0.001000s ]
SQL: SELECT * FROM `ocenter_module` WHERE `name` = 'Admin' LIMIT 1   [ RunTime:0.000000s ]
INFO: [ action_begin ] --START--
INFO: Run Common\Behavior\InitModuleInfoBehavior [ RunTime:0.001000s ]
INFO: [ action_begin ] --END-- [ RunTime:0.001000s ]
SQL: SELECT `type`,`name`,`value` FROM `ocenter_config` WHERE `status` = 1  [ RunTime:0.000000s ]
SQL: SELECT * FROM `ocenter_module` WHERE `name` = 'Admin' LIMIT 1   [ RunTime:0.000000s ]
INFO: [ action_begin ] --START--
INFO: Run Common\Behavior\InitModuleInfoBehavior [ RunTime:0.000000s ]
INFO: [ action_begin ] --END-- [ RunTime:-0.004000s ]
SQL: SHOW COLUMNS FROM `ocenter_version` [ RunTime:0.012001s ]
SQL: SHOW COLUMNS FROM `ocenter_anonymous` [ RunTime:0.009001s ]
SQL: SELECT * FROM `ocenter_anonymous` WHERE ( id>0 )  [ RunTime:0.001000s ]

[ 2017-04-12T13:50:34+08:00 ] ::1 /shanren/index.php?s=/admin/api/config.html
INFO: [ app_init ] --START--
INFO: Run Behavior\BuildLiteBehavior [ RunTime:0.000000s ]
INFO: Run Common\Behavior\InitHookBehavior [ RunTime:0.004000s ]
INFO: [ app_init ] --END-- [ RunTime:0.004000s ]
NOTIC: [8] Undefined index: router E:\phpStudy\WWW\shanren\Application\Common\Common\function.php 第 1936 行.
NOTIC: [8] Undefined index: router E:\phpStudy\WWW\shanren\Application\Common\Common\function.php 第 1936 行.
NOTIC: [8] Undefined index: router E:\phpStudy\WWW\shanren\Application\Common\Common\function.php 第 1936 行.
NOTIC: [8] Undefined index: router E:\phpStudy\WWW\shanren\Application\Common\Common\function.php 第 1936 行.
NOTIC: [8] Undefined index: router E:\phpStudy\WWW\shanren\Application\Common\Common\function.php 第 1936 行.
SQL: SHOW COLUMNS FROM `ocenter_config` [ RunTime:0.010001s ]
SQL: SELECT `type`,`name`,`value` FROM `ocenter_config` WHERE `status` = 1  [ RunTime:0.001000s ]
INFO: [ app_begin ] --START--
INFO: Run Behavior\ReadHtmlCacheBehavior [ RunTime:0.001000s ]
INFO: Run Behavior\CheckLangBehavior [ RunTime:0.014001s ]
INFO: [ app_begin ] --END-- [ RunTime:0.015001s ]
NOTIC: [8192] mysql_connect(): The mysql extension is deprecated and will be removed in the future: use mysqli or PDO instead E:\phpStudy\WWW\shanren\ThinkPHP\Library\Think\Session\Driver\Db.class.php 第 95 行.
SQL: SHOW COLUMNS FROM `ocenter_module` [ RunTime:0.008001s ]
SQL: SELECT `type`,`name`,`value` FROM `ocenter_config` WHERE `status` = 1  [ RunTime:0.001000s ]
SQL: SELECT * FROM `ocenter_module` WHERE `name` = 'Admin' LIMIT 1   [ RunTime:0.001000s ]
INFO: [ action_begin ] --START--
INFO: Run Common\Behavior\InitModuleInfoBehavior [ RunTime:0.000000s ]
INFO: [ action_begin ] --END-- [ RunTime:0.001000s ]
SQL: SELECT `type`,`name`,`value` FROM `ocenter_config` WHERE `status` = 1  [ RunTime:0.001000s ]
SQL: SELECT * FROM `ocenter_module` WHERE `name` = 'Admin' LIMIT 1   [ RunTime:0.001000s ]
INFO: [ action_begin ] --START--
INFO: Run Common\Behavior\InitModuleInfoBehavior [ RunTime:0.000000s ]
INFO: [ action_begin ] --END-- [ RunTime:-0.005000s ]
SQL: SHOW COLUMNS FROM `ocenter_version` [ RunTime:0.011001s ]
SQL: SHOW COLUMNS FROM `ocenter_anonymous` [ RunTime:0.009001s ]
SQL: SELECT * FROM `ocenter_anonymous` WHERE ( id>0 )  [ RunTime:0.001000s ]

[ 2017-04-12T13:50:34+08:00 ] ::1 /shanren/index.php?s=/admin/api/config.html
INFO: [ app_init ] --START--
INFO: Run Behavior\BuildLiteBehavior [ RunTime:0.000000s ]
INFO: Run Common\Behavior\InitHookBehavior [ RunTime:0.001000s ]
INFO: [ app_init ] --END-- [ RunTime:0.001000s ]
NOTIC: [8] Undefined index: router E:\phpStudy\WWW\shanren\Application\Common\Common\function.php 第 1936 行.
NOTIC: [8] Undefined index: router E:\phpStudy\WWW\shanren\Application\Common\Common\function.php 第 1936 行.
NOTIC: [8] Undefined index: router E:\phpStudy\WWW\shanren\Application\Common\Common\function.php 第 1936 行.
NOTIC: [8] Undefined index: router E:\phpStudy\WWW\shanren\Application\Common\Common\function.php 第 1936 行.
NOTIC: [8] Undefined index: router E:\phpStudy\WWW\shanren\Application\Common\Common\function.php 第 1936 行.
SQL: SHOW COLUMNS FROM `ocenter_config` [ RunTime:0.010000s ]
SQL: SELECT `type`,`name`,`value` FROM `ocenter_config` WHERE `status` = 1  [ RunTime:0.001000s ]
INFO: [ app_begin ] --START--
INFO: Run Behavior\ReadHtmlCacheBehavior [ RunTime:0.001000s ]
INFO: Run Behavior\CheckLangBehavior [ RunTime:0.013001s ]
INFO: [ app_begin ] --END-- [ RunTime:0.014001s ]
NOTIC: [8192] mysql_connect(): The mysql extension is deprecated and will be removed in the future: use mysqli or PDO instead E:\phpStudy\WWW\shanren\ThinkPHP\Library\Think\Session\Driver\Db.class.php 第 95 行.
SQL: SHOW COLUMNS FROM `ocenter_module` [ RunTime:0.011000s ]
SQL: SELECT `type`,`name`,`value` FROM `ocenter_config` WHERE `status` = 1  [ RunTime:0.001000s ]
SQL: SELECT * FROM `ocenter_module` WHERE `name` = 'Admin' LIMIT 1   [ RunTime:0.001000s ]
INFO: [ action_begin ] --START--
INFO: Run Common\Behavior\InitModuleInfoBehavior [ RunTime:0.000000s ]
INFO: [ action_begin ] --END-- [ RunTime:0.000000s ]
SQL: SELECT `type`,`name`,`value` FROM `ocenter_config` WHERE `status` = 1  [ RunTime:0.001000s ]
SQL: SELECT * FROM `ocenter_module` WHERE `name` = 'Admin' LIMIT 1   [ RunTime:0.002001s ]
INFO: [ action_begin ] --START--
INFO: Run Common\Behavior\InitModuleInfoBehavior [ RunTime:0.000000s ]
INFO: [ action_begin ] --END-- [ RunTime:-0.006001s ]
SQL: SHOW COLUMNS FROM `ocenter_version` [ RunTime:0.009000s ]
SQL: SHOW COLUMNS FROM `ocenter_anonymous` [ RunTime:0.012001s ]
SQL: SELECT * FROM `ocenter_anonymous` WHERE ( id>0 )  [ RunTime:0.000000s ]

[ 2017-04-12T13:50:35+08:00 ] ::1 /shanren/index.php?s=/admin/api/config.html
INFO: [ app_init ] --START--
INFO: Run Behavior\BuildLiteBehavior [ RunTime:0.000000s ]
INFO: Run Common\Behavior\InitHookBehavior [ RunTime:0.001000s ]
INFO: [ app_init ] --END-- [ RunTime:0.001000s ]
NOTIC: [8] Undefined index: router E:\phpStudy\WWW\shanren\Application\Common\Common\function.php 第 1936 行.
NOTIC: [8] Undefined index: router E:\phpStudy\WWW\shanren\Application\Common\Common\function.php 第 1936 行.
NOTIC: [8] Undefined index: router E:\phpStudy\WWW\shanren\Application\Common\Common\function.php 第 1936 行.
NOTIC: [8] Undefined index: router E:\phpStudy\WWW\shanren\Application\Common\Common\function.php 第 1936 行.
NOTIC: [8] Undefined index: router E:\phpStudy\WWW\shanren\Application\Common\Common\function.php 第 1936 行.
SQL: SHOW COLUMNS FROM `ocenter_config` [ RunTime:0.009001s ]
SQL: SELECT `type`,`name`,`value` FROM `ocenter_config` WHERE `status` = 1  [ RunTime:0.001000s ]
INFO: [ app_begin ] --START--
INFO: Run Behavior\ReadHtmlCacheBehavior [ RunTime:0.000000s ]
INFO: Run Behavior\CheckLangBehavior [ RunTime:0.013001s ]
INFO: [ app_begin ] --END-- [ RunTime:0.013001s ]
NOTIC: [8192] mysql_connect(): The mysql extension is deprecated and will be removed in the future: use mysqli or PDO instead E:\phpStudy\WWW\shanren\ThinkPHP\Library\Think\Session\Driver\Db.class.php 第 95 行.
SQL: SHOW COLUMNS FROM `ocenter_module` [ RunTime:0.011001s ]
SQL: SELECT `type`,`name`,`value` FROM `ocenter_config` WHERE `status` = 1  [ RunTime:0.001000s ]
SQL: SELECT * FROM `ocenter_module` WHERE `name` = 'Admin' LIMIT 1   [ RunTime:0.001000s ]
INFO: [ action_begin ] --START--
INFO: Run Common\Behavior\InitModuleInfoBehavior [ RunTime:0.000000s ]
INFO: [ action_begin ] --END-- [ RunTime:0.000000s ]
SQL: SELECT `type`,`name`,`value` FROM `ocenter_config` WHERE `status` = 1  [ RunTime:0.001000s ]
SQL: SELECT * FROM `ocenter_module` WHERE `name` = 'Admin' LIMIT 1   [ RunTime:0.001000s ]
INFO: [ action_begin ] --START--
INFO: Run Common\Behavior\InitModuleInfoBehavior [ RunTime:0.000000s ]
INFO: [ action_begin ] --END-- [ RunTime:-0.006000s ]
SQL: SHOW COLUMNS FROM `ocenter_version` [ RunTime:0.009001s ]
SQL: SHOW COLUMNS FROM `ocenter_anonymous` [ RunTime:0.010001s ]
SQL: SELECT * FROM `ocenter_anonymous` WHERE ( id>0 )  [ RunTime:0.000000s ]
NOTIC: [8] Undefined offset: 10 E:\phpStudy\WWW\shanren\Application\Api\Controller\ApiController.class.php 第 22 行.
SQL: SELECT * FROM `ocenter_anonymous` WHERE ( id>0 )  [ RunTime:0.001000s ]

[ 2017-04-12T14:55:37+08:00 ] ::1 /shanren/index.php?s=/admin/index/index.html
INFO: [ app_init ] --START--
INFO: Run Behavior\BuildLiteBehavior [ RunTime:0.000000s ]
INFO: Run Common\Behavior\InitHookBehavior [ RunTime:0.002000s ]
INFO: [ app_init ] --END-- [ RunTime:0.002000s ]
NOTIC: [8] Undefined index: router E:\phpStudy\WWW\shanren\Application\Common\Common\function.php 第 1936 行.
NOTIC: [8] Undefined index: router E:\phpStudy\WWW\shanren\Application\Common\Common\function.php 第 1936 行.
NOTIC: [8] Undefined index: router E:\phpStudy\WWW\shanren\Application\Common\Common\function.php 第 1936 行.
NOTIC: [8] Undefined index: router E:\phpStudy\WWW\shanren\Application\Common\Common\function.php 第 1936 行.
NOTIC: [8] Undefined index: router E:\phpStudy\WWW\shanren\Application\Common\Common\function.php 第 1936 行.
SQL: SHOW COLUMNS FROM `ocenter_config` [ RunTime:0.008000s ]
SQL: SELECT `type`,`name`,`value` FROM `ocenter_config` WHERE `status` = 1  [ RunTime:0.001000s ]
INFO: [ app_begin ] --START--
INFO: Run Behavior\ReadHtmlCacheBehavior [ RunTime:0.001000s ]
INFO: Run Behavior\CheckLangBehavior [ RunTime:0.014001s ]
INFO: [ app_begin ] --END-- [ RunTime:0.015001s ]
NOTIC: [8192] mysql_connect(): The mysql extension is deprecated and will be removed in the future: use mysqli or PDO instead E:\phpStudy\WWW\shanren\ThinkPHP\Library\Think\Session\Driver\Db.class.php 第 95 行.
SQL: SHOW COLUMNS FROM `ocenter_module` [ RunTime:0.009000s ]
SQL: SELECT `type`,`name`,`value` FROM `ocenter_config` WHERE `status` = 1  [ RunTime:0.002000s ]
SQL: SELECT * FROM `ocenter_module` WHERE `name` = 'Admin' LIMIT 1   [ RunTime:0.001000s ]
INFO: [ action_begin ] --START--
INFO: Run Common\Behavior\InitModuleInfoBehavior [ RunTime:0.000000s ]
INFO: [ action_begin ] --END-- [ RunTime:0.000000s ]
SQL: SHOW COLUMNS FROM `ocenter_version` [ RunTime:0.007001s ]
SQL: SELECT * FROM `ocenter_version` ORDER BY number asc  [ RunTime:0.001000s ]
SQL: SELECT * FROM `ocenter_version` WHERE `name` = '3.3.5' LIMIT 1   [ RunTime:0.000000s ]
NOTIC: [2] Invalid argument supplied for foreach() E:\phpStudy\WWW\shanren\Application\Admin\Model\VersionModel.class.php 第 91 行.
SQL: SHOW COLUMNS FROM `ocenter_tile` [ RunTime:0.005000s ]
SQL: SELECT * FROM `ocenter_tile` WHERE `status` = 1 ORDER BY sort asc  [ RunTime:0.001000s ]
INFO: [ view_parse ] --START--
INFO: [ template_filter ] --START--
INFO: Run Behavior\ContentReplaceBehavior [ RunTime:0.001000s ]
INFO: [ template_filter ] --END-- [ RunTime:0.001000s ]
SQL: SELECT `value` FROM `ocenter_config` WHERE `name` = '_CONFIG_LOGO' LIMIT 1   [ RunTime:0.003001s ]
SQL: select version() as v; [ RunTime:0.001000s ]
NOTIC: [8] Undefined variable: addons_config E:\phpStudy\WWW\shanren\Runtime\Cache\Admin\085b574956cdc611cfedaace62cf4e64.php 第 493 行.
NOTIC: [8] Undefined variable: count E:\phpStudy\WWW\shanren\Runtime\Cache\Admin\085b574956cdc611cfedaace62cf4e64.php 第 532 行.
NOTIC: [8] Undefined variable: count E:\phpStudy\WWW\shanren\Runtime\Cache\Admin\085b574956cdc611cfedaace62cf4e64.php 第 536 行.
NOTIC: [8] Undefined variable: count E:\phpStudy\WWW\shanren\Runtime\Cache\Admin\085b574956cdc611cfedaace62cf4e64.php 第 553 行.
NOTIC: [8] Undefined variable: report E:\phpStudy\WWW\shanren\Runtime\Cache\Admin\085b574956cdc611cfedaace62cf4e64.php 第 771 行.
NOTIC: [8] Undefined variable: count E:\phpStudy\WWW\shanren\Runtime\Cache\Admin\085b574956cdc611cfedaace62cf4e64.php 第 963 行.
INFO: Run Behavior\ParseTemplateBehavior [ RunTime:0.044003s ]
INFO: [ view_parse ] --END-- [ RunTime:0.044003s ]
INFO: [ view_filter ] --START--
INFO: Run Behavior\WriteHtmlCacheBehavior [ RunTime:0.001000s ]
INFO: [ view_filter ] --END-- [ RunTime:0.001000s ]
INFO: [ app_end ] --START--
INFO: Run Behavior\ShowPageTraceBehavior [ RunTime:0.000000s ]
INFO: [ app_end ] --END-- [ RunTime:0.001000s ]

[ 2017-04-12T14:55:39+08:00 ] ::1 /shanren/index.php?s=/admin/api/anonymous.html
INFO: [ app_init ] --START--
INFO: Run Behavior\BuildLiteBehavior [ RunTime:0.000000s ]
INFO: Run Common\Behavior\InitHookBehavior [ RunTime:0.002000s ]
INFO: [ app_init ] --END-- [ RunTime:0.002000s ]
NOTIC: [8] Undefined index: router E:\phpStudy\WWW\shanren\Application\Common\Common\function.php 第 1936 行.
NOTIC: [8] Undefined index: router E:\phpStudy\WWW\shanren\Application\Common\Common\function.php 第 1936 行.
NOTIC: [8] Undefined index: router E:\phpStudy\WWW\shanren\Application\Common\Common\function.php 第 1936 行.
NOTIC: [8] Undefined index: router E:\phpStudy\WWW\shanren\Application\Common\Common\function.php 第 1936 行.
NOTIC: [8] Undefined index: router E:\phpStudy\WWW\shanren\Application\Common\Common\function.php 第 1936 行.
SQL: SHOW COLUMNS FROM `ocenter_config` [ RunTime:0.005000s ]
SQL: SELECT `type`,`name`,`value` FROM `ocenter_config` WHERE `status` = 1  [ RunTime:0.001000s ]
INFO: [ app_begin ] --START--
INFO: Run Behavior\ReadHtmlCacheBehavior [ RunTime:0.000000s ]
INFO: Run Behavior\CheckLangBehavior [ RunTime:0.013001s ]
INFO: [ app_begin ] --END-- [ RunTime:0.013001s ]
NOTIC: [8192] mysql_connect(): The mysql extension is deprecated and will be removed in the future: use mysqli or PDO instead E:\phpStudy\WWW\shanren\ThinkPHP\Library\Think\Session\Driver\Db.class.php 第 95 行.
SQL: SHOW COLUMNS FROM `ocenter_module` [ RunTime:0.006001s ]
SQL: SELECT `type`,`name`,`value` FROM `ocenter_config` WHERE `status` = 1  [ RunTime:0.000000s ]
SQL: SELECT * FROM `ocenter_module` WHERE `name` = 'Admin' LIMIT 1   [ RunTime:0.001000s ]
INFO: [ action_begin ] --START--
INFO: Run Common\Behavior\InitModuleInfoBehavior [ RunTime:0.000000s ]
INFO: [ action_begin ] --END-- [ RunTime:0.000000s ]
SQL: SELECT `type`,`name`,`value` FROM `ocenter_config` WHERE `status` = 1  [ RunTime:0.001000s ]
SQL: SELECT * FROM `ocenter_module` WHERE `name` = 'Admin' LIMIT 1   [ RunTime:0.000000s ]
INFO: [ action_begin ] --START--
INFO: Run Common\Behavior\InitModuleInfoBehavior [ RunTime:0.000000s ]
INFO: [ action_begin ] --END-- [ RunTime:-0.005000s ]
SQL: SHOW COLUMNS FROM `ocenter_version` [ RunTime:0.008001s ]
SQL: SHOW COLUMNS FROM `ocenter_anonymous` [ RunTime:0.006000s ]
SQL: SELECT * FROM `ocenter_anonymous` WHERE ( id>0 )  [ RunTime:0.001000s ]
NOTIC: [2048] Declaration of Admin\Builder\AdminListBuilder::display() should be compatible with Admin\Builder\AdminBuilder::display($templateFile = '', $charset = '', $contentType = '', $content = '', $prefix = '') E:\phpStudy\WWW\shanren\Application\Admin\Builder\AdminListBuilder.class.php 第 7 行.
SQL: SELECT `type`,`name`,`value` FROM `ocenter_config` WHERE `status` = 1  [ RunTime:0.001000s ]
SQL: SELECT * FROM `ocenter_module` WHERE `name` = 'Admin' LIMIT 1   [ RunTime:0.000000s ]
INFO: [ action_begin ] --START--
INFO: Run Common\Behavior\InitModuleInfoBehavior [ RunTime:0.000000s ]
INFO: [ action_begin ] --END-- [ RunTime:-0.028001s ]
INFO: [ view_parse ] --START--
INFO: Run Behavior\ParseTemplateBehavior [ RunTime:0.000000s ]
INFO: [ view_parse ] --END-- [ RunTime:0.001001s ]
INFO: [ view_filter ] --START--
INFO: Run Behavior\WriteHtmlCacheBehavior [ RunTime:0.000000s ]
INFO: [ view_filter ] --END-- [ RunTime:0.000000s ]
INFO: [ view_parse ] --START--
INFO: Run Behavior\ParseTemplateBehavior [ RunTime:0.000000s ]
INFO: [ view_parse ] --END-- [ RunTime:0.000000s ]
INFO: [ view_filter ] --START--
INFO: Run Behavior\WriteHtmlCacheBehavior [ RunTime:0.000000s ]
INFO: [ view_filter ] --END-- [ RunTime:0.000000s ]
INFO: [ view_parse ] --START--
INFO: Run Behavior\ParseTemplateBehavior [ RunTime:0.001000s ]
INFO: [ view_parse ] --END-- [ RunTime:0.000000s ]
INFO: [ view_filter ] --START--
INFO: Run Behavior\WriteHtmlCacheBehavior [ RunTime:0.000000s ]
INFO: [ view_filter ] --END-- [ RunTime:-0.001000s ]
INFO: [ view_parse ] --START--
INFO: Run Behavior\ParseTemplateBehavior [ RunTime:0.000000s ]
INFO: [ view_parse ] --END-- [ RunTime:-0.001000s ]
INFO: [ view_filter ] --START--
INFO: Run Behavior\WriteHtmlCacheBehavior [ RunTime:0.000000s ]
INFO: [ view_filter ] --END-- [ RunTime:-0.001000s ]
INFO: [ view_parse ] --START--
INFO: Run Behavior\ParseTemplateBehavior [ RunTime:0.000000s ]
INFO: [ view_parse ] --END-- [ RunTime:-0.001000s ]
INFO: [ view_filter ] --START--
INFO: Run Behavior\WriteHtmlCacheBehavior [ RunTime:0.000000s ]
INFO: [ view_filter ] --END-- [ RunTime:-0.001000s ]
INFO: [ view_parse ] --START--
INFO: Run Behavior\ParseTemplateBehavior [ RunTime:0.000000s ]
INFO: [ view_parse ] --END-- [ RunTime:-0.002000s ]
INFO: [ view_filter ] --START--
INFO: Run Behavior\WriteHtmlCacheBehavior [ RunTime:0.000000s ]
INFO: [ view_filter ] --END-- [ RunTime:-0.002000s ]
INFO: [ view_parse ] --START--
INFO: Run Behavior\ParseTemplateBehavior [ RunTime:0.000000s ]
INFO: [ view_parse ] --END-- [ RunTime:-0.002000s ]
INFO: [ view_filter ] --START--
INFO: Run Behavior\WriteHtmlCacheBehavior [ RunTime:0.000000s ]
INFO: [ view_filter ] --END-- [ RunTime:-0.002000s ]
INFO: [ view_parse ] --START--
INFO: Run Behavior\ParseTemplateBehavior [ RunTime:0.000000s ]
INFO: [ view_parse ] --END-- [ RunTime:-0.003000s ]
INFO: [ view_filter ] --START--
INFO: Run Behavior\WriteHtmlCacheBehavior [ RunTime:0.000000s ]
INFO: [ view_filter ] --END-- [ RunTime:-0.003000s ]
INFO: [ view_parse ] --START--
INFO: Run Behavior\ParseTemplateBehavior [ RunTime:0.000000s ]
INFO: [ view_parse ] --END-- [ RunTime:-0.003000s ]
INFO: [ view_filter ] --START--
INFO: Run Behavior\WriteHtmlCacheBehavior [ RunTime:0.000000s ]
INFO: [ view_filter ] --END-- [ RunTime:-0.003000s ]
INFO: [ view_parse ] --START--
INFO: Run Behavior\ParseTemplateBehavior [ RunTime:0.001000s ]
INFO: [ view_parse ] --END-- [ RunTime:-0.003000s ]
INFO: [ view_filter ] --START--
INFO: Run Behavior\WriteHtmlCacheBehavior [ RunTime:0.000000s ]
INFO: [ view_filter ] --END-- [ RunTime:-0.004000s ]
NOTIC: [8] Undefined index: totalCount E:\phpStudy\WWW\shanren\Application\Admin\Builder\AdminListBuilder.class.php 第 741 行.
NOTIC: [8] Undefined index: listRows E:\phpStudy\WWW\shanren\Application\Admin\Builder\AdminListBuilder.class.php 第 741 行.
INFO: [ view_parse ] --START--
INFO: [ template_filter ] --START--
INFO: Run Behavior\ContentReplaceBehavior [ RunTime:0.001000s ]
INFO: [ template_filter ] --END-- [ RunTime:0.001000s ]
SQL: SELECT `value` FROM `ocenter_config` WHERE `name` = '_CONFIG_LOGO' LIMIT 1   [ RunTime:0.001000s ]
SQL: SHOW COLUMNS FROM `ocenter_menu` [ RunTime:0.005000s ]
SQL: SELECT `id` FROM `ocenter_menu` WHERE ( url like '%Api/anonymous' AND pid > 0 ) LIMIT 1   [ RunTime:0.001000s ]
NOTIC: [8] Array to string conversion E:\phpStudy\WWW\shanren\Runtime\Cache\Admin\58be3bc24bfb57558ea95d2ef3a51048.php 第 228 行.
NOTIC: [8] Undefined variable: show E:\phpStudy\WWW\shanren\Runtime\Cache\Admin\58be3bc24bfb57558ea95d2ef3a51048.php 第 261 行.
NOTIC: [8] Undefined variable: search E:\phpStudy\WWW\shanren\Runtime\Cache\Admin\58be3bc24bfb57558ea95d2ef3a51048.php 第 339 行.
NOTIC: [8] Undefined variable: search E:\phpStudy\WWW\shanren\Runtime\Cache\Admin\58be3bc24bfb57558ea95d2ef3a51048.php 第 339 行.
NOTIC: [8] Array to string conversion E:\phpStudy\WWW\shanren\Runtime\Cache\Admin\58be3bc24bfb57558ea95d2ef3a51048.php 第 339 行.
NOTIC: [8] Undefined variable: report E:\phpStudy\WWW\shanren\Runtime\Cache\Admin\58be3bc24bfb57558ea95d2ef3a51048.php 第 755 行.
INFO: Run Behavior\ParseTemplateBehavior [ RunTime:0.043002s ]
INFO: [ view_parse ] --END-- [ RunTime:-0.005000s ]
INFO: [ view_filter ] --START--
INFO: Run Behavior\WriteHtmlCacheBehavior [ RunTime:0.000000s ]
INFO: [ view_filter ] --END-- [ RunTime:-0.048002s ]
INFO: [ app_end ] --START--
INFO: Run Behavior\ShowPageTraceBehavior [ RunTime:0.001000s ]
INFO: [ app_end ] --END-- [ RunTime:0.001000s ]

[ 2017-04-12T14:55:44+08:00 ] ::1 /shanren/index.php?s=/admin/api/addanonymousid.html
INFO: [ app_init ] --START--
INFO: Run Behavior\BuildLiteBehavior [ RunTime:0.000000s ]
INFO: Run Common\Behavior\InitHookBehavior [ RunTime:0.003000s ]
INFO: [ app_init ] --END-- [ RunTime:0.003000s ]
NOTIC: [8] Undefined index: router E:\phpStudy\WWW\shanren\Application\Common\Common\function.php 第 1936 行.
NOTIC: [8] Undefined index: router E:\phpStudy\WWW\shanren\Application\Common\Common\function.php 第 1936 行.
NOTIC: [8] Undefined index: router E:\phpStudy\WWW\shanren\Application\Common\Common\function.php 第 1936 行.
NOTIC: [8] Undefined index: router E:\phpStudy\WWW\shanren\Application\Common\Common\function.php 第 1936 行.
NOTIC: [8] Undefined index: router E:\phpStudy\WWW\shanren\Application\Common\Common\function.php 第 1936 行.
SQL: SHOW COLUMNS FROM `ocenter_config` [ RunTime:0.005000s ]
SQL: SELECT `type`,`name`,`value` FROM `ocenter_config` WHERE `status` = 1  [ RunTime:0.002001s ]
INFO: [ app_begin ] --START--
INFO: Run Behavior\ReadHtmlCacheBehavior [ RunTime:0.000000s ]
INFO: Run Behavior\CheckLangBehavior [ RunTime:0.015000s ]
INFO: [ app_begin ] --END-- [ RunTime:0.015000s ]
NOTIC: [8192] mysql_connect(): The mysql extension is deprecated and will be removed in the future: use mysqli or PDO instead E:\phpStudy\WWW\shanren\ThinkPHP\Library\Think\Session\Driver\Db.class.php 第 95 行.
SQL: SHOW COLUMNS FROM `ocenter_module` [ RunTime:0.005000s ]
SQL: SELECT `type`,`name`,`value` FROM `ocenter_config` WHERE `status` = 1  [ RunTime:0.001000s ]
SQL: SELECT * FROM `ocenter_module` WHERE `name` = 'Admin' LIMIT 1   [ RunTime:0.002000s ]
INFO: [ action_begin ] --START--
INFO: Run Common\Behavior\InitModuleInfoBehavior [ RunTime:0.001000s ]
INFO: [ action_begin ] --END-- [ RunTime:0.001000s ]
SQL: SELECT `type`,`name`,`value` FROM `ocenter_config` WHERE `status` = 1  [ RunTime:0.001000s ]
SQL: SELECT * FROM `ocenter_module` WHERE `name` = 'Admin' LIMIT 1   [ RunTime:0.000000s ]
INFO: [ action_begin ] --START--
INFO: Run Common\Behavior\InitModuleInfoBehavior [ RunTime:0.000000s ]
INFO: [ action_begin ] --END-- [ RunTime:-0.006001s ]
SQL: SHOW COLUMNS FROM `ocenter_version` [ RunTime:0.007000s ]
NOTIC: [2048] Declaration of Admin\Builder\AdminConfigBuilder::display() should be compatible with Admin\Builder\AdminBuilder::display($templateFile = '', $charset = '', $contentType = '', $content = '', $prefix = '') E:\phpStudy\WWW\shanren\Application\Admin\Builder\AdminConfigBuilder.class.php 第 12 行.
SQL: SELECT `type`,`name`,`value` FROM `ocenter_config` WHERE `status` = 1  [ RunTime:0.001000s ]
SQL: SELECT * FROM `ocenter_module` WHERE `name` = 'Admin' LIMIT 1   [ RunTime:0.000000s ]
INFO: [ action_begin ] --START--
INFO: Run Common\Behavior\InitModuleInfoBehavior [ RunTime:0.000000s ]
INFO: [ action_begin ] --END-- [ RunTime:-0.020002s ]
NOTIC: [8] Undefined index: uid E:\phpStudy\WWW\shanren\Application\Admin\Builder\AdminConfigBuilder.class.php 第 399 行.
INFO: [ view_parse ] --START--
INFO: [ template_filter ] --START--
INFO: Run Behavior\ContentReplaceBehavior [ RunTime:0.002001s ]
INFO: [ template_filter ] --END-- [ RunTime:0.002001s ]
NOTIC: [8] Undefined variable: meta_title E:\phpStudy\WWW\shanren\Runtime\Cache\Admin\b68d12039daf4619c997c2e5472db14a.php 第 5 行.
SQL: SELECT `value` FROM `ocenter_config` WHERE `name` = '_CONFIG_LOGO' LIMIT 1   [ RunTime:0.001001s ]
SQL: SHOW COLUMNS FROM `ocenter_menu` [ RunTime:0.007000s ]
SQL: SELECT `id` FROM `ocenter_menu` WHERE ( url like '%Api/addanonymousid' AND pid > 0 ) LIMIT 1   [ RunTime:0.001000s ]
NOTIC: [8] Undefined variable: report E:\phpStudy\WWW\shanren\Runtime\Cache\Admin\b68d12039daf4619c997c2e5472db14a.php 第 1162 行.
NOTIC: [8] Undefined variable: chosen_select2 E:\phpStudy\WWW\shanren\Runtime\Cache\Admin\b68d12039daf4619c997c2e5472db14a.php 第 1332 行.
NOTIC: [8] Undefined variable: has_nestable E:\phpStudy\WWW\shanren\Runtime\Cache\Admin\b68d12039daf4619c997c2e5472db14a.php 第 1339 行.
NOTIC: [8] Undefined variable: importDatetimePicker E:\phpStudy\WWW\shanren\Runtime\Cache\Admin\b68d12039daf4619c997c2e5472db14a.php 第 1366 行.
NOTIC: [8] Undefined variable: colorPicker E:\phpStudy\WWW\shanren\Runtime\Cache\Admin\b68d12039daf4619c997c2e5472db14a.php 第 1396 行.
NOTIC: [8] Undefined variable: importCheckBox E:\phpStudy\WWW\shanren\Runtime\Cache\Admin\b68d12039daf4619c997c2e5472db14a.php 第 1423 行.
NOTIC: [8] Undefined variable: myJs E:\phpStudy\WWW\shanren\Runtime\Cache\Admin\b68d12039daf4619c997c2e5472db14a.php 第 1496 行.
INFO: Run Behavior\ParseTemplateBehavior [ RunTime:0.081004s ]
INFO: [ view_parse ] --END-- [ RunTime:0.081004s ]
INFO: [ view_filter ] --START--
INFO: Run Behavior\WriteHtmlCacheBehavior [ RunTime:0.000000s ]
INFO: [ view_filter ] --END-- [ RunTime:0.000000s ]
INFO: [ app_end ] --START--
INFO: Run Behavior\ShowPageTraceBehavior [ RunTime:0.001000s ]
INFO: [ app_end ] --END-- [ RunTime:0.001000s ]

[ 2017-04-12T14:55:48+08:00 ] ::1 /shanren/index.php?s=/admin/api/addanonymousid.html
INFO: [ app_init ] --START--
INFO: Run Behavior\BuildLiteBehavior [ RunTime:0.000000s ]
INFO: Run Common\Behavior\InitHookBehavior [ RunTime:0.002000s ]
INFO: [ app_init ] --END-- [ RunTime:0.002000s ]
NOTIC: [8] Undefined index: router E:\phpStudy\WWW\shanren\Application\Common\Common\function.php 第 1936 行.
NOTIC: [8] Undefined index: router E:\phpStudy\WWW\shanren\Application\Common\Common\function.php 第 1936 行.
NOTIC: [8] Undefined index: router E:\phpStudy\WWW\shanren\Application\Common\Common\function.php 第 1936 行.
NOTIC: [8] Undefined index: router E:\phpStudy\WWW\shanren\Application\Common\Common\function.php 第 1936 行.
NOTIC: [8] Undefined index: router E:\phpStudy\WWW\shanren\Application\Common\Common\function.php 第 1936 行.
SQL: SHOW COLUMNS FROM `ocenter_config` [ RunTime:0.009001s ]
SQL: SELECT `type`,`name`,`value` FROM `ocenter_config` WHERE `status` = 1  [ RunTime:0.001000s ]
INFO: [ app_begin ] --START--
INFO: Run Behavior\ReadHtmlCacheBehavior [ RunTime:0.001000s ]
INFO: Run Behavior\CheckLangBehavior [ RunTime:0.014001s ]
INFO: [ app_begin ] --END-- [ RunTime:0.015001s ]
NOTIC: [8192] mysql_connect(): The mysql extension is deprecated and will be removed in the future: use mysqli or PDO instead E:\phpStudy\WWW\shanren\ThinkPHP\Library\Think\Session\Driver\Db.class.php 第 95 行.
SQL: SHOW COLUMNS FROM `ocenter_module` [ RunTime:0.007000s ]
SQL: SELECT `type`,`name`,`value` FROM `ocenter_config` WHERE `status` = 1  [ RunTime:0.001000s ]
SQL: SELECT * FROM `ocenter_module` WHERE `name` = 'Admin' LIMIT 1   [ RunTime:0.001000s ]
INFO: [ action_begin ] --START--
INFO: Run Common\Behavior\InitModuleInfoBehavior [ RunTime:0.000000s ]
INFO: [ action_begin ] --END-- [ RunTime:0.000000s ]
SQL: SELECT `type`,`name`,`value` FROM `ocenter_config` WHERE `status` = 1  [ RunTime:0.001000s ]
SQL: SELECT * FROM `ocenter_module` WHERE `name` = 'Admin' LIMIT 1   [ RunTime:0.000000s ]
INFO: [ action_begin ] --START--
INFO: Run Common\Behavior\InitModuleInfoBehavior [ RunTime:0.000000s ]
INFO: [ action_begin ] --END-- [ RunTime:-0.005000s ]
SQL: SHOW COLUMNS FROM `ocenter_version` [ RunTime:0.007000s ]
SQL: SHOW COLUMNS FROM `ocenter_anonymous` [ RunTime:0.004001s ]
NOTIC: [8] Use of undefined constant uid - assumed 'uid' E:\phpStudy\WWW\shanren\Application\Api\Controller\ApiController.class.php 第 83 行.
SQL: SELECT * FROM `ocenter_anonymous` WHERE ( uid=156 )  [ RunTime:0.001000s ]

[ 2017-04-12T14:55:52+08:00 ] ::1 /shanren/index.php?s=/admin/api/addanonymousid.html
INFO: [ app_init ] --START--
INFO: Run Behavior\BuildLiteBehavior [ RunTime:0.000000s ]
INFO: Run Common\Behavior\InitHookBehavior [ RunTime:0.002000s ]
INFO: [ app_init ] --END-- [ RunTime:0.002000s ]
NOTIC: [8] Undefined index: router E:\phpStudy\WWW\shanren\Application\Common\Common\function.php 第 1936 行.
NOTIC: [8] Undefined index: router E:\phpStudy\WWW\shanren\Application\Common\Common\function.php 第 1936 行.
NOTIC: [8] Undefined index: router E:\phpStudy\WWW\shanren\Application\Common\Common\function.php 第 1936 行.
NOTIC: [8] Undefined index: router E:\phpStudy\WWW\shanren\Application\Common\Common\function.php 第 1936 行.
NOTIC: [8] Undefined index: router E:\phpStudy\WWW\shanren\Application\Common\Common\function.php 第 1936 行.
SQL: SHOW COLUMNS FROM `ocenter_config` [ RunTime:0.005001s ]
SQL: SELECT `type`,`name`,`value` FROM `ocenter_config` WHERE `status` = 1  [ RunTime:0.001000s ]
INFO: [ app_begin ] --START--
INFO: Run Behavior\ReadHtmlCacheBehavior [ RunTime:0.001000s ]
INFO: Run Behavior\CheckLangBehavior [ RunTime:0.014001s ]
INFO: [ app_begin ] --END-- [ RunTime:0.015001s ]
NOTIC: [8192] mysql_connect(): The mysql extension is deprecated and will be removed in the future: use mysqli or PDO instead E:\phpStudy\WWW\shanren\ThinkPHP\Library\Think\Session\Driver\Db.class.php 第 95 行.
SQL: SHOW COLUMNS FROM `ocenter_module` [ RunTime:0.005000s ]
SQL: SELECT `type`,`name`,`value` FROM `ocenter_config` WHERE `status` = 1  [ RunTime:0.001001s ]
SQL: SELECT * FROM `ocenter_module` WHERE `name` = 'Admin' LIMIT 1   [ RunTime:0.000000s ]
INFO: [ action_begin ] --START--
INFO: Run Common\Behavior\InitModuleInfoBehavior [ RunTime:0.001000s ]
INFO: [ action_begin ] --END-- [ RunTime:0.001000s ]
SQL: SELECT `type`,`name`,`value` FROM `ocenter_config` WHERE `status` = 1  [ RunTime:0.001000s ]
SQL: SELECT * FROM `ocenter_module` WHERE `name` = 'Admin' LIMIT 1   [ RunTime:0.000000s ]
INFO: [ action_begin ] --START--
INFO: Run Common\Behavior\InitModuleInfoBehavior [ RunTime:0.000000s ]
INFO: [ action_begin ] --END-- [ RunTime:-0.004000s ]
SQL: SHOW COLUMNS FROM `ocenter_version` [ RunTime:0.007000s ]
SQL: SHOW COLUMNS FROM `ocenter_anonymous` [ RunTime:0.003001s ]
NOTIC: [8] Use of undefined constant uid - assumed 'uid' E:\phpStudy\WWW\shanren\Application\Api\Controller\ApiController.class.php 第 83 行.
SQL: SELECT * FROM `ocenter_anonymous` WHERE ( uid=180 )  [ RunTime:0.000000s ]
SQL: INSERT INTO `ocenter_anonymous` (`uid`) VALUES (180) [ RunTime:0.001000s ]

[ 2017-04-12T14:55:53+08:00 ] ::1 /shanren/index.php?s=/admin/api/anonymous.html
INFO: [ app_init ] --START--
INFO: Run Behavior\BuildLiteBehavior [ RunTime:0.000000s ]
INFO: Run Common\Behavior\InitHookBehavior [ RunTime:0.003000s ]
INFO: [ app_init ] --END-- [ RunTime:0.003000s ]
NOTIC: [8] Undefined index: router E:\phpStudy\WWW\shanren\Application\Common\Common\function.php 第 1936 行.
NOTIC: [8] Undefined index: router E:\phpStudy\WWW\shanren\Application\Common\Common\function.php 第 1936 行.
NOTIC: [8] Undefined index: router E:\phpStudy\WWW\shanren\Application\Common\Common\function.php 第 1936 行.
NOTIC: [8] Undefined index: router E:\phpStudy\WWW\shanren\Application\Common\Common\function.php 第 1936 行.
NOTIC: [8] Undefined index: router E:\phpStudy\WWW\shanren\Application\Common\Common\function.php 第 1936 行.
SQL: SHOW COLUMNS FROM `ocenter_config` [ RunTime:0.006001s ]
SQL: SELECT `type`,`name`,`value` FROM `ocenter_config` WHERE `status` = 1  [ RunTime:0.001000s ]
INFO: [ app_begin ] --START--
INFO: Run Behavior\ReadHtmlCacheBehavior [ RunTime:0.001000s ]
INFO: Run Behavior\CheckLangBehavior [ RunTime:0.013001s ]
INFO: [ app_begin ] --END-- [ RunTime:0.014001s ]
NOTIC: [8192] mysql_connect(): The mysql extension is deprecated and will be removed in the future: use mysqli or PDO instead E:\phpStudy\WWW\shanren\ThinkPHP\Library\Think\Session\Driver\Db.class.php 第 95 行.
SQL: SHOW COLUMNS FROM `ocenter_module` [ RunTime:0.005000s ]
SQL: SELECT `type`,`name`,`value` FROM `ocenter_config` WHERE `status` = 1  [ RunTime:0.001000s ]
SQL: SELECT * FROM `ocenter_module` WHERE `name` = 'Admin' LIMIT 1   [ RunTime:0.001000s ]
INFO: [ action_begin ] --START--
INFO: Run Common\Behavior\InitModuleInfoBehavior [ RunTime:0.000000s ]
INFO: [ action_begin ] --END-- [ RunTime:0.000000s ]
SQL: SELECT `type`,`name`,`value` FROM `ocenter_config` WHERE `status` = 1  [ RunTime:0.002000s ]
SQL: SELECT * FROM `ocenter_module` WHERE `name` = 'Admin' LIMIT 1   [ RunTime:0.000000s ]
INFO: [ action_begin ] --START--
INFO: Run Common\Behavior\InitModuleInfoBehavior [ RunTime:0.000000s ]
INFO: [ action_begin ] --END-- [ RunTime:-0.006001s ]
SQL: SHOW COLUMNS FROM `ocenter_version` [ RunTime:0.004000s ]
SQL: SHOW COLUMNS FROM `ocenter_anonymous` [ RunTime:0.004000s ]
SQL: SELECT * FROM `ocenter_anonymous` WHERE ( id>0 )  [ RunTime:0.001001s ]
NOTIC: [2048] Declaration of Admin\Builder\AdminListBuilder::display() should be compatible with Admin\Builder\AdminBuilder::display($templateFile = '', $charset = '', $contentType = '', $content = '', $prefix = '') E:\phpStudy\WWW\shanren\Application\Admin\Builder\AdminListBuilder.class.php 第 7 行.
SQL: SELECT `type`,`name`,`value` FROM `ocenter_config` WHERE `status` = 1  [ RunTime:0.001000s ]
SQL: SELECT * FROM `ocenter_module` WHERE `name` = 'Admin' LIMIT 1   [ RunTime:0.000000s ]
INFO: [ action_begin ] --START--
INFO: Run Common\Behavior\InitModuleInfoBehavior [ RunTime:0.000000s ]
INFO: [ action_begin ] --END-- [ RunTime:-0.024002s ]
INFO: [ view_parse ] --START--
INFO: Run Behavior\ParseTemplateBehavior [ RunTime:0.000000s ]
INFO: [ view_parse ] --END-- [ RunTime:0.000000s ]
INFO: [ view_filter ] --START--
INFO: Run Behavior\WriteHtmlCacheBehavior [ RunTime:0.000000s ]
INFO: [ view_filter ] --END-- [ RunTime:0.000000s ]
INFO: [ view_parse ] --START--
INFO: Run Behavior\ParseTemplateBehavior [ RunTime:0.000000s ]
INFO: [ view_parse ] --END-- [ RunTime:-0.001000s ]
INFO: [ view_filter ] --START--
INFO: Run Behavior\WriteHtmlCacheBehavior [ RunTime:0.000000s ]
INFO: [ view_filter ] --END-- [ RunTime:-0.001000s ]
INFO: [ view_parse ] --START--
INFO: Run Behavior\ParseTemplateBehavior [ RunTime:0.000000s ]
INFO: [ view_parse ] --END-- [ RunTime:-0.001000s ]
INFO: [ view_filter ] --START--
INFO: Run Behavior\WriteHtmlCacheBehavior [ RunTime:0.000000s ]
INFO: [ view_filter ] --END-- [ RunTime:-0.001000s ]
INFO: [ view_parse ] --START--
INFO: Run Behavior\ParseTemplateBehavior [ RunTime:0.001000s ]
INFO: [ view_parse ] --END-- [ RunTime:-0.001000s ]
INFO: [ view_filter ] --START--
INFO: Run Behavior\WriteHtmlCacheBehavior [ RunTime:0.000000s ]
INFO: [ view_filter ] --END-- [ RunTime:-0.002000s ]
INFO: [ view_parse ] --START--
INFO: Run Behavior\ParseTemplateBehavior [ RunTime:0.000000s ]
INFO: [ view_parse ] --END-- [ RunTime:-0.002000s ]
INFO: [ view_filter ] --START--
INFO: Run Behavior\WriteHtmlCacheBehavior [ RunTime:0.000000s ]
INFO: [ view_filter ] --END-- [ RunTime:-0.002000s ]
INFO: [ view_parse ] --START--
INFO: Run Behavior\ParseTemplateBehavior [ RunTime:0.001000s ]
INFO: [ view_parse ] --END-- [ RunTime:-0.002000s ]
INFO: [ view_filter ] --START--
INFO: Run Behavior\WriteHtmlCacheBehavior [ RunTime:0.000000s ]
INFO: [ view_filter ] --END-- [ RunTime:-0.003000s ]
INFO: [ view_parse ] --START--
INFO: Run Behavior\ParseTemplateBehavior [ RunTime:0.000000s ]
INFO: [ view_parse ] --END-- [ RunTime:-0.003000s ]
INFO: [ view_filter ] --START--
INFO: Run Behavior\WriteHtmlCacheBehavior [ RunTime:0.000000s ]
INFO: [ view_filter ] --END-- [ RunTime:-0.003000s ]
INFO: [ view_parse ] --START--
INFO: Run Behavior\ParseTemplateBehavior [ RunTime:0.000000s ]
INFO: [ view_parse ] --END-- [ RunTime:-0.003000s ]
INFO: [ view_filter ] --START--
INFO: Run Behavior\WriteHtmlCacheBehavior [ RunTime:0.000000s ]
INFO: [ view_filter ] --END-- [ RunTime:-0.003000s ]
INFO: [ view_parse ] --START--
INFO: Run Behavior\ParseTemplateBehavior [ RunTime:0.001000s ]
INFO: [ view_parse ] --END-- [ RunTime:-0.003000s ]
INFO: [ view_filter ] --START--
INFO: Run Behavior\WriteHtmlCacheBehavior [ RunTime:0.000000s ]
INFO: [ view_filter ] --END-- [ RunTime:-0.004000s ]
INFO: [ view_parse ] --START--
INFO: Run Behavior\ParseTemplateBehavior [ RunTime:0.000000s ]
INFO: [ view_parse ] --END-- [ RunTime:-0.004000s ]
INFO: [ view_filter ] --START--
INFO: Run Behavior\WriteHtmlCacheBehavior [ RunTime:0.000000s ]
INFO: [ view_filter ] --END-- [ RunTime:-0.004000s ]
INFO: [ view_parse ] --START--
INFO: [ template_filter ] --START--
INFO: Run Behavior\ContentReplaceBehavior [ RunTime:0.001000s ]
INFO: [ template_filter ] --END-- [ RunTime:0.001000s ]
INFO: Run Behavior\ParseTemplateBehavior [ RunTime:0.004000s ]
INFO: [ view_parse ] --END-- [ RunTime:-0.004000s ]
INFO: [ view_filter ] --START--
INFO: Run Behavior\WriteHtmlCacheBehavior [ RunTime:0.000000s ]
INFO: [ view_filter ] --END-- [ RunTime:-0.008000s ]
NOTIC: [8] Undefined index: totalCount E:\phpStudy\WWW\shanren\Application\Admin\Builder\AdminListBuilder.class.php 第 741 行.
NOTIC: [8] Undefined index: listRows E:\phpStudy\WWW\shanren\Application\Admin\Builder\AdminListBuilder.class.php 第 741 行.
INFO: [ view_parse ] --START--
INFO: [ template_filter ] --START--
INFO: Run Behavior\ContentReplaceBehavior [ RunTime:0.000000s ]
INFO: [ template_filter ] --END-- [ RunTime:-0.021001s ]
SQL: SELECT `value` FROM `ocenter_config` WHERE `name` = '_CONFIG_LOGO' LIMIT 1   [ RunTime:0.001000s ]
SQL: SHOW COLUMNS FROM `ocenter_menu` [ RunTime:0.006001s ]
SQL: SELECT `id` FROM `ocenter_menu` WHERE ( url like '%Api/anonymous' AND pid > 0 ) LIMIT 1   [ RunTime:0.001000s ]
NOTIC: [8] Array to string conversion E:\phpStudy\WWW\shanren\Runtime\Cache\Admin\58be3bc24bfb57558ea95d2ef3a51048.php 第 228 行.
NOTIC: [8] Undefined variable: show E:\phpStudy\WWW\shanren\Runtime\Cache\Admin\58be3bc24bfb57558ea95d2ef3a51048.php 第 261 行.
NOTIC: [8] Undefined variable: search E:\phpStudy\WWW\shanren\Runtime\Cache\Admin\58be3bc24bfb57558ea95d2ef3a51048.php 第 339 行.
NOTIC: [8] Undefined variable: search E:\phpStudy\WWW\shanren\Runtime\Cache\Admin\58be3bc24bfb57558ea95d2ef3a51048.php 第 339 行.
NOTIC: [8] Array to string conversion E:\phpStudy\WWW\shanren\Runtime\Cache\Admin\58be3bc24bfb57558ea95d2ef3a51048.php 第 339 行.
NOTIC: [8] Undefined variable: report E:\phpStudy\WWW\shanren\Runtime\Cache\Admin\58be3bc24bfb57558ea95d2ef3a51048.php 第 755 行.
INFO: Run Behavior\ParseTemplateBehavior [ RunTime:0.041003s ]
INFO: [ view_parse ] --END-- [ RunTime:-0.009000s ]
INFO: [ view_filter ] --START--
INFO: Run Behavior\WriteHtmlCacheBehavior [ RunTime:0.000000s ]
INFO: [ view_filter ] --END-- [ RunTime:-0.050003s ]
INFO: [ app_end ] --START--
INFO: Run Behavior\ShowPageTraceBehavior [ RunTime:0.000000s ]
INFO: [ app_end ] --END-- [ RunTime:0.000000s ]

