[ 2017-04-13T19:37:07+08:00 ] ::1 /shanren/index.php?s=/admin/news/newscategory.html
INFO: [ app_init ] --START--
INFO: Run Behavior\BuildLiteBehavior [ RunTime:0.000000s ]
SQL: SHOW COLUMNS FROM `ocenter_hooks` [ RunTime:0.009000s ]
SQL: SELECT `name`,`addons` FROM `ocenter_hooks`  [ RunTime:0.001000s ]
SQL: SHOW COLUMNS FROM `ocenter_addons` [ RunTime:0.013001s ]
SQL: SELECT `id`,`name` FROM `ocenter_addons` WHERE `status` = 1 AND `name` IN ('SuperLinks')  [ RunTime:0.001000s ]
SQL: SELECT `id`,`name` FROM `ocenter_addons` WHERE `status` = 1 AND `name` IN ('EditorForAdmin')  [ RunTime:0.001000s ]
SQL: SELECT `id`,`name` FROM `ocenter_addons` WHERE `status` = 1 AND `name` IN ('SiteStat','SyncLogin','DevTeam','SystemInfo','LocalComment')  [ RunTime:0.001000s ]
SQL: SELECT `id`,`name` FROM `ocenter_addons` WHERE `status` = 1 AND `name` IN ('Iswaf')  [ RunTime:0.001000s ]
SQL: SELECT `id`,`name` FROM `ocenter_addons` WHERE `status` = 1 AND `name` IN ('CheckIn')  [ RunTime:0.001000s ]
SQL: SELECT `id`,`name` FROM `ocenter_addons` WHERE `status` = 1 AND `name` IN ('Support')  [ RunTime:0.003001s ]
SQL: SELECT `id`,`name` FROM `ocenter_addons` WHERE `status` = 1 AND `name` IN ('LocalComment')  [ RunTime:0.000000s ]
SQL: SELECT `id`,`name` FROM `ocenter_addons` WHERE `status` = 1 AND `name` IN ('SyncLogin')  [ RunTime:0.000000s ]
SQL: SELECT `id`,`name` FROM `ocenter_addons` WHERE `status` = 1 AND `name` IN ('SyncLogin')  [ RunTime:0.001000s ]
SQL: SELECT `id`,`name` FROM `ocenter_addons` WHERE `status` = 1 AND `name` IN ('ChinaCity')  [ RunTime:0.001000s ]
SQL: SELECT `id`,`name` FROM `ocenter_addons` WHERE `status` = 1 AND `name` IN ('SuperLinks')  [ RunTime:0.000000s ]
SQL: SELECT `id`,`name` FROM `ocenter_addons` WHERE `status` = 1 AND `name` IN ('InsertFile')  [ RunTime:0.000000s ]
SQL: SELECT `id`,`name` FROM `ocenter_addons` WHERE `status` = 1 AND `name` IN ('SyncLogin')  [ RunTime:0.001000s ]
SQL: SELECT `id`,`name` FROM `ocenter_addons` WHERE `status` = 1 AND `name` IN ('Retopic','Recommend')  [ RunTime:0.001000s ]
SQL: SELECT `id`,`name` FROM `ocenter_addons` WHERE `status` = 1 AND `name` IN ('Report')  [ RunTime:0.000000s ]
SQL: SELECT `id`,`name` FROM `ocenter_addons` WHERE `status` = 1 AND `name` IN ('CheckIn')  [ RunTime:0.001000s ]
SQL: SELECT `id`,`name` FROM `ocenter_addons` WHERE `status` = 1 AND `name` IN ('Sensitive')  [ RunTime:0.000000s ]
INFO: Run Common\Behavior\InitHookBehavior [ RunTime:0.059003s ]
INFO: [ app_init ] --END-- [ RunTime:0.059003s ]
NOTIC: [8] Undefined index: router E:\phpStudy\WWW\shanren\Application\Common\Common\function.php ç¬¬ 1936 è¡Œ.
NOTIC: [8] Undefined index: router E:\phpStudy\WWW\shanren\Application\Common\Common\function.php ç¬¬ 1936 è¡Œ.
NOTIC: [8] Undefined index: router E:\phpStudy\WWW\shanren\Application\Common\Common\function.php ç¬¬ 1936 è¡Œ.
NOTIC: [8] Undefined index: router E:\phpStudy\WWW\shanren\Application\Common\Common\function.php ç¬¬ 1936 è¡Œ.
SQL: SHOW COLUMNS FROM `ocenter_config` [ RunTime:0.013001s ]
SQL: SELECT `value` FROM `ocenter_config` WHERE `name` = '_THEME_NOW_THEME' LIMIT 1   [ RunTime:0.001000s ]
SQL: SELECT `type`,`name`,`value` FROM `ocenter_config` WHERE `status` = 1  [ RunTime:0.003000s ]
INFO: [ app_begin ] --START--
INFO: Run Behavior\ReadHtmlCacheBehavior [ RunTime:0.001000s ]
INFO: Run Behavior\CheckLangBehavior [ RunTime:0.020001s ]
INFO: [ app_begin ] --END-- [ RunTime:0.022001s ]
NOTIC: [8192] mysql_connect(): The mysql extension is deprecated and will be removed in the future: use mysqli or PDO instead E:\phpStudy\WWW\shanren\ThinkPHP\Library\Think\Session\Driver\Db.class.php ç¬¬ 95 è¡Œ.
SQL: SHOW COLUMNS FROM `ocenter_module` [ RunTime:0.011001s ]
SQL: SELECT `type`,`name`,`value` FROM `ocenter_config` WHERE `status` = 1  [ RunTime:0.001000s ]
SQL: SELECT * FROM `ocenter_module` WHERE `name` = 'Admin' LIMIT 1   [ RunTime:0.001000s ]
INFO: [ action_begin ] --START--
INFO: Run Common\Behavior\InitModuleInfoBehavior [ RunTime:0.001000s ]
INFO: [ action_begin ] --END-- [ RunTime:0.001000s ]
SQL: SELECT `value` FROM `ocenter_config` WHERE `name` = '_CONFIG_FIRST_USER_RUN' LIMIT 1   [ RunTime:0.001000s ]
NOTIC: [2048] Declaration of Admin\Controller\NewsController::setStatus() should be compatible with Admin\Controller\AdminController::setStatus($Model = Admin\Controller\CONTROLLER_NAME) E:\phpStudy\WWW\shanren\Application\News\Controller\NewsController.class.php ç¬¬ 18 è¡Œ.
SQL: SELECT `type`,`name`,`value` FROM `ocenter_config` WHERE `status` = 1  [ RunTime:0.005000s ]
SQL: SELECT * FROM `ocenter_module` WHERE `name` = 'Admin' LIMIT 1   [ RunTime:0.003001s ]
INFO: [ action_begin ] --START--
INFO: Run Common\Behavior\InitModuleInfoBehavior [ RunTime:0.000000s ]
INFO: [ action_begin ] --END-- [ RunTime:-0.015001s ]
SQL: SELECT `type`,`name`,`value` FROM `ocenter_config` WHERE `status` = 1  [ RunTime:0.001000s ]
SQL: SHOW COLUMNS FROM `ocenter_menu` [ RunTime:0.011001s ]
SQL: SELECT * FROM `ocenter_menu` WHERE `pid` = 0 ORDER BY sort asc  [ RunTime:0.001000s ]
SQL: SELECT DISTINCT  `group` FROM `ocenter_menu` WHERE ( pid = 10000 ) ORDER BY sort asc  [ RunTime:0.002000s ]
SQL: SELECT `id`,`url` FROM `ocenter_menu` WHERE `pid` = 10000 AND `hide` = 0  [ RunTime:0.001000s ]
SQL: SELECT `id`,`pid`,`title`,`url`,`tip` FROM `ocenter_menu` WHERE `group` = 'è®¾ç½®' AND `pid` = 10000 AND `hide` = 0 ORDER BY sort asc  [ RunTime:0.001000s ]
SQL: SELECT DISTINCT  `group` FROM `ocenter_menu` WHERE ( pid = 10018 ) ORDER BY sort asc  [ RunTime:0.001000s ]
SQL: SELECT `id`,`url` FROM `ocenter_menu` WHERE `pid` = 10018 AND `hide` = 0  [ RunTime:0.001000s ]
SQL: SELECT `id`,`pid`,`title`,`url`,`tip` FROM `ocenter_menu` WHERE `group` = 'åŸºç¡€é…ç½®' AND `pid` = 10018 AND `hide` = 0 ORDER BY sort asc  [ RunTime:0.002000s ]
SQL: SELECT `id`,`pid`,`title`,`url`,`tip` FROM `ocenter_menu` WHERE `group` = 'æ¨¡å—é…ç½®' AND `pid` = 10018 AND `hide` = 0 ORDER BY sort asc  [ RunTime:0.004000s ]
SQL: SELECT `id`,`pid`,`title`,`url`,`tip` FROM `ocenter_menu` WHERE `group` = 'æ’ä»¶é…ç½®' AND `pid` = 10018 AND `hide` = 0 ORDER BY sort asc  [ RunTime:0.003001s ]
SQL: SELECT DISTINCT  `group` FROM `ocenter_menu` WHERE ( pid = 1 ) ORDER BY sort asc  [ RunTime:0.001000s ]
SQL: SELECT `id`,`url` FROM `ocenter_menu` WHERE `pid` = 1 AND `hide` = 0  [ RunTime:0.001000s ]
SQL: SELECT `id`,`pid`,`title`,`url`,`tip` FROM `ocenter_menu` WHERE `group` = 'ç³»ç»Ÿé¦–é¡µ' AND `pid` = 1 AND `hide` = 0 ORDER BY sort asc  [ RunTime:0.001000s ]
SQL: SELECT `id`,`pid`,`title`,`url`,`tip` FROM `ocenter_menu` WHERE `group` = 'ç»Ÿè®¡ç®¡ç†' AND `pid` = 1 AND `hide` = 0 ORDER BY sort asc  [ RunTime:0.001000s ]
SQL: SELECT DISTINCT  `group` FROM `ocenter_menu` WHERE ( pid = 2 ) ORDER BY sort asc  [ RunTime:0.001000s ]
SQL: SELECT `id`,`url` FROM `ocenter_menu` WHERE `pid` = 2 AND `hide` = 0  [ RunTime:0.002000s ]
SQL: SELECT `id`,`pid`,`title`,`url`,`tip` FROM `ocenter_menu` WHERE `group` = 'è®¤è¯ç®¡ç†' AND `pid` = 2 AND `hide` = 0 ORDER BY sort asc  [ RunTime:0.002000s ]
SQL: SELECT `id`,`pid`,`title`,`url`,`tip` FROM `ocenter_menu` WHERE `group` = 'ç”¨æˆ·é…ç½®' AND `pid` = 2 AND `hide` = 0 ORDER BY sort asc  [ RunTime:0.002000s ]
SQL: SELECT `id`,`pid`,`title`,`url`,`tip` FROM `ocenter_menu` WHERE `group` = 'ç”¨æˆ·ç®¡ç†' AND `pid` = 2 AND `hide` = 0 ORDER BY sort asc  [ RunTime:0.002000s ]
SQL: SELECT `id`,`pid`,`title`,`url`,`tip` FROM `ocenter_menu` WHERE `group` = '' AND `pid` = 2 AND `hide` = 0 ORDER BY sort asc  [ RunTime:0.001000s ]
SQL: SELECT `id`,`pid`,`title`,`url`,`tip` FROM `ocenter_menu` WHERE `group` = 'æƒé™ç®¡ç†' AND `pid` = 2 AND `hide` = 0 ORDER BY sort asc  [ RunTime:0.001001s ]
SQL: SELECT DISTINCT  `group` FROM `ocenter_menu` WHERE ( pid = 116 ) ORDER BY sort asc  [ RunTime:0.001000s ]
SQL: SELECT `id`,`url` FROM `ocenter_menu` WHERE `pid` = 116 AND `hide` = 0  [ RunTime:0.001000s ]
SQL: SELECT `id`,`pid`,`title`,`url`,`tip` FROM `ocenter_menu` WHERE `group` = 'æ¨¡å—æƒé™' AND `pid` = 116 AND `hide` = 0 ORDER BY sort asc  [ RunTime:0.001000s ]
SQL: SELECT `id`,`pid`,`title`,`url`,`tip` FROM `ocenter_menu` WHERE `group` = 'èº«ä»½ç®¡ç†' AND `pid` = 116 AND `hide` = 0 ORDER BY sort asc  [ RunTime:0.001000s ]
SQL: SELECT `id`,`pid`,`title`,`url`,`tip` FROM `ocenter_menu` WHERE `group` = '' AND `pid` = 116 AND `hide` = 0 ORDER BY sort asc  [ RunTime:0.001000s ]
SQL: SELECT `id`,`pid`,`title`,`url`,`tip` FROM `ocenter_menu` WHERE `group` = 'èº«ä»½ç”¨æˆ·ç®¡ç†' AND `pid` = 116 AND `hide` = 0 ORDER BY sort asc  [ RunTime:0.001000s ]
SQL: SELECT `id`,`pid`,`title`,`url`,`tip` FROM `ocenter_menu` WHERE `group` = 'é‚€è¯·æ³¨å†Œç®¡ç\†' AND `pid` = 116 AND `hide` = 0 ORDER BY sort asc  [ RunTime:0.001000s ]
SQL: SELECT DISTINCT  `group` FROM `ocenter_menu` WHERE ( pid = 197 ) ORDER BY sort asc  [ RunTime:0.003000s ]
SQL: SELECT `id`,`url` FROM `ocenter_menu` WHERE `pid` = 197 AND `hide` = 0  [ RunTime:0.001000s ]
SQL: SELECT `id`,`pid`,`title`,`url`,`tip` FROM `ocenter_menu` WHERE `group` = 'å¹¿å‘Šé…ç½®' AND `pid` = 197 AND `hide` = 0 ORDER BY sort asc  [ RunTime:0.002000s ]
SQL: SELECT `id`,`pid`,`title`,`url`,`tip` FROM `ocenter_menu` WHERE `group` = 'æ•°æ®ç»Ÿè®¡' AND `pid` = 197 AND `hide` = 0 ORDER BY sort asc  [ RunTime:0.001000s ]
SQL: SELECT `id`,`pid`,`title`,`url`,`tip` FROM `ocenter_menu` WHERE `group` = 'å…¬å‘Šç®¡ç†' AND `pid` = 197 AND `hide` = 0 ORDER BY sort asc  [ RunTime:0.001001s ]
SQL: SELECT `id`,`pid`,`title`,`url`,`tip` FROM `ocenter_menu` WHERE `group` = 'å¤´è¡”ç®¡ç†' AND `pid` = 197 AND `hide` = 0 ORDER BY sort asc  [ RunTime:0.000000s ]
SQL: SELECT `id`,`pid`,`title`,`url`,`tip` FROM `ocenter_menu` WHERE `group` = 'ç¾¤å‘æ¶ˆæ¯' AND `pid` = 197 AND `hide` = 0 ORDER BY sort asc  [ RunTime:0.001000s ]
SQL: SELECT DISTINCT  `group` FROM `ocenter_menu` WHERE ( pid = 113 ) ORDER BY sort asc  [ RunTime:0.001000s ]
SQL: SELECT `id`,`url` FROM `ocenter_menu` WHERE `pid` = 113 AND `hide` = 0  [ RunTime:0.001000s ]
SQL: SELECT `id`,`pid`,`title`,`url`,`tip` FROM `ocenter_menu` WHERE `group` = 'ç§¯åˆ†ç®¡ç†' AND `pid` = 113 AND `hide` = 0 ORDER BY sort asc  [ RunTime:0.001000s ]
SQL: SELECT `id`,`pid`,`title`,`url`,`tip` FROM `ocenter_menu` WHERE `group` = 'æ•æ„Ÿè¯è¿‡æ»\¤' AND `pid` = 113 AND `hide` = 0 ORDER BY sort asc  [ RunTime:0.002000s ]
SQL: SELECT `id`,`pid`,`title`,`url`,`tip` FROM `ocenter_menu` WHERE `group` = 'è¡Œä¸ºç®¡ç†' AND `pid` = 113 AND `hide` = 0 ORDER BY sort asc  [ RunTime:0.001000s ]
SQL: SELECT `id`,`pid`,`title`,`url`,`tip` FROM `ocenter_menu` WHERE `group` = '' AND `pid` = 113 AND `hide` = 0 ORDER BY sort asc  [ RunTime:0.000000s ]
SQL: SELECT `id`,`pid`,`title`,`url`,`tip` FROM `ocenter_menu` WHERE `group` = 'è¡Œä¸ºé™åˆ¶' AND `pid` = 113 AND `hide` = 0 ORDER BY sort asc  [ RunTime:0.001000s ]
SQL: SELECT `id`,`pid`,`title`,`url`,`tip` FROM `ocenter_menu` WHERE `group` = 'æ•°æ®å¤‡ä»½' AND `pid` = 113 AND `hide` = 0 ORDER BY sort asc  [ RunTime:0.000000s ]
SQL: SELECT DISTINCT  `group` FROM `ocenter_menu` WHERE ( pid = 109 ) ORDER BY sort asc  [ RunTime:0.000000s ]
SQL: SELECT `id`,`url` FROM `ocenter_menu` WHERE `pid` = 109 AND `hide` = 0  [ RunTime:0.000000s ]
SQL: SELECT `id`,`pid`,`title`,`url`,`tip` FROM `ocenter_menu` WHERE `group` = 'å•ç‚¹ç™»å½•' AND `pid` = 109 AND `hide` = 0 ORDER BY sort asc  [ RunTime:0.001001s ]
SQL: SELECT DISTINCT  `group` FROM `ocenter_menu` WHERE ( pid = 74 ) ORDER BY sort asc  [ RunTime:0.001000s ]
SQL: SELECT `id`,`url` FROM `ocenter_menu` WHERE `pid` = 74 AND `hide` = 0  [ RunTime:0.000000s ]
SQL: SELECT `id`,`pid`,`title`,`url`,`tip` FROM `ocenter_menu` WHERE `group` = 'è®¡åˆ’ä»»åŠ¡' AND `pid` = 74 AND `hide` = 0 ORDER BY sort asc  [ RunTime:0.001000s ]
SQL: SELECT `id`,`pid`,`title`,`url`,`tip` FROM `ocenter_menu` WHERE `group` = '' AND `pid` = 74 AND `hide` = 0 ORDER BY sort asc  [ RunTime:0.001000s ]
SQL: SELECT `id`,`pid`,`title`,`url`,`tip` FROM `ocenter_menu` WHERE `group` = 'å›¾ç‰‡ç®¡ç†' AND `pid` = 74 AND `hide` = 0 ORDER BY sort asc  [ RunTime:0.001000s ]
SQL: SELECT `id`,`pid`,`title`,`url`,`tip` FROM `ocenter_menu` WHERE `group` = 'ä¼šè¯ç®¡ç†' AND `pid` = 74 AND `hide` = 0 ORDER BY sort asc  [ RunTime:0.000000s ]
SQL: SELECT `id`,`pid`,`title`,`url`,`tip` FROM `ocenter_menu` WHERE `group` = 'ç³»ç»Ÿè®¾ç½®' AND `pid` = 74 AND `hide` = 0 ORDER BY sort asc  [ RunTime:0.001000s ]
SQL: SELECT `id`,`pid`,`title`,`url`,`tip` FROM `ocenter_menu` WHERE `group` = 'å¯¼èˆªç®¡ç†' AND `pid` = 74 AND `hide` = 0 ORDER BY sort asc  [ RunTime:0.001000s ]
SQL: SELECT `id`,`pid`,`title`,`url`,`tip` FROM `ocenter_menu` WHERE `group` = 'è¡¨æƒ…è®¾ç½®' AND `pid` = 74 AND `hide` = 0 ORDER BY sort asc  [ RunTime:0.004000s ]
SQL: SELECT `id`,`pid`,`title`,`url`,`tip` FROM `ocenter_menu` WHERE `group` = 'SEOè§„åˆ™' AND `pid` = 74 AND `hide` = 0 ORDER BY sort asc  [ RunTime:0.001000s ]
SQL: SELECT `id`,`pid`,`title`,`url`,`tip` FROM `ocenter_menu` WHERE `group` = 'å‡çº§è¡¥ä¸' AND `pid` = 74 AND `hide` = 0 ORDER BY sort asc  [ RunTime:0.001000s ]
SQL: SELECT DISTINCT  `group` FROM `ocenter_menu` WHERE ( pid = 10002 ) ORDER BY sort asc  [ RunTime:0.002001s ]
SQL: SELECT `id`,`url` FROM `ocenter_menu` WHERE `pid` = 10002 AND `hide` = 0  [ RunTime:0.001000s ]
SQL: SELECT `id`,`pid`,`title`,`url`,`tip` FROM `ocenter_menu` WHERE `group` = '' AND `pid` = 10002 AND `hide` = 0 ORDER BY sort asc  [ RunTime:0.001000s ]
SQL: SELECT `id`,`pid`,`title`,`url`,`tip` FROM `ocenter_menu` WHERE `group` = 'è¯é¢˜ç®¡ç†' AND `pid` = 10002 AND `hide` = 0 ORDER BY sort asc  [ RunTime:0.000000s ]
SQL: SELECT `id`,`pid`,`title`,`url`,`tip` FROM `ocenter_menu` WHERE `group` = 'è®¾ç½®' AND `pid` = 10002 AND `hide` = 0 ORDER BY sort asc  [ RunTime:0.001000s ]
SQL: SELECT `id`,`pid`,`title`,`url`,`tip` FROM `ocenter_menu` WHERE `group` = 'å¾®åš' AND `pid` = 10002 AND `hide` = 0 ORDER BY sort asc  [ RunTime:0.001000s ]
SQL: SELECT `id`,`pid`,`title`,`url`,`tip` FROM `ocenter_menu` WHERE `group` = 'å›žå¤' AND `pid` = 10002 AND `hide` = 0 ORDER BY sort asc  [ RunTime:0.000000s ]
SQL: SELECT DISTINCT  `group` FROM `ocenter_menu` WHERE ( pid = 105 ) ORDER BY sort asc  [ RunTime:0.002000s ]
SQL: SELECT `id`,`url` FROM `ocenter_menu` WHERE `pid` = 105 AND `hide` = 0  [ RunTime:0.001000s ]
SQL: SELECT `id`,`pid`,`title`,`url`,`tip` FROM `ocenter_menu` WHERE `group` = 'äº‘å¸‚åœ\º' AND `pid` = 105 AND `hide` = 0 ORDER BY sort asc  [ RunTime:0.001000s ]
SQL: SELECT `id`,`pid`,`title`,`url`,`tip` FROM `ocenter_menu` WHERE `group` = 'æœ¬åœ°' AND `pid` = 105 AND `hide` = 0 ORDER BY sort asc  [ RunTime:0.000000s ]
SQL: SHOW COLUMNS FROM `ocenter_addons` [ RunTime:0.008001s ]
SQL: SELECT `title`,`name` FROM `ocenter_addons` WHERE ( status=1 AND has_adminlist=1 )  [ RunTime:0.001000s ]
SQL: SELECT DISTINCT  `group` FROM `ocenter_menu` WHERE ( pid = 10016 ) ORDER BY sort asc  [ RunTime:0.003000s ]
SQL: SELECT `id`,`url` FROM `ocenter_menu` WHERE `pid` = 10016 AND `hide` = 0  [ RunTime:0.001000s ]
SQL: SELECT `id`,`pid`,`title`,`url`,`tip` FROM `ocenter_menu` WHERE `group` = 'é…ç½®' AND `pid` = 10016 AND `hide` = 0 ORDER BY sort asc  [ RunTime:0.001000s ]
SQL: SELECT DISTINCT  `group` FROM `ocenter_menu` WHERE ( pid = 10028 ) ORDER BY sort asc  [ RunTime:0.001000s ]
SQL: SELECT `id`,`url` FROM `ocenter_menu` WHERE `pid` = 10028 AND `hide` = 0  [ RunTime:0.001000s ]
SQL: SELECT `id`,`pid`,`title`,`url`,`tip` FROM `ocenter_menu` WHERE `group` = 'ç¾¤ç»„' AND `pid` = 10028 AND `hide` = 0 ORDER BY sort asc  [ RunTime:0.000000s ]
SQL: SELECT `id`,`pid`,`title`,`url`,`tip` FROM `ocenter_menu` WHERE `group` = 'æ–‡ç« ' AND `pid` = 10028 AND `hide` = 0 ORDER BY sort asc  [ RunTime:0.001000s ]
SQL: SELECT `id`,`pid`,`title`,`url`,`tip` FROM `ocenter_menu` WHERE `group` = 'è®¾ç½®' AND `pid` = 10028 AND `hide` = 0 ORDER BY sort asc  [ RunTime:0.001001s ]
SQL: SELECT `id`,`pid`,`title`,`url`,`tip` FROM `ocenter_menu` WHERE `group` = 'å›žå¤' AND `pid` = 10028 AND `hide` = 0 ORDER BY sort asc  [ RunTime:0.000000s ]
SQL: SELECT DISTINCT  `group` FROM `ocenter_menu` WHERE ( pid = 10059 ) ORDER BY sort asc  [ RunTime:0.001000s ]
SQL: SELECT `id`,`url` FROM `ocenter_menu` WHERE `pid` = 10059 AND `hide` = 0  [ RunTime:0.001000s ]
SQL: SELECT `id`,`pid`,`title`,`url`,`tip` FROM `ocenter_menu` WHERE `group` = 'èµ„è®¯é…ç½®' AND `pid` = 10059 AND `hide` = 0 ORDER BY sort asc  [ RunTime:0.000000s ]
SQL: SELECT `id`,`pid`,`title`,`url`,`tip` FROM `ocenter_menu` WHERE `group` = 'èµ„è®¯ç®¡ç†' AND `pid` = 10059 AND `hide` = 0 ORDER BY sort asc  [ RunTime:0.001000s ]
SQL: SELECT DISTINCT  `group` FROM `ocenter_menu` WHERE ( pid = 10070 ) ORDER BY sort asc  [ RunTime:0.001000s ]
SQL: SELECT `id`,`url` FROM `ocenter_menu` WHERE `pid` = 10070 AND `hide` = 0  [ RunTime:0.001000s ]
SQL: SELECT `id`,`pid`,`title`,`url`,`tip` FROM `ocenter_menu` WHERE `group` = 'é—®ç­”ç®¡ç†' AND `pid` = 10070 AND `hide` = 0 ORDER BY sort asc  [ RunTime:0.001000s ]
SQL: SELECT `id`,`pid`,`title`,`url`,`tip` FROM `ocenter_menu` WHERE `group` = 'é…ç½®ç®¡ç†' AND `pid` = 10070 AND `hide` = 0 ORDER BY sort asc  [ RunTime:0.003000s ]
SQL: SELECT `id` FROM `ocenter_menu` WHERE ( url like 'News/newscategory%' OR url like '%/News/newscategory%'   ) LIMIT 1   [ RunTime:0.001000s ]
SQL: SHOW COLUMNS FROM `ocenter_menu` [ RunTime:0.009001s ]
SQL: SELECT `id`,`pid`,`title`,`url` FROM `ocenter_menu` WHERE ( id=10063 ) LIMIT 1   [ RunTime:0.003000s ]
SQL: SELECT `id`,`pid`,`title`,`url` FROM `ocenter_menu` WHERE ( id=10059 ) LIMIT 1   [ RunTime:0.001000s ]
SQL: SELECT DISTINCT  `group` FROM `ocenter_menu` WHERE ( pid = 10059 ) ORDER BY sort asc  [ RunTime:0.002000s ]
SQL: SELECT `id`,`url` FROM `ocenter_menu` WHERE `pid` = 10059 AND `hide` = 0  [ RunTime:0.002000s ]
SQL: SELECT `id`,`pid`,`title`,`url`,`tip` FROM `ocenter_menu` WHERE `group` = 'èµ„è®¯é…ç½®' AND `pid` = 10059 AND `hide` = 0 ORDER BY sort asc  [ RunTime:0.000000s ]
SQL: SELECT `id`,`pid`,`title`,`url`,`tip` FROM `ocenter_menu` WHERE `group` = 'èµ„è®¯ç®¡ç†' AND `pid` = 10059 AND `hide` = 0 ORDER BY sort asc  [ RunTime:0.000000s ]
SQL: SHOW COLUMNS FROM `ocenter_module` [ RunTime:0.007000s ]
SQL: SELECT * FROM `ocenter_module` WHERE `name` = 'Api' LIMIT 1   [ RunTime:0.001000s ]
NOTIC: [8] Undefined variable: token E:\phpStudy\WWW\shanren\Application\Common\Model\ModuleModel.class.php ç¬¬ 242 è¡Œ.
SQL: SELECT * FROM `ocenter_module` WHERE `name` = 'Core' LIMIT 1   [ RunTime:0.001000s ]
NOTIC: [8] Undefined variable: token E:\phpStudy\WWW\shanren\Application\Common\Model\ModuleModel.class.php ç¬¬ 242 è¡Œ.
SQL: SELECT * FROM `ocenter_module` WHERE `name` = 'Group' LIMIT 1   [ RunTime:0.002000s ]
SQL: SELECT * FROM `ocenter_module` WHERE `name` = 'Home' LIMIT 1   [ RunTime:0.004000s ]
NOTIC: [8] Undefined variable: token E:\phpStudy\WWW\shanren\Application\Common\Model\ModuleModel.class.php ç¬¬ 242 è¡Œ.
SQL: SELECT * FROM `ocenter_module` WHERE `name` = 'News' LIMIT 1   [ RunTime:0.001000s ]
SQL: SELECT * FROM `ocenter_module` WHERE `name` = 'People' LIMIT 1   [ RunTime:0.001000s ]
NOTIC: [8] Undefined variable: token E:\phpStudy\WWW\shanren\Application\Common\Model\ModuleModel.class.php ç¬¬ 242 è¡Œ.
SQL: SELECT * FROM `ocenter_module` WHERE `name` = 'Question' LIMIT 1   [ RunTime:0.001000s ]
SQL: SELECT * FROM `ocenter_module` WHERE `name` = 'Ucenter' LIMIT 1   [ RunTime:0.002000s ]
NOTIC: [8] Undefined variable: token E:\phpStudy\WWW\shanren\Application\Common\Model\ModuleModel.class.php ç¬¬ 242 è¡Œ.
SQL: SELECT * FROM `ocenter_module` WHERE `name` = 'Weibo' LIMIT 1   [ RunTime:0.002000s ]
NOTIC: [8] Undefined variable: token E:\phpStudy\WWW\shanren\Application\Common\Model\ModuleModel.class.php ç¬¬ 242 è¡Œ.
SQL: SELECT * FROM `ocenter_menu` WHERE `module` = 'Api' AND `pid` = 0 LIMIT 1   [ RunTime:0.003000s ]
SQL: SELECT DISTINCT  `group` FROM `ocenter_menu` WHERE ( pid = 10018 ) ORDER BY sort asc  [ RunTime:0.001000s ]
SQL: SELECT `id`,`url` FROM `ocenter_menu` WHERE `pid` = 10018 AND `hide` = 0  [ RunTime:0.001000s ]
SQL: SELECT `id`,`pid`,`title`,`url`,`tip` FROM `ocenter_menu` WHERE `group` = 'åŸºç¡€é…ç½®' AND `pid` = 10018 AND `hide` = 0 ORDER BY sort asc  [ RunTime:0.001000s ]
SQL: SELECT `id`,`pid`,`title`,`url`,`tip` FROM `ocenter_menu` WHERE `group` = 'æ¨¡å—é…ç½®' AND `pid` = 10018 AND `hide` = 0 ORDER BY sort asc  [ RunTime:0.001000s ]
SQL: SELECT `id`,`pid`,`title`,`url`,`tip` FROM `ocenter_menu` WHERE `group` = 'æ’ä»¶é…ç½®' AND `pid` = 10018 AND `hide` = 0 ORDER BY sort asc  [ RunTime:0.001000s ]
SQL: SELECT * FROM `ocenter_menu` WHERE `module` = 'Group' AND `pid` = 0 LIMIT 1   [ RunTime:0.001000s ]
SQL: SELECT DISTINCT  `group` FROM `ocenter_menu` WHERE ( pid = 10028 ) ORDER BY sort asc  [ RunTime:0.001000s ]
SQL: SELECT `id`,`url` FROM `ocenter_menu` WHERE `pid` = 10028 AND `hide` = 0  [ RunTime:0.002001s ]
SQL: SELECT `id`,`pid`,`title`,`url`,`tip` FROM `ocenter_menu` WHERE `group` = 'ç¾¤ç»„' AND `pid` = 10028 AND `hide` = 0 ORDER BY sort asc  [ RunTime:0.001000s ]
SQL: SELECT `id`,`pid`,`title`,`url`,`tip` FROM `ocenter_menu` WHERE `group` = 'æ–‡ç« ' AND `pid` = 10028 AND `hide` = 0 ORDER BY sort asc  [ RunTime:0.001000s ]
SQL: SELECT `id`,`pid`,`title`,`url`,`tip` FROM `ocenter_menu` WHERE `group` = 'è®¾ç½®' AND `pid` = 10028 AND `hide` = 0 ORDER BY sort asc  [ RunTime:0.001000s ]
SQL: SELECT `id`,`pid`,`title`,`url`,`tip` FROM `ocenter_menu` WHERE `group` = 'å›žå¤' AND `pid` = 10028 AND `hide` = 0 ORDER BY sort asc  [ RunTime:0.001000s ]
SQL: SELECT * FROM `ocenter_menu` WHERE `module` = 'Home' AND `pid` = 0 LIMIT 1   [ RunTime:0.001000s ]
SQL: SELECT DISTINCT  `group` FROM `ocenter_menu` WHERE ( pid = 10000 ) ORDER BY sort asc  [ RunTime:0.000000s ]
SQL: SELECT `id`,`url` FROM `ocenter_menu` WHERE `pid` = 10000 AND `hide` = 0  [ RunTime:0.001000s ]
SQL: SELECT `id`,`pid`,`title`,`url`,`tip` FROM `ocenter_menu` WHERE `group` = 'è®¾ç½®' AND `pid` = 10000 AND `hide` = 0 ORDER BY sort asc  [ RunTime:0.001000s ]
SQL: SELECT * FROM `ocenter_menu` WHERE `module` = 'News' AND `pid` = 0 LIMIT 1   [ RunTime:0.000000s ]
SQL: SELECT DISTINCT  `group` FROM `ocenter_menu` WHERE ( pid = 10059 ) ORDER BY sort asc  [ RunTime:0.001000s ]
SQL: SELECT `id`,`url` FROM `ocenter_menu` WHERE `pid` = 10059 AND `hide` = 0  [ RunTime:0.000000s ]
SQL: SELECT `id`,`pid`,`title`,`url`,`tip` FROM `ocenter_menu` WHERE `group` = 'èµ„è®¯é…ç½®' AND `pid` = 10059 AND `hide` = 0 ORDER BY sort asc  [ RunTime:0.000000s ]
SQL: SELECT `id`,`pid`,`title`,`url`,`tip` FROM `ocenter_menu` WHERE `group` = 'èµ„è®¯ç®¡ç†' AND `pid` = 10059 AND `hide` = 0 ORDER BY sort asc  [ RunTime:0.000000s ]
SQL: SELECT * FROM `ocenter_menu` WHERE `module` = 'People' AND `pid` = 0 LIMIT 1   [ RunTime:0.001000s ]
SQL: SELECT DISTINCT  `group` FROM `ocenter_menu` WHERE ( pid = 10016 ) ORDER BY sort asc  [ RunTime:0.001000s ]
SQL: SELECT `id`,`url` FROM `ocenter_menu` WHERE `pid` = 10016 AND `hide` = 0  [ RunTime:0.001000s ]
SQL: SELECT `id`,`pid`,`title`,`url`,`tip` FROM `ocenter_menu` WHERE `group` = 'é…ç½®' AND `pid` = 10016 AND `hide` = 0 ORDER BY sort asc  [ RunTime:0.003000s ]
SQL: SELECT * FROM `ocenter_menu` WHERE `module` = 'Question' AND `pid` = 0 LIMIT 1   [ RunTime:0.001000s ]
SQL: SELECT DISTINCT  `group` FROM `ocenter_menu` WHERE ( pid = 10070 ) ORDER BY sort asc  [ RunTime:0.001000s ]
SQL: SELECT `id`,`url` FROM `ocenter_menu` WHERE `pid` = 10070 AND `hide` = 0  [ RunTime:0.005000s ]
SQL: SELECT `id`,`pid`,`title`,`url`,`tip` FROM `ocenter_menu` WHERE `group` = 'é—®ç­”ç®¡ç†' AND `pid` = 10070 AND `hide` = 0 ORDER BY sort asc  [ RunTime:0.002000s ]
SQL: SELECT `id`,`pid`,`title`,`url`,`tip` FROM `ocenter_menu` WHERE `group` = 'é…ç½®ç®¡ç†' AND `pid` = 10070 AND `hide` = 0 ORDER BY sort asc  [ RunTime:0.001000s ]
SQL: SELECT * FROM `ocenter_menu` WHERE `module` = 'Ucenter' AND `pid` = 0 LIMIT 1   [ RunTime:0.002000s ]
SQL: SELECT * FROM `ocenter_menu` WHERE `module` = 'Weibo' AND `pid` = 0 LIMIT 1   [ RunTime:0.003001s ]
SQL: SELECT DISTINCT  `group` FROM `ocenter_menu` WHERE ( pid = 10002 ) ORDER BY sort asc  [ RunTime:0.001000s ]
SQL: SELECT `id`,`url` FROM `ocenter_menu` WHERE `pid` = 10002 AND `hide` = 0  [ RunTime:0.002000s ]
SQL: SELECT `id`,`pid`,`title`,`url`,`tip` FROM `ocenter_menu` WHERE `group` = '' AND `pid` = 10002 AND `hide` = 0 ORDER BY sort asc  [ RunTime:0.002000s ]
SQL: SELECT `id`,`pid`,`title`,`url`,`tip` FROM `ocenter_menu` WHERE `group` = 'è¯é¢˜ç®¡ç†' AND `pid` = 10002 AND `hide` = 0 ORDER BY sort asc  [ RunTime:0.001000s ]
SQL: SELECT `id`,`pid`,`title`,`url`,`tip` FROM `ocenter_menu` WHERE `group` = 'è®¾ç½®' AND `pid` = 10002 AND `hide` = 0 ORDER BY sort asc  [ RunTime:0.001000s ]
SQL: SELECT `id`,`pid`,`title`,`url`,`tip` FROM `ocenter_menu` WHERE `group` = 'å¾®åš' AND `pid` = 10002 AND `hide` = 0 ORDER BY sort asc  [ RunTime:0.001000s ]
SQL: SELECT `id`,`pid`,`title`,`url`,`tip` FROM `ocenter_menu` WHERE `group` = 'å›žå¤' AND `pid` = 10002 AND `hide` = 0 ORDER BY sort asc  [ RunTime:0.000000s ]
SQL: SHOW COLUMNS FROM `ocenter_version` [ RunTime:0.012001s ]
SQL: SELECT * FROM `ocenter_version` ORDER BY number asc  [ RunTime:0.001000s ]
SQL: SELECT * FROM `ocenter_version` WHERE `name` = '3.3.5' LIMIT 1   [ RunTime:0.001000s ]
NOTIC: [2] Invalid argument supplied for foreach() E:\phpStudy\WWW\shanren\Application\Admin\Model\VersionModel.class.php ç¬¬ 91 è¡Œ.
SQL: SHOW COLUMNS FROM `ocenter_news` [ RunTime:0.009001s ]
SQL: SHOW COLUMNS FROM `ocenter_news_detail` [ RunTime:0.013001s ]
SQL: SHOW COLUMNS FROM `ocenter_news_category` [ RunTime:0.010000s ]
NOTIC: [2048] Declaration of Admin\Builder\AdminTreeListBuilder::display() should be compatible with Admin\Builder\AdminBuilder::display($templateFile = '', $charset = '', $contentType = '', $content = '', $prefix = '') E:\phpStudy\WWW\shanren\Application\Admin\Builder\AdminTreeListBuilder.class.php ç¬¬ 12 è¡Œ.
SQL: SELECT `type`,`name`,`value` FROM `ocenter_config` WHERE `status` = 1  [ RunTime:0.002000s ]
SQL: SELECT * FROM `ocenter_module` WHERE `name` = 'Admin' LIMIT 1   [ RunTime:0.001000s ]
INFO: [ action_begin ] --START--
INFO: Run Common\Behavior\InitModuleInfoBehavior [ RunTime:0.000000s ]
INFO: [ action_begin ] --END-- [ RunTime:-0.368021s ]
SQL: SELECT `id`,`title`,`sort`,`pid`,`status` FROM `ocenter_news_category` WHERE `status` > -1 ORDER BY sort  [ RunTime:0.001000s ]
NOTIC: [8] Undefined index: totalCount E:\phpStudy\WWW\shanren\Application\Admin\Builder\AdminTreeListBuilder.class.php ç¬¬ 350 è¡Œ.
NOTIC: [8] Undefined index: listRows E:\phpStudy\WWW\shanren\Application\Admin\Builder\AdminTreeListBuilder.class.php ç¬¬ 350 è¡Œ.
INFO: [ view_parse ] --START--
INFO: [ template_filter ] --START--
INFO: Run Behavior\ContentReplaceBehavior [ RunTime:0.000000s ]
INFO: [ template_filter ] --END-- [ RunTime:0.000000s ]
SQL: SELECT `value` FROM `ocenter_config` WHERE `name` = '_CONFIG_LOGO' LIMIT 1   [ RunTime:0.001000s ]
SQL: SELECT `type`,`name`,`value` FROM `ocenter_config` WHERE `status` = 1  [ RunTime:0.002000s ]
SQL: SELECT * FROM `ocenter_module` WHERE `name` = 'Admin' LIMIT 1   [ RunTime:0.001000s ]
INFO: [ action_begin ] --START--
INFO: Run Common\Behavior\InitModuleInfoBehavior [ RunTime:0.000000s ]
INFO: [ action_begin ] --END-- [ RunTime:-0.420024s ]
SQL: SHOW COLUMNS FROM `ocenter_avatar` [ RunTime:0.011000s ]
SQL: SELECT * FROM `ocenter_avatar` WHERE `uid` = 1 AND `status` = 1 AND `is_temp` = 0 LIMIT 1   [ RunTime:0.001000s ]
SQL: SHOW COLUMNS FROM `ocenter_member` [ RunTime:0.010001s ]
SQL: SELECT `show_role` FROM `ocenter_member` WHERE ( uid=1 )  [ RunTime:0.003000s ]
SQL: SHOW COLUMNS FROM `ocenter_role_config` [ RunTime:0.013001s ]
SQL: SELECT `value` FROM `ocenter_role_config` WHERE `role_id` = 1 AND `category` = '' AND `name` = 'avatar' LIMIT 1   [ RunTime:0.001000s ]
NOTIC: [2] unlink(./Runtime/Temp/4cfe6f27641912969a05ecbc17c101d5.php): No such file or directory E:\phpStudy\WWW\shanren\ThinkPHP\Library\Think\Cache\Driver\File.class.php ç¬¬ 157 è¡Œ.
NOTIC: [2] unlink(./Runtime/Temp/b0703f03232cbf9a425d965ee44f1b8b.php): No such file or directory E:\phpStudy\WWW\shanren\ThinkPHP\Library\Think\Cache\Driver\File.class.php ç¬¬ 157 è¡Œ.
SQL: SELECT * FROM `ocenter_avatar` WHERE `uid` = 1 AND `status` = 1 AND `is_temp` = 0 LIMIT 1   [ RunTime:0.001000s ]
SQL: SELECT `show_role` FROM `ocenter_member` WHERE ( uid=1 )  [ RunTime:0.000000s ]
SQL: SELECT `value` FROM `ocenter_role_config` WHERE `role_id` = 1 AND `category` = '' AND `name` = 'avatar' LIMIT 1   [ RunTime:0.001000s ]
NOTIC: [2] unlink(./Runtime/Temp/4cfe6f27641912969a05ecbc17c101d5.php): No such file or directory E:\phpStudy\WWW\shanren\ThinkPHP\Library\Think\Cache\Driver\File.class.php ç¬¬ 157 è¡Œ.
NOTIC: [2] unlink(./Runtime/Temp/b0703f03232cbf9a425d965ee44f1b8b.php): No such file or directory E:\phpStudy\WWW\shanren\ThinkPHP\Library\Think\Cache\Driver\File.class.php ç¬¬ 157 è¡Œ.
SQL: SELECT * FROM `ocenter_avatar` WHERE `uid` = 1 AND `status` = 1 AND `is_temp` = 0 LIMIT 1   [ RunTime:0.001000s ]
SQL: SELECT `show_role` FROM `ocenter_member` WHERE ( uid=1 )  [ RunTime:0.001001s ]
SQL: SELECT `value` FROM `ocenter_role_config` WHERE `role_id` = 1 AND `category` = '' AND `name` = 'avatar' LIMIT 1   [ RunTime:0.001000s ]
NOTIC: [2] unlink(./Runtime/Temp/4cfe6f27641912969a05ecbc17c101d5.php): No such file or directory E:\phpStudy\WWW\shanren\ThinkPHP\Library\Think\Cache\Driver\File.class.php ç¬¬ 157 è¡Œ.
NOTIC: [2] unlink(./Runtime/Temp/b0703f03232cbf9a425d965ee44f1b8b.php): No such file or directory E:\phpStudy\WWW\shanren\ThinkPHP\Library\Think\Cache\Driver\File.class.php ç¬¬ 157 è¡Œ.
SQL: SELECT * FROM `ocenter_avatar` WHERE `uid` = 1 AND `status` = 1 AND `is_temp` = 0 LIMIT 1   [ RunTime:0.001000s ]
SQL: SELECT `show_role` FROM `ocenter_member` WHERE ( uid=1 )  [ RunTime:0.001000s ]
SQL: SELECT `value` FROM `ocenter_role_config` WHERE `role_id` = 1 AND `category` = '' AND `name` = 'avatar' LIMIT 1   [ RunTime:0.001000s ]
NOTIC: [2] unlink(./Runtime/Temp/4cfe6f27641912969a05ecbc17c101d5.php): No such file or directory E:\phpStudy\WWW\shanren\ThinkPHP\Library\Think\Cache\Driver\File.class.php ç¬¬ 157 è¡Œ.
NOTIC: [2] unlink(./Runtime/Temp/b0703f03232cbf9a425d965ee44f1b8b.php): No such file or directory E:\phpStudy\WWW\shanren\ThinkPHP\Library\Think\Cache\Driver\File.class.php ç¬¬ 157 è¡Œ.
SQL: SELECT * FROM `ocenter_avatar` WHERE `uid` = 1 AND `status` = 1 AND `is_temp` = 0 LIMIT 1   [ RunTime:0.003000s ]
SQL: SELECT `show_role` FROM `ocenter_member` WHERE ( uid=1 )  [ RunTime:0.001000s ]
SQL: SELECT `value` FROM `ocenter_role_config` WHERE `role_id` = 1 AND `category` = '' AND `name` = 'avatar' LIMIT 1   [ RunTime:0.002000s ]
NOTIC: [2] unlink(./Runtime/Temp/4cfe6f27641912969a05ecbc17c101d5.php): No such file or directory E:\phpStudy\WWW\shanren\ThinkPHP\Library\Think\Cache\Driver\File.class.php ç¬¬ 157 è¡Œ.
NOTIC: [2] unlink(./Runtime/Temp/b0703f03232cbf9a425d965ee44f1b8b.php): No such file or directory E:\phpStudy\WWW\shanren\ThinkPHP\Library\Think\Cache\Driver\File.class.php ç¬¬ 157 è¡Œ.
SQL: SELECT `id` FROM `ocenter_menu` WHERE ( url like '%News/newscategory' AND pid > 0 ) LIMIT 1   [ RunTime:0.002000s ]
NOTIC: [8] Array to string conversion E:\phpStudy\WWW\shanren\Runtime\Cache\Admin\f134f7a3947f3f7ecff738b29863ded7.php ç¬¬ 228 è¡Œ.
SQL: SELECT `type`,`name`,`value` FROM `ocenter_config` WHERE `status` = 1  [ RunTime:0.001000s ]
SQL: SELECT * FROM `ocenter_module` WHERE `name` = 'Admin' LIMIT 1   [ RunTime:0.002000s ]
INFO: [ action_begin ] --START--
INFO: Run Common\Behavior\InitModuleInfoBehavior [ RunTime:0.000000s ]
INFO: [ action_begin ] --END-- [ RunTime:-0.494028s ]
INFO: [ view_parse ] --START--
INFO: [ template_filter ] --START--
INFO: Run Behavior\ContentReplaceBehavior [ RunTime:0.000000s ]
INFO: [ template_filter ] --END-- [ RunTime:-0.103006s ]
INFO: Run Behavior\ParseTemplateBehavior [ RunTime:0.006000s ]
INFO: [ view_parse ] --END-- [ RunTime:0.006000s ]
INFO: [ view_filter ] --START--
INFO: Run Behavior\WriteHtmlCacheBehavior [ RunTime:0.000000s ]
INFO: [ view_filter ] --END-- [ RunTime:0.000000s ]
NOTIC: [8] Undefined variable: report E:\phpStudy\WWW\shanren\Runtime\Cache\Admin\f134f7a3947f3f7ecff738b29863ded7.php ç¬¬ 493 è¡Œ.
INFO: Run Behavior\ParseTemplateBehavior [ RunTime:0.006000s ]
INFO: [ view_parse ] --END-- [ RunTime:0.006000s ]
INFO: [ view_filter ] --START--
INFO: Run Behavior\WriteHtmlCacheBehavior [ RunTime:0.000000s ]
INFO: [ view_filter ] --END-- [ RunTime:0.000000s ]
INFO: [ app_end ] --START--
INFO: Run Behavior\ShowPageTraceBehavior [ RunTime:0.000000s ]
INFO: [ app_end ] --END-- [ RunTime:0.000000s ]

[ 2017-04-13T19:37:11+08:00 ] ::1 /shanren/index.php?s=/admin/news/config.html
INFO: [ app_init ] --START--
INFO: Run Behavior\BuildLiteBehavior [ RunTime:0.000000s ]
INFO: Run Common\Behavior\InitHookBehavior [ RunTime:0.002000s ]
INFO: [ app_init ] --END-- [ RunTime:0.002000s ]
NOTIC: [8] Undefined index: router E:\phpStudy\WWW\shanren\Application\Common\Common\function.php ç¬¬ 1936 è¡Œ.
NOTIC: [8] Undefined index: router E:\phpStudy\WWW\shanren\Application\Common\Common\function.php ç¬¬ 1936 è¡Œ.
NOTIC: [8] Undefined index: router E:\phpStudy\WWW\shanren\Application\Common\Common\function.php ç¬¬ 1936 è¡Œ.
NOTIC: [8] Undefined index: router E:\phpStudy\WWW\shanren\Application\Common\Common\function.php ç¬¬ 1936 è¡Œ.
SQL: SHOW COLUMNS FROM `ocenter_config` [ RunTime:0.009001s ]
SQL: SELECT `type`,`name`,`value` FROM `ocenter_config` WHERE `status` = 1  [ RunTime:0.002000s ]
INFO: [ app_begin ] --START--
INFO: Run Behavior\ReadHtmlCacheBehavior [ RunTime:0.001000s ]
INFO: Run Behavior\CheckLangBehavior [ RunTime:0.018001s ]
INFO: [ app_begin ] --END-- [ RunTime:0.019001s ]
NOTIC: [8192] mysql_connect(): The mysql extension is deprecated and will be removed in the future: use mysqli or PDO instead E:\phpStudy\WWW\shanren\ThinkPHP\Library\Think\Session\Driver\Db.class.php ç¬¬ 95 è¡Œ.
SQL: SHOW COLUMNS FROM `ocenter_module` [ RunTime:0.009001s ]
SQL: SELECT `type`,`name`,`value` FROM `ocenter_config` WHERE `status` = 1  [ RunTime:0.001000s ]
SQL: SELECT * FROM `ocenter_module` WHERE `name` = 'Admin' LIMIT 1   [ RunTime:0.001000s ]
INFO: [ action_begin ] --START--
INFO: Run Common\Behavior\InitModuleInfoBehavior [ RunTime:0.000000s ]
INFO: [ action_begin ] --END-- [ RunTime:0.000000s ]
NOTIC: [2048] Declaration of Admin\Controller\NewsController::setStatus() should be compatible with Admin\Controller\AdminController::setStatus($Model = Admin\Controller\CONTROLLER_NAME) E:\phpStudy\WWW\shanren\Application\News\Controller\NewsController.class.php ç¬¬ 18 è¡Œ.
SQL: SELECT `type`,`name`,`value` FROM `ocenter_config` WHERE `status` = 1  [ RunTime:0.004001s ]
SQL: SELECT * FROM `ocenter_module` WHERE `name` = 'Admin' LIMIT 1   [ RunTime:0.001000s ]
INFO: [ action_begin ] --START--
INFO: Run Common\Behavior\InitModuleInfoBehavior [ RunTime:0.000000s ]
INFO: [ action_begin ] --END-- [ RunTime:-0.011001s ]
SQL: SHOW COLUMNS FROM `ocenter_version` [ RunTime:0.009001s ]
SQL: SHOW COLUMNS FROM `ocenter_news` [ RunTime:0.009000s ]
SQL: SHOW COLUMNS FROM `ocenter_news_detail` [ RunTime:0.011001s ]
SQL: SHOW COLUMNS FROM `ocenter_news_category` [ RunTime:0.009000s ]
NOTIC: [2048] Declaration of Admin\Builder\AdminConfigBuilder::display() should be compatible with Admin\Builder\AdminBuilder::display($templateFile = '', $charset = '', $contentType = '', $content = '', $prefix = '') E:\phpStudy\WWW\shanren\Application\Admin\Builder\AdminConfigBuilder.class.php ç¬¬ 12 è¡Œ.
SQL: SELECT `type`,`name`,`value` FROM `ocenter_config` WHERE `status` = 1  [ RunTime:0.001000s ]
SQL: SELECT * FROM `ocenter_module` WHERE `name` = 'Admin' LIMIT 1   [ RunTime:0.000000s ]
INFO: [ action_begin ] --START--
INFO: Run Common\Behavior\InitModuleInfoBehavior [ RunTime:0.000000s ]
INFO: [ action_begin ] --END-- [ RunTime:-0.062004s ]
SQL: SHOW COLUMNS FROM `ocenter_config` [ RunTime:0.009000s ]
SQL: SELECT * FROM `ocenter_config` WHERE `name` LIKE '_NEWS_%' LIMIT 999   [ RunTime:0.001000s ]
NOTIC: [2] Invalid argument supplied for foreach() E:\phpStudy\WWW\shanren\Application\Admin\Builder\AdminConfigBuilder.class.php ç¬¬ 543 è¡Œ.
NOTIC: [8] Undefined index: NEWS_SHOW_POSITION E:\phpStudy\WWW\shanren\Application\Admin\Builder\AdminConfigBuilder.class.php ç¬¬ 657 è¡Œ.
NOTIC: [8] Undefined index: NEWS_ORDER_FIELD E:\phpStudy\WWW\shanren\Application\Admin\Builder\AdminConfigBuilder.class.php ç¬¬ 657 è¡Œ.
NOTIC: [8] Undefined index: NEWS_ORDER_TYPE E:\phpStudy\WWW\shanren\Application\Admin\Builder\AdminConfigBuilder.class.php ç¬¬ 657 è¡Œ.
NOTIC: [8] Undefined index: NEWS_PAGE_NUM E:\phpStudy\WWW\shanren\Application\Admin\Builder\AdminConfigBuilder.class.php ç¬¬ 657 è¡Œ.
NOTIC: [8] Undefined index: NEWS_SHOW_TITLE E:\phpStudy\WWW\shanren\Application\Admin\Builder\AdminConfigBuilder.class.php ç¬¬ 657 è¡Œ.
NOTIC: [8] Undefined index: NEWS_SHOW_COUNT E:\phpStudy\WWW\shanren\Application\Admin\Builder\AdminConfigBuilder.class.php ç¬¬ 657 è¡Œ.
NOTIC: [8] Undefined index: NEWS_SHOW_TYPE E:\phpStudy\WWW\shanren\Application\Admin\Builder\AdminConfigBuilder.class.php ç¬¬ 657 è¡Œ.
NOTIC: [8] Undefined index: NEWS_SHOW_ORDER_FIELD E:\phpStudy\WWW\shanren\Application\Admin\Builder\AdminConfigBuilder.class.php ç¬¬ 657 è¡Œ.
NOTIC: [8] Undefined index: NEWS_SHOW_ORDER_TYPE E:\phpStudy\WWW\shanren\Application\Admin\Builder\AdminConfigBuilder.class.php ç¬¬ 657 è¡Œ.
NOTIC: [8] Undefined index: NEWS_SHOW_CACHE_TIME E:\phpStudy\WWW\shanren\Application\Admin\Builder\AdminConfigBuilder.class.php ç¬¬ 657 è¡Œ.
NOTIC: [8] Undefined index: INDEX_LOCAL_COMMENT_CAN_GUEST E:\phpStudy\WWW\shanren\Application\Admin\Builder\AdminConfigBuilder.class.php ç¬¬ 657 è¡Œ.
NOTIC: [8] Undefined index: INDEX_LOCAL_COMMENT_ORDER E:\phpStudy\WWW\shanren\Application\Admin\Builder\AdminConfigBuilder.class.php ç¬¬ 657 è¡Œ.
NOTIC: [8] Undefined index: INDEX_LOCAL_COMMENT_COUNT E:\phpStudy\WWW\shanren\Application\Admin\Builder\AdminConfigBuilder.class.php ç¬¬ 657 è¡Œ.
INFO: [ view_parse ] --START--
INFO: [ template_filter ] --START--
INFO: Run Behavior\ContentReplaceBehavior [ RunTime:0.001001s ]
INFO: [ template_filter ] --END-- [ RunTime:0.001001s ]
SQL: SELECT `value` FROM `ocenter_config` WHERE `name` = '_CONFIG_LOGO' LIMIT 1   [ RunTime:0.000000s ]
SQL: SHOW COLUMNS FROM `ocenter_menu` [ RunTime:0.009001s ]
SQL: SELECT `id` FROM `ocenter_menu` WHERE ( url like '%News/config' AND pid > 0 ) LIMIT 1   [ RunTime:0.001000s ]
NOTIC: [8] Array to string conversion E:\phpStudy\WWW\shanren\Runtime\Cache\Admin\b68d12039daf4619c997c2e5472db14a.php ç¬¬ 228 è¡Œ.
NOTIC: [8] Undefined variable: report E:\phpStudy\WWW\shanren\Runtime\Cache\Admin\b68d12039daf4619c997c2e5472db14a.php ç¬¬ 1162 è¡Œ.
NOTIC: [8] Undefined variable: chosen_select2 E:\phpStudy\WWW\shanren\Runtime\Cache\Admin\b68d12039daf4619c997c2e5472db14a.php ç¬¬ 1332 è¡Œ.
NOTIC: [8] Undefined variable: has_nestable E:\phpStudy\WWW\shanren\Runtime\Cache\Admin\b68d12039daf4619c997c2e5472db14a.php ç¬¬ 1339 è¡Œ.
NOTIC: [8] Undefined variable: importDatetimePicker E:\phpStudy\WWW\shanren\Runtime\Cache\Admin\b68d12039daf4619c997c2e5472db14a.php ç¬¬ 1366 è¡Œ.
NOTIC: [8] Undefined variable: colorPicker E:\phpStudy\WWW\shanren\Runtime\Cache\Admin\b68d12039daf4619c997c2e5472db14a.php ç¬¬ 1396 è¡Œ.
NOTIC: [8] Undefined variable: importCheckBox E:\phpStudy\WWW\shanren\Runtime\Cache\Admin\b68d12039daf4619c997c2e5472db14a.php ç¬¬ 1423 è¡Œ.
NOTIC: [8] Undefined variable: myJs E:\phpStudy\WWW\shanren\Runtime\Cache\Admin\b68d12039daf4619c997c2e5472db14a.php ç¬¬ 1496 è¡Œ.
INFO: Run Behavior\ParseTemplateBehavior [ RunTime:0.092006s ]
INFO: [ view_parse ] --END-- [ RunTime:0.092006s ]
INFO: [ view_filter ] --START--
INFO: Run Behavior\WriteHtmlCacheBehavior [ RunTime:0.000000s ]
INFO: [ view_filter ] --END-- [ RunTime:0.000000s ]
INFO: [ app_end ] --START--
INFO: Run Behavior\ShowPageTraceBehavior [ RunTime:0.000000s ]
INFO: [ app_end ] --END-- [ RunTime:0.000000s ]

[ 2017-04-13T19:37:14+08:00 ] ::1 /shanren/index.php?s=/admin/news/audit.html
INFO: [ app_init ] --START--
INFO: Run Behavior\BuildLiteBehavior [ RunTime:0.000000s ]
INFO: Run Common\Behavior\InitHookBehavior [ RunTime:0.001000s ]
INFO: [ app_init ] --END-- [ RunTime:0.001000s ]
NOTIC: [8] Undefined index: router E:\phpStudy\WWW\shanren\Application\Common\Common\function.php ç¬¬ 1936 è¡Œ.
NOTIC: [8] Undefined index: router E:\phpStudy\WWW\shanren\Application\Common\Common\function.php ç¬¬ 1936 è¡Œ.
NOTIC: [8] Undefined index: router E:\phpStudy\WWW\shanren\Application\Common\Common\function.php ç¬¬ 1936 è¡Œ.
NOTIC: [8] Undefined index: router E:\phpStudy\WWW\shanren\Application\Common\Common\function.php ç¬¬ 1936 è¡Œ.
SQL: SHOW COLUMNS FROM `ocenter_config` [ RunTime:0.008000s ]
SQL: SELECT `type`,`name`,`value` FROM `ocenter_config` WHERE `status` = 1  [ RunTime:0.002001s ]
INFO: [ app_begin ] --START--
INFO: Run Behavior\ReadHtmlCacheBehavior [ RunTime:0.000000s ]
INFO: Run Behavior\CheckLangBehavior [ RunTime:0.017001s ]
INFO: [ app_begin ] --END-- [ RunTime:0.018001s ]
NOTIC: [8192] mysql_connect(): The mysql extension is deprecated and will be removed in the future: use mysqli or PDO instead E:\phpStudy\WWW\shanren\ThinkPHP\Library\Think\Session\Driver\Db.class.php ç¬¬ 95 è¡Œ.
SQL: SHOW COLUMNS FROM `ocenter_module` [ RunTime:0.012001s ]
SQL: SELECT `type`,`name`,`value` FROM `ocenter_config` WHERE `status` = 1  [ RunTime:0.001000s ]
SQL: SELECT * FROM `ocenter_module` WHERE `name` = 'Admin' LIMIT 1   [ RunTime:0.001000s ]
INFO: [ action_begin ] --START--
INFO: Run Common\Behavior\InitModuleInfoBehavior [ RunTime:0.000000s ]
INFO: [ action_begin ] --END-- [ RunTime:0.000000s ]
NOTIC: [2048] Declaration of Admin\Controller\NewsController::setStatus() should be compatible with Admin\Controller\AdminController::setStatus($Model = Admin\Controller\CONTROLLER_NAME) E:\phpStudy\WWW\shanren\Application\News\Controller\NewsController.class.php ç¬¬ 18 è¡Œ.
SQL: SELECT `type`,`name`,`value` FROM `ocenter_config` WHERE `status` = 1  [ RunTime:0.000000s ]
SQL: SELECT * FROM `ocenter_module` WHERE `name` = 'Admin' LIMIT 1   [ RunTime:0.001000s ]
INFO: [ action_begin ] --START--
INFO: Run Common\Behavior\InitModuleInfoBehavior [ RunTime:0.000000s ]
INFO: [ action_begin ] --END-- [ RunTime:-0.006000s ]
SQL: SHOW COLUMNS FROM `ocenter_version` [ RunTime:0.010001s ]
SQL: SHOW COLUMNS FROM `ocenter_news` [ RunTime:0.013001s ]
SQL: SHOW COLUMNS FROM `ocenter_news_detail` [ RunTime:0.010001s ]
SQL: SHOW COLUMNS FROM `ocenter_news_category` [ RunTime:0.009000s ]
SQL: SELECT COUNT(*) AS tp_count FROM `ocenter_news` WHERE `status` = 2 AND `dead_line` > 1492083433 LIMIT 1   [ RunTime:0.002000s ]
SQL: SELECT * FROM `ocenter_news` WHERE `status` = 2 AND `dead_line` > 1492083433 ORDER BY update_time desc LIMIT 0,20   [ RunTime:0.001000s ]
SQL: SELECT `id`,`title`,`pid`,`sort`,`status`,`can_post`,`need_audit` FROM `ocenter_news_category` WHERE `id` IN ('1') AND `status` = 1 ORDER BY sort desc  [ RunTime:0.001001s ]
NOTIC: [2048] Declaration of Admin\Builder\AdminListBuilder::display() should be compatible with Admin\Builder\AdminBuilder::display($templateFile = '', $charset = '', $contentType = '', $content = '', $prefix = '') E:\phpStudy\WWW\shanren\Application\Admin\Builder\AdminListBuilder.class.php ç¬¬ 7 è¡Œ.
SQL: SELECT `type`,`name`,`value` FROM `ocenter_config` WHERE `status` = 1  [ RunTime:0.001000s ]
SQL: SELECT * FROM `ocenter_module` WHERE `name` = 'Admin' LIMIT 1   [ RunTime:0.000000s ]
INFO: [ action_begin ] --START--
INFO: Run Common\Behavior\InitModuleInfoBehavior [ RunTime:0.000000s ]
INFO: [ action_begin ] --END-- [ RunTime:-0.068004s ]
NOTIC: [2] http_build_query(): Parameter 1 expected to be Array or Object.  Incorrect value given E:\phpStudy\WWW\shanren\Application\Admin\Builder\AdminListBuilder.class.php ç¬¬ 834 è¡Œ.
SQL: select uid,nickname from `ocenter_member`,`ocenter_ucenter_member` where uid=id and uid=1 limit 1 [ RunTime:0.001000s ]
SQL: SHOW COLUMNS FROM `ocenter_ucenter_short` [ RunTime:0.009001s ]
SQL: SELECT * FROM `ocenter_ucenter_short` WHERE `uid` = 1 AND `status` = 1 LIMIT 1   [ RunTime:0.000000s ]
NOTIC: [8] Use of undefined constant uid - assumed 'uid' E:\phpStudy\WWW\shanren\Application\Admin\Builder\AdminListBuilder.class.php ç¬¬ 577 è¡Œ.
INFO: [ view_parse ] --START--
INFO: [ template_filter ] --START--
INFO: Run Behavior\ContentReplaceBehavior [ RunTime:0.000000s ]
INFO: [ template_filter ] --END-- [ RunTime:0.001000s ]
INFO: Run Behavior\ParseTemplateBehavior [ RunTime:0.010001s ]
INFO: [ view_parse ] --END-- [ RunTime:0.010001s ]
INFO: [ view_filter ] --START--
INFO: Run Behavior\WriteHtmlCacheBehavior [ RunTime:0.000000s ]
INFO: [ view_filter ] --END-- [ RunTime:0.000000s ]
INFO: [ view_parse ] --START--
INFO: [ template_filter ] --START--
INFO: Run Behavior\ContentReplaceBehavior [ RunTime:0.000000s ]
INFO: [ template_filter ] --END-- [ RunTime:-0.025002s ]
SQL: SELECT `value` FROM `ocenter_config` WHERE `name` = '_CONFIG_LOGO' LIMIT 1   [ RunTime:0.001000s ]
SQL: SHOW COLUMNS FROM `ocenter_menu` [ RunTime:0.011000s ]
SQL: SELECT `id` FROM `ocenter_menu` WHERE ( url like '%News/audit' AND pid > 0 ) LIMIT 1   [ RunTime:0.003001s ]
NOTIC: [8] Array to string conversion E:\phpStudy\WWW\shanren\Runtime\Cache\Admin\58be3bc24bfb57558ea95d2ef3a51048.php ç¬¬ 228 è¡Œ.
NOTIC: [8] Undefined variable: show E:\phpStudy\WWW\shanren\Runtime\Cache\Admin\58be3bc24bfb57558ea95d2ef3a51048.php ç¬¬ 261 è¡Œ.
NOTIC: [8] Undefined index: audit E:\phpStudy\WWW\shanren\Runtime\Cache\Admin\58be3bc24bfb57558ea95d2ef3a51048.php ç¬¬ 318 è¡Œ.
NOTIC: [8] Undefined variable: search E:\phpStudy\WWW\shanren\Runtime\Cache\Admin\58be3bc24bfb57558ea95d2ef3a51048.php ç¬¬ 339 è¡Œ.
NOTIC: [8] Undefined variable: search E:\phpStudy\WWW\shanren\Runtime\Cache\Admin\58be3bc24bfb57558ea95d2ef3a51048.php ç¬¬ 339 è¡Œ.
NOTIC: [8] Array to string conversion E:\phpStudy\WWW\shanren\Runtime\Cache\Admin\58be3bc24bfb57558ea95d2ef3a51048.php ç¬¬ 339 è¡Œ.
NOTIC: [8] Undefined index: audit E:\phpStudy\WWW\shanren\Runtime\Cache\Admin\58be3bc24bfb57558ea95d2ef3a51048.php ç¬¬ 344 è¡Œ.
NOTIC: [8] Undefined index: audit E:\phpStudy\WWW\shanren\Runtime\Cache\Admin\58be3bc24bfb57558ea95d2ef3a51048.php ç¬¬ 344 è¡Œ.
NOTIC: [8] Undefined index: audit E:\phpStudy\WWW\shanren\Runtime\Cache\Admin\58be3bc24bfb57558ea95d2ef3a51048.php ç¬¬ 344 è¡Œ.
NOTIC: [8] Undefined index: audit E:\phpStudy\WWW\shanren\Runtime\Cache\Admin\58be3bc24bfb57558ea95d2ef3a51048.php ç¬¬ 344 è¡Œ.
NOTIC: [8] Undefined variable: report E:\phpStudy\WWW\shanren\Runtime\Cache\Admin\58be3bc24bfb57558ea95d2ef3a51048.php ç¬¬ 755 è¡Œ.
INFO: Run Behavior\ParseTemplateBehavior [ RunTime:0.051003s ]
INFO: [ view_parse ] --END-- [ RunTime:-0.001000s ]
INFO: [ view_filter ] --START--
INFO: Run Behavior\WriteHtmlCacheBehavior [ RunTime:0.000000s ]
INFO: [ view_filter ] --END-- [ RunTime:-0.052003s ]
INFO: [ app_end ] --START--
INFO: Run Behavior\ShowPageTraceBehavior [ RunTime:0.000000s ]
INFO: [ app_end ] --END-- [ RunTime:0.000000s ]

[ 2017-04-13T19:37:20+08:00 ] ::1 /shanren/index.php?s=/admin/news/editnews/id/1.html
INFO: [ app_init ] --START--
INFO: Run Behavior\BuildLiteBehavior [ RunTime:0.000000s ]
INFO: Run Common\Behavior\InitHookBehavior [ RunTime:0.002000s ]
INFO: [ app_init ] --END-- [ RunTime:0.002000s ]
NOTIC: [8] Undefined index: router E:\phpStudy\WWW\shanren\Application\Common\Common\function.php ç¬¬ 1936 è¡Œ.
NOTIC: [8] Undefined index: router E:\phpStudy\WWW\shanren\Application\Common\Common\function.php ç¬¬ 1936 è¡Œ.
NOTIC: [8] Undefined index: router E:\phpStudy\WWW\shanren\Application\Common\Common\function.php ç¬¬ 1936 è¡Œ.
NOTIC: [8] Undefined index: router E:\phpStudy\WWW\shanren\Application\Common\Common\function.php ç¬¬ 1936 è¡Œ.
SQL: SHOW COLUMNS FROM `ocenter_config` [ RunTime:0.013001s ]
SQL: SELECT `type`,`name`,`value` FROM `ocenter_config` WHERE `status` = 1  [ RunTime:0.001000s ]
INFO: [ app_begin ] --START--
INFO: Run Behavior\ReadHtmlCacheBehavior [ RunTime:0.000000s ]
INFO: Run Behavior\CheckLangBehavior [ RunTime:0.016001s ]
INFO: [ app_begin ] --END-- [ RunTime:0.017001s ]
NOTIC: [8192] mysql_connect(): The mysql extension is deprecated and will be removed in the future: use mysqli or PDO instead E:\phpStudy\WWW\shanren\ThinkPHP\Library\Think\Session\Driver\Db.class.php ç¬¬ 95 è¡Œ.
SQL: SHOW COLUMNS FROM `ocenter_module` [ RunTime:0.012001s ]
SQL: SELECT `type`,`name`,`value` FROM `ocenter_config` WHERE `status` = 1  [ RunTime:0.001000s ]
SQL: SELECT * FROM `ocenter_module` WHERE `name` = 'Admin' LIMIT 1   [ RunTime:0.001000s ]
INFO: [ action_begin ] --START--
INFO: Run Common\Behavior\InitModuleInfoBehavior [ RunTime:0.000000s ]
INFO: [ action_begin ] --END-- [ RunTime:0.000000s ]
NOTIC: [2048] Declaration of Admin\Controller\NewsController::setStatus() should be compatible with Admin\Controller\AdminController::setStatus($Model = Admin\Controller\CONTROLLER_NAME) E:\phpStudy\WWW\shanren\Application\News\Controller\NewsController.class.php ç¬¬ 18 è¡Œ.
SQL: SELECT `type`,`name`,`value` FROM `ocenter_config` WHERE `status` = 1  [ RunTime:0.001000s ]
SQL: SELECT * FROM `ocenter_module` WHERE `name` = 'Admin' LIMIT 1   [ RunTime:0.000000s ]
INFO: [ action_begin ] --START--
INFO: Run Common\Behavior\InitModuleInfoBehavior [ RunTime:0.000000s ]
INFO: [ action_begin ] --END-- [ RunTime:-0.006000s ]
SQL: SHOW COLUMNS FROM `ocenter_version` [ RunTime:0.014000s ]
SQL: SHOW COLUMNS FROM `ocenter_news` [ RunTime:0.012000s ]
SQL: SHOW COLUMNS FROM `ocenter_news_detail` [ RunTime:0.012001s ]
SQL: SHOW COLUMNS FROM `ocenter_news_category` [ RunTime:0.010001s ]
SQL: SELECT `value` FROM `ocenter_config` WHERE `name` = '_NEWS_NEWS_SHOW_POSITION' LIMIT 1   [ RunTime:0.001000s ]
SQL: SELECT * FROM `ocenter_news` WHERE `id` = 1 LIMIT 1   [ RunTime:0.001000s ]
SQL: SELECT * FROM `ocenter_news_detail` WHERE `news_id` = 1 LIMIT 1   [ RunTime:0.001000s ]
SQL: SELECT `id`,`title`,`pid`,`sort`,`status`,`can_post`,`need_audit` FROM `ocenter_news_category` WHERE `status` >= 0 ORDER BY sort desc  [ RunTime:0.000000s ]
NOTIC: [2048] Declaration of Admin\Builder\AdminConfigBuilder::display() should be compatible with Admin\Builder\AdminBuilder::display($templateFile = '', $charset = '', $contentType = '', $content = '', $prefix = '') E:\phpStudy\WWW\shanren\Application\Admin\Builder\AdminConfigBuilder.class.php ç¬¬ 12 è¡Œ.
SQL: SELECT `type`,`name`,`value` FROM `ocenter_config` WHERE `status` = 1  [ RunTime:0.001000s ]
SQL: SELECT * FROM `ocenter_module` WHERE `name` = 'Admin' LIMIT 1   [ RunTime:0.000000s ]
INFO: [ action_begin ] --START--
INFO: Run Common\Behavior\InitModuleInfoBehavior [ RunTime:0.000000s ]
INFO: [ action_begin ] --END-- [ RunTime:-0.073004s ]
INFO: [ view_parse ] --START--
INFO: [ template_filter ] --START--
INFO: Run Behavior\ContentReplaceBehavior [ RunTime:0.001000s ]
INFO: [ template_filter ] --END-- [ RunTime:0.001000s ]
SQL: SELECT `value` FROM `ocenter_config` WHERE `name` = '_CONFIG_LOGO' LIMIT 1   [ RunTime:0.002001s ]
SQL: SHOW COLUMNS FROM `ocenter_menu` [ RunTime:0.011001s ]
SQL: SELECT `id` FROM `ocenter_menu` WHERE ( url like '%News/editnews' AND pid > 0 ) LIMIT 1   [ RunTime:0.001000s ]
NOTIC: [8] Array to string conversion E:\phpStudy\WWW\shanren\Runtime\Cache\Admin\b68d12039daf4619c997c2e5472db14a.php ç¬¬ 228 è¡Œ.
SQL: SELECT `type`,`name`,`value` FROM `ocenter_config` WHERE `status` = 1  [ RunTime:0.001000s ]
SQL: SELECT * FROM `ocenter_module` WHERE `name` = 'Admin' LIMIT 1   [ RunTime:0.000000s ]
INFO: [ action_begin ] --START--
INFO: Run Common\Behavior\InitModuleInfoBehavior [ RunTime:0.000000s ]
INFO: [ action_begin ] --END-- [ RunTime:-0.170010s ]
INFO: [ view_parse ] --START--
INFO: [ template_filter ] --START--
INFO: Run Behavior\ContentReplaceBehavior [ RunTime:0.000000s ]
INFO: [ template_filter ] --END-- [ RunTime:-0.044003s ]
NOTIC: [8] Undefined index: adminEditor E:\phpStudy\WWW\shanren\ThinkPHP\Library\Think\Hook.class.php ç¬¬ 71 è¡Œ.
NOTIC: [8] Undefined index: editor E:\phpStudy\WWW\shanren\ThinkPHP\Library\Think\Hook.class.php ç¬¬ 71 è¡Œ.
NOTIC: [8] Undefined index: is_load_script E:\phpStudy\WWW\shanren\Runtime\Cache\Admin\1ee98e571a31610121ae8c974017cfbb.php ç¬¬ 28 è¡Œ.
INFO: Run Behavior\ParseTemplateBehavior [ RunTime:0.005000s ]
INFO: [ view_parse ] --END-- [ RunTime:0.005000s ]
INFO: [ view_filter ] --START--
INFO: Run Behavior\WriteHtmlCacheBehavior [ RunTime:0.001000s ]
INFO: [ view_filter ] --END-- [ RunTime:0.001000s ]
NOTIC: [8] Undefined variable: report E:\phpStudy\WWW\shanren\Runtime\Cache\Admin\b68d12039daf4619c997c2e5472db14a.php ç¬¬ 1162 è¡Œ.
NOTIC: [8] Undefined variable: chosen_select2 E:\phpStudy\WWW\shanren\Runtime\Cache\Admin\b68d12039daf4619c997c2e5472db14a.php ç¬¬ 1332 è¡Œ.
NOTIC: [8] Undefined variable: has_nestable E:\phpStudy\WWW\shanren\Runtime\Cache\Admin\b68d12039daf4619c997c2e5472db14a.php ç¬¬ 1339 è¡Œ.
NOTIC: [8] Undefined variable: colorPicker E:\phpStudy\WWW\shanren\Runtime\Cache\Admin\b68d12039daf4619c997c2e5472db14a.php ç¬¬ 1396 è¡Œ.
NOTIC: [8] Undefined variable: myJs E:\phpStudy\WWW\shanren\Runtime\Cache\Admin\b68d12039daf4619c997c2e5472db14a.php ç¬¬ 1496 è¡Œ.
INFO: Run Behavior\ParseTemplateBehavior [ RunTime:0.006000s ]
INFO: [ view_parse ] --END-- [ RunTime:0.005000s ]
INFO: [ view_filter ] --START--
INFO: Run Behavior\WriteHtmlCacheBehavior [ RunTime:0.000000s ]
INFO: [ view_filter ] --END-- [ RunTime:0.000000s ]
INFO: [ app_end ] --START--
INFO: Run Behavior\ShowPageTraceBehavior [ RunTime:0.001000s ]
INFO: [ app_end ] --END-- [ RunTime:0.001000s ]

[ 2017-04-13T19:37:26+08:00 ] ::1 /shanren/index.php?s=/admin/news/audit.html
INFO: [ app_init ] --START--
INFO: Run Behavior\BuildLiteBehavior [ RunTime:0.000000s ]
INFO: Run Common\Behavior\InitHookBehavior [ RunTime:0.003000s ]
INFO: [ app_init ] --END-- [ RunTime:0.003000s ]
NOTIC: [8] Undefined index: router E:\phpStudy\WWW\shanren\Application\Common\Common\function.php ç¬¬ 1936 è¡Œ.
NOTIC: [8] Undefined index: router E:\phpStudy\WWW\shanren\Application\Common\Common\function.php ç¬¬ 1936 è¡Œ.
NOTIC: [8] Undefined index: router E:\phpStudy\WWW\shanren\Application\Common\Common\function.php ç¬¬ 1936 è¡Œ.
NOTIC: [8] Undefined index: router E:\phpStudy\WWW\shanren\Application\Common\Common\function.php ç¬¬ 1936 è¡Œ.
SQL: SHOW COLUMNS FROM `ocenter_config` [ RunTime:0.008001s ]
SQL: SELECT `type`,`name`,`value` FROM `ocenter_config` WHERE `status` = 1  [ RunTime:0.001000s ]
INFO: [ app_begin ] --START--
INFO: Run Behavior\ReadHtmlCacheBehavior [ RunTime:0.001000s ]
INFO: Run Behavior\CheckLangBehavior [ RunTime:0.018001s ]
INFO: [ app_begin ] --END-- [ RunTime:0.019001s ]
NOTIC: [8192] mysql_connect(): The mysql extension is deprecated and will be removed in the future: use mysqli or PDO instead E:\phpStudy\WWW\shanren\ThinkPHP\Library\Think\Session\Driver\Db.class.php ç¬¬ 95 è¡Œ.
SQL: SHOW COLUMNS FROM `ocenter_module` [ RunTime:0.013000s ]
SQL: SELECT `type`,`name`,`value` FROM `ocenter_config` WHERE `status` = 1  [ RunTime:0.001000s ]
SQL: SELECT * FROM `ocenter_module` WHERE `name` = 'Admin' LIMIT 1   [ RunTime:0.000000s ]
INFO: [ action_begin ] --START--
INFO: Run Common\Behavior\InitModuleInfoBehavior [ RunTime:0.001000s ]
INFO: [ action_begin ] --END-- [ RunTime:0.001000s ]
NOTIC: [2048] Declaration of Admin\Controller\NewsController::setStatus() should be compatible with Admin\Controller\AdminController::setStatus($Model = Admin\Controller\CONTROLLER_NAME) E:\phpStudy\WWW\shanren\Application\News\Controller\NewsController.class.php ç¬¬ 18 è¡Œ.
SQL: SELECT `type`,`name`,`value` FROM `ocenter_config` WHERE `status` = 1  [ RunTime:0.002000s ]
SQL: SELECT * FROM `ocenter_module` WHERE `name` = 'Admin' LIMIT 1   [ RunTime:0.001000s ]
INFO: [ action_begin ] --START--
INFO: Run Common\Behavior\InitModuleInfoBehavior [ RunTime:0.000000s ]
INFO: [ action_begin ] --END-- [ RunTime:-0.008001s ]
SQL: SHOW COLUMNS FROM `ocenter_version` [ RunTime:0.008001s ]
SQL: SHOW COLUMNS FROM `ocenter_news` [ RunTime:0.012000s ]
SQL: SHOW COLUMNS FROM `ocenter_news_detail` [ RunTime:0.009001s ]
SQL: SHOW COLUMNS FROM `ocenter_news_category` [ RunTime:0.011001s ]
SQL: SELECT COUNT(*) AS tp_count FROM `ocenter_news` WHERE `status` = 2 AND `dead_line` > 1492083446 LIMIT 1   [ RunTime:0.002000s ]
SQL: SELECT * FROM `ocenter_news` WHERE `status` = 2 AND `dead_line` > 1492083446 ORDER BY update_time desc LIMIT 0,20   [ RunTime:0.000000s ]
SQL: SELECT `id`,`title`,`pid`,`sort`,`status`,`can_post`,`need_audit` FROM `ocenter_news_category` WHERE `id` IN ('1') AND `status` = 1 ORDER BY sort desc  [ RunTime:0.000000s ]
NOTIC: [2048] Declaration of Admin\Builder\AdminListBuilder::display() should be compatible with Admin\Builder\AdminBuilder::display($templateFile = '', $charset = '', $contentType = '', $content = '', $prefix = '') E:\phpStudy\WWW\shanren\Application\Admin\Builder\AdminListBuilder.class.php ç¬¬ 7 è¡Œ.
SQL: SELECT `type`,`name`,`value` FROM `ocenter_config` WHERE `status` = 1  [ RunTime:0.001000s ]
SQL: SELECT * FROM `ocenter_module` WHERE `name` = 'Admin' LIMIT 1   [ RunTime:0.000000s ]
INFO: [ action_begin ] --START--
INFO: Run Common\Behavior\InitModuleInfoBehavior [ RunTime:0.000000s ]
INFO: [ action_begin ] --END-- [ RunTime:-0.067004s ]
NOTIC: [2] http_build_query(): Parameter 1 expected to be Array or Object.  Incorrect value given E:\phpStudy\WWW\shanren\Application\Admin\Builder\AdminListBuilder.class.php ç¬¬ 834 è¡Œ.
NOTIC: [8] Use of undefined constant uid - assumed 'uid' E:\phpStudy\WWW\shanren\Application\Admin\Builder\AdminListBuilder.class.php ç¬¬ 577 è¡Œ.
INFO: [ view_parse ] --START--
INFO: Run Behavior\ParseTemplateBehavior [ RunTime:0.001000s ]
INFO: [ view_parse ] --END-- [ RunTime:0.001000s ]
INFO: [ view_filter ] --START--
INFO: Run Behavior\WriteHtmlCacheBehavior [ RunTime:0.000000s ]
INFO: [ view_filter ] --END-- [ RunTime:0.000000s ]
INFO: [ view_parse ] --START--
INFO: [ template_filter ] --START--
INFO: Run Behavior\ContentReplaceBehavior [ RunTime:0.000000s ]
INFO: [ template_filter ] --END-- [ RunTime:0.000000s ]
SQL: SELECT `value` FROM `ocenter_config` WHERE `name` = '_CONFIG_LOGO' LIMIT 1   [ RunTime:0.001000s ]
SQL: SHOW COLUMNS FROM `ocenter_menu` [ RunTime:0.008000s ]
SQL: SELECT `id` FROM `ocenter_menu` WHERE ( url like '%News/audit' AND pid > 0 ) LIMIT 1   [ RunTime:0.002000s ]
NOTIC: [8] Array to string conversion E:\phpStudy\WWW\shanren\Runtime\Cache\Admin\58be3bc24bfb57558ea95d2ef3a51048.php ç¬¬ 228 è¡Œ.
NOTIC: [8] Undefined variable: show E:\phpStudy\WWW\shanren\Runtime\Cache\Admin\58be3bc24bfb57558ea95d2ef3a51048.php ç¬¬ 261 è¡Œ.
NOTIC: [8] Undefined index: audit E:\phpStudy\WWW\shanren\Runtime\Cache\Admin\58be3bc24bfb57558ea95d2ef3a51048.php ç¬¬ 318 è¡Œ.
NOTIC: [8] Undefined variable: search E:\phpStudy\WWW\shanren\Runtime\Cache\Admin\58be3bc24bfb57558ea95d2ef3a51048.php ç¬¬ 339 è¡Œ.
NOTIC: [8] Undefined variable: search E:\phpStudy\WWW\shanren\Runtime\Cache\Admin\58be3bc24bfb57558ea95d2ef3a51048.php ç¬¬ 339 è¡Œ.
NOTIC: [8] Array to string conversion E:\phpStudy\WWW\shanren\Runtime\Cache\Admin\58be3bc24bfb57558ea95d2ef3a51048.php ç¬¬ 339 è¡Œ.
NOTIC: [8] Undefined index: audit E:\phpStudy\WWW\shanren\Runtime\Cache\Admin\58be3bc24bfb57558ea95d2ef3a51048.php ç¬¬ 344 è¡Œ.
NOTIC: [8] Undefined index: audit E:\phpStudy\WWW\shanren\Runtime\Cache\Admin\58be3bc24bfb57558ea95d2ef3a51048.php ç¬¬ 344 è¡Œ.
NOTIC: [8] Undefined index: audit E:\phpStudy\WWW\shanren\Runtime\Cache\Admin\58be3bc24bfb57558ea95d2ef3a51048.php ç¬¬ 344 è¡Œ.
NOTIC: [8] Undefined index: audit E:\phpStudy\WWW\shanren\Runtime\Cache\Admin\58be3bc24bfb57558ea95d2ef3a51048.php ç¬¬ 344 è¡Œ.
NOTIC: [8] Undefined variable: report E:\phpStudy\WWW\shanren\Runtime\Cache\Admin\58be3bc24bfb57558ea95d2ef3a51048.php ç¬¬ 755 è¡Œ.
INFO: Run Behavior\ParseTemplateBehavior [ RunTime:0.047002s ]
INFO: [ view_parse ] --END-- [ RunTime:-0.001001s ]
INFO: [ view_filter ] --START--
INFO: Run Behavior\WriteHtmlCacheBehavior [ RunTime:0.000000s ]
INFO: [ view_filter ] --END-- [ RunTime:-0.049003s ]
INFO: [ app_end ] --START--
INFO: Run Behavior\ShowPageTraceBehavior [ RunTime:0.001000s ]
INFO: [ app_end ] --END-- [ RunTime:0.001000s ]

[ 2017-04-13T19:37:30+08:00 ] ::1 /shanren/index.php?s=/admin/news/setnewsstatus.html&status=1
INFO: [ app_init ] --START--
INFO: Run Behavior\BuildLiteBehavior [ RunTime:0.000000s ]
INFO: Run Common\Behavior\InitHookBehavior [ RunTime:0.002000s ]
INFO: [ app_init ] --END-- [ RunTime:0.003001s ]
NOTIC: [8] Undefined index: router E:\phpStudy\WWW\shanren\Application\Common\Common\function.php ç¬¬ 1936 è¡Œ.
NOTIC: [8] Undefined index: router E:\phpStudy\WWW\shanren\Application\Common\Common\function.php ç¬¬ 1936 è¡Œ.
NOTIC: [8] Undefined index: router E:\phpStudy\WWW\shanren\Application\Common\Common\function.php ç¬¬ 1936 è¡Œ.
NOTIC: [8] Undefined index: router E:\phpStudy\WWW\shanren\Application\Common\Common\function.php ç¬¬ 1936 è¡Œ.
SQL: SHOW COLUMNS FROM `ocenter_config` [ RunTime:0.010000s ]
SQL: SELECT `type`,`name`,`value` FROM `ocenter_config` WHERE `status` = 1  [ RunTime:0.001000s ]
INFO: [ app_begin ] --START--
INFO: Run Behavior\ReadHtmlCacheBehavior [ RunTime:0.001000s ]
INFO: Run Behavior\CheckLangBehavior [ RunTime:0.018001s ]
INFO: [ app_begin ] --END-- [ RunTime:0.020001s ]
NOTIC: [8192] mysql_connect(): The mysql extension is deprecated and will be removed in the future: use mysqli or PDO instead E:\phpStudy\WWW\shanren\ThinkPHP\Library\Think\Session\Driver\Db.class.php ç¬¬ 95 è¡Œ.
SQL: SHOW COLUMNS FROM `ocenter_module` [ RunTime:0.009000s ]
SQL: SELECT `type`,`name`,`value` FROM `ocenter_config` WHERE `status` = 1  [ RunTime:0.001001s ]
SQL: SELECT * FROM `ocenter_module` WHERE `name` = 'Admin' LIMIT 1   [ RunTime:0.001000s ]
INFO: [ action_begin ] --START--
INFO: Run Common\Behavior\InitModuleInfoBehavior [ RunTime:0.000000s ]
INFO: [ action_begin ] --END-- [ RunTime:0.000000s ]
NOTIC: [2048] Declaration of Admin\Controller\NewsController::setStatus() should be compatible with Admin\Controller\AdminController::setStatus($Model = Admin\Controller\CONTROLLER_NAME) E:\phpStudy\WWW\shanren\Application\News\Controller\NewsController.class.php ç¬¬ 18 è¡Œ.
SQL: SELECT `type`,`name`,`value` FROM `ocenter_config` WHERE `status` = 1  [ RunTime:0.002000s ]
SQL: SELECT * FROM `ocenter_module` WHERE `name` = 'Admin' LIMIT 1   [ RunTime:0.001000s ]
INFO: [ action_begin ] --START--
INFO: Run Common\Behavior\InitModuleInfoBehavior [ RunTime:0.000000s ]
INFO: [ action_begin ] --END-- [ RunTime:-0.009000s ]
SQL: SHOW COLUMNS FROM `ocenter_version` [ RunTime:0.011001s ]
SQL: SHOW COLUMNS FROM `ocenter_news` [ RunTime:0.009001s ]
SQL: SHOW COLUMNS FROM `ocenter_news_detail` [ RunTime:0.016001s ]
SQL: SHOW COLUMNS FROM `ocenter_news_category` [ RunTime:0.007000s ]
NOTIC: [2048] Declaration of Admin\Builder\AdminListBuilder::display() should be compatible with Admin\Builder\AdminBuilder::display($templateFile = '', $charset = '', $contentType = '', $content = '', $prefix = '') E:\phpStudy\WWW\shanren\Application\Admin\Builder\AdminListBuilder.class.php ç¬¬ 7 è¡Œ.
SQL: SELECT `type`,`name`,`value` FROM `ocenter_config` WHERE `status` = 1  [ RunTime:0.002000s ]
SQL: SELECT * FROM `ocenter_module` WHERE `name` = 'Admin' LIMIT 1   [ RunTime:0.001000s ]
INFO: [ action_begin ] --START--
INFO: Run Common\Behavior\InitModuleInfoBehavior [ RunTime:0.000000s ]
INFO: [ action_begin ] --END-- [ RunTime:-0.070004s ]
NOTIC: [2] unlink(./Runtime/Temp/7ee78a1c31caa84e864e7decb7db41bb.php): No such file or directory E:\phpStudy\WWW\shanren\ThinkPHP\Library\Think\Cache\Driver\File.class.php ç¬¬ 157 è¡Œ.
NOTIC: [2] unlink(./Runtime/Temp/a340e7cab7b160b51b14efb478238a40.php): No such file or directory E:\phpStudy\WWW\shanren\ThinkPHP\Library\Think\Cache\Driver\File.class.php ç¬¬ 157 è¡Œ.
SQL: SHOW COLUMNS FROM `ocenter_message` [ RunTime:0.010000s ]
SQL: SELECT * FROM `ocenter_news` WHERE `id` = 1 LIMIT 1   [ RunTime:0.001000s ]
SQL: SELECT * FROM `ocenter_news_detail` WHERE `news_id` = 1 LIMIT 1   [ RunTime:0.001000s ]
SQL: SELECT `value` FROM `ocenter_config` WHERE `name` = '_SENSITIVE_OPEN_SENSITIVE' LIMIT 1   [ RunTime:0.000000s ]
SQL: SHOW COLUMNS FROM `ocenter_news` [ RunTime:0.008000s ]
SQL: UPDATE `ocenter_news` SET `status`=1 WHERE `id` IN ('1') [ RunTime:0.000000s ]

[ 2017-04-13T19:37:32+08:00 ] ::1 /shanren/index.php?s=/admin/news/audit.html
INFO: [ app_init ] --START--
INFO: Run Behavior\BuildLiteBehavior [ RunTime:0.000000s ]
INFO: Run Common\Behavior\InitHookBehavior [ RunTime:0.002000s ]
INFO: [ app_init ] --END-- [ RunTime:0.003000s ]
NOTIC: [8] Undefined index: router E:\phpStudy\WWW\shanren\Application\Common\Common\function.php ç¬¬ 1936 è¡Œ.
NOTIC: [8] Undefined index: router E:\phpStudy\WWW\shanren\Application\Common\Common\function.php ç¬¬ 1936 è¡Œ.
NOTIC: [8] Undefined index: router E:\phpStudy\WWW\shanren\Application\Common\Common\function.php ç¬¬ 1936 è¡Œ.
NOTIC: [8] Undefined index: router E:\phpStudy\WWW\shanren\Application\Common\Common\function.php ç¬¬ 1936 è¡Œ.
SQL: SHOW COLUMNS FROM `ocenter_config` [ RunTime:0.011000s ]
SQL: SELECT `type`,`name`,`value` FROM `ocenter_config` WHERE `status` = 1  [ RunTime:0.001000s ]
INFO: [ app_begin ] --START--
INFO: Run Behavior\ReadHtmlCacheBehavior [ RunTime:0.001001s ]
INFO: Run Behavior\CheckLangBehavior [ RunTime:0.017000s ]
INFO: [ app_begin ] --END-- [ RunTime:0.018001s ]
NOTIC: [8192] mysql_connect(): The mysql extension is deprecated and will be removed in the future: use mysqli or PDO instead E:\phpStudy\WWW\shanren\ThinkPHP\Library\Think\Session\Driver\Db.class.php ç¬¬ 95 è¡Œ.
SQL: SHOW COLUMNS FROM `ocenter_module` [ RunTime:0.013001s ]
SQL: SELECT `type`,`name`,`value` FROM `ocenter_config` WHERE `status` = 1  [ RunTime:0.001000s ]
SQL: SELECT * FROM `ocenter_module` WHERE `name` = 'Admin' LIMIT 1   [ RunTime:0.001000s ]
INFO: [ action_begin ] --START--
INFO: Run Common\Behavior\InitModuleInfoBehavior [ RunTime:0.001000s ]
INFO: [ action_begin ] --END-- [ RunTime:0.001000s ]
NOTIC: [2048] Declaration of Admin\Controller\NewsController::setStatus() should be compatible with Admin\Controller\AdminController::setStatus($Model = Admin\Controller\CONTROLLER_NAME) E:\phpStudy\WWW\shanren\Application\News\Controller\NewsController.class.php ç¬¬ 18 è¡Œ.
SQL: SELECT `type`,`name`,`value` FROM `ocenter_config` WHERE `status` = 1  [ RunTime:0.001000s ]
SQL: SELECT * FROM `ocenter_module` WHERE `name` = 'Admin' LIMIT 1   [ RunTime:0.000000s ]
INFO: [ action_begin ] --START--
INFO: Run Common\Behavior\InitModuleInfoBehavior [ RunTime:0.000000s ]
INFO: [ action_begin ] --END-- [ RunTime:-0.006000s ]
SQL: SHOW COLUMNS FROM `ocenter_version` [ RunTime:0.008001s ]
SQL: SHOW COLUMNS FROM `ocenter_news` [ RunTime:0.011001s ]
SQL: SHOW COLUMNS FROM `ocenter_news_detail` [ RunTime:0.010000s ]
SQL: SHOW COLUMNS FROM `ocenter_news_category` [ RunTime:0.012001s ]
SQL: SELECT COUNT(*) AS tp_count FROM `ocenter_news` WHERE `status` = 2 AND `dead_line` > 1492083452 LIMIT 1   [ RunTime:0.002000s ]
NOTIC: [8] Undefined variable: list E:\phpStudy\WWW\shanren\Application\News\Model\NewsModel.class.php ç¬¬ 47 è¡Œ.
NOTIC: [2] array_column() expects parameter 1 to be array, null given E:\phpStudy\WWW\shanren\Application\News\Controller\NewsController.class.php ç¬¬ 225 è¡Œ.
NOTIC: [2] implode(): Invalid arguments passed E:\phpStudy\WWW\shanren\ThinkPHP\Library\Think\Db.class.php ç¬¬ 497 è¡Œ.
SQL: SELECT `id`,`title`,`pid`,`sort`,`status`,`can_post`,`need_audit` FROM `ocenter_news_category` WHERE `id` IN () AND `status` = 1 ORDER BY sort desc  [ RunTime:0.000000s ]
ERR: 1064:You have an error in your SQL syntax; check the manual that corresponds to your MySQL server version for the right syntax to use near ') AND `status` = 1 ORDER BY sort desc' at line 1
 [ SQLè¯­å¥ ] : SELECT `id`,`title`,`pid`,`sort`,`status`,`can_post`,`need_audit` FROM `ocenter_news_category` WHERE `id` IN () AND `status` = 1 ORDER BY sort desc 
NOTIC: [2] Invalid argument supplied for foreach() E:\phpStudy\WWW\shanren\Application\News\Model\NewsCategoryModel.class.php ç¬¬ 88 è¡Œ.
NOTIC: [2] Invalid argument supplied for foreach() E:\phpStudy\WWW\shanren\Application\News\Controller\NewsController.class.php ç¬¬ 228 è¡Œ.
NOTIC: [2048] Declaration of Admin\Builder\AdminListBuilder::display() should be compatible with Admin\Builder\AdminBuilder::display($templateFile = '', $charset = '', $contentType = '', $content = '', $prefix = '') E:\phpStudy\WWW\shanren\Application\Admin\Builder\AdminListBuilder.class.php ç¬¬ 7 è¡Œ.
SQL: SELECT `type`,`name`,`value` FROM `ocenter_config` WHERE `status` = 1  [ RunTime:0.002001s ]
SQL: SELECT * FROM `ocenter_module` WHERE `name` = 'Admin' LIMIT 1   [ RunTime:0.000000s ]
INFO: [ action_begin ] --START--
INFO: Run Common\Behavior\InitModuleInfoBehavior [ RunTime:0.000000s ]
INFO: [ action_begin ] --END-- [ RunTime:-0.065004s ]
NOTIC: [2] http_build_query(): Parameter 1 expected to be Array or Object.  Incorrect value given E:\phpStudy\WWW\shanren\Application\Admin\Builder\AdminListBuilder.class.php ç¬¬ 834 è¡Œ.
NOTIC: [2] Invalid argument supplied for foreach() E:\phpStudy\WWW\shanren\Application\Admin\Builder\AdminListBuilder.class.php ç¬¬ 785 è¡Œ.
NOTIC: [2] Invalid argument supplied for foreach() E:\phpStudy\WWW\shanren\Application\Admin\Builder\AdminListBuilder.class.php ç¬¬ 785 è¡Œ.
NOTIC: [2] Invalid argument supplied for foreach() E:\phpStudy\WWW\shanren\Application\Admin\Builder\AdminListBuilder.class.php ç¬¬ 785 è¡Œ.
NOTIC: [2] Invalid argument supplied for foreach() E:\phpStudy\WWW\shanren\Application\Admin\Builder\AdminListBuilder.class.php ç¬¬ 785 è¡Œ.
NOTIC: [2] Invalid argument supplied for foreach() E:\phpStudy\WWW\shanren\Application\Admin\Builder\AdminListBuilder.class.php ç¬¬ 785 è¡Œ.
NOTIC: [2] Invalid argument supplied for foreach() E:\phpStudy\WWW\shanren\Application\Admin\Builder\AdminListBuilder.class.php ç¬¬ 785 è¡Œ.
NOTIC: [2] Invalid argument supplied for foreach() E:\phpStudy\WWW\shanren\Application\Admin\Builder\AdminListBuilder.class.php ç¬¬ 785 è¡Œ.
NOTIC: [2] Invalid argument supplied for foreach() E:\phpStudy\WWW\shanren\Application\Admin\Builder\AdminListBuilder.class.php ç¬¬ 785 è¡Œ.
NOTIC: [2] Invalid argument supplied for foreach() E:\phpStudy\WWW\shanren\Application\Admin\Builder\AdminListBuilder.class.php ç¬¬ 785 è¡Œ.
NOTIC: [2] Invalid argument supplied for foreach() E:\phpStudy\WWW\shanren\Application\Admin\Builder\AdminListBuilder.class.php ç¬¬ 785 è¡Œ.
NOTIC: [2] Invalid argument supplied for foreach() E:\phpStudy\WWW\shanren\Application\Admin\Builder\AdminListBuilder.class.php ç¬¬ 785 è¡Œ.
NOTIC: [2] Invalid argument supplied for foreach() E:\phpStudy\WWW\shanren\Application\Admin\Builder\AdminListBuilder.class.php ç¬¬ 785 è¡Œ.
NOTIC: [2] Invalid argument supplied for foreach() E:\phpStudy\WWW\shanren\Application\Admin\Builder\AdminListBuilder.class.php ç¬¬ 785 è¡Œ.
NOTIC: [2] Invalid argument supplied for foreach() E:\phpStudy\WWW\shanren\Application\Admin\Builder\AdminListBuilder.class.php ç¬¬ 785 è¡Œ.
NOTIC: [2] Invalid argument supplied for foreach() E:\phpStudy\WWW\shanren\Application\Admin\Builder\AdminListBuilder.class.php ç¬¬ 785 è¡Œ.
NOTIC: [2] Invalid argument supplied for foreach() E:\phpStudy\WWW\shanren\Application\Admin\Builder\AdminListBuilder.class.php ç¬¬ 785 è¡Œ.
NOTIC: [2] Invalid argument supplied for foreach() E:\phpStudy\WWW\shanren\Application\Admin\Builder\AdminListBuilder.class.php ç¬¬ 785 è¡Œ.
NOTIC: [2] Invalid argument supplied for foreach() E:\phpStudy\WWW\shanren\Application\Admin\Builder\AdminListBuilder.class.php ç¬¬ 785 è¡Œ.
NOTIC: [2] Invalid argument supplied for foreach() E:\phpStudy\WWW\shanren\Application\Admin\Builder\AdminListBuilder.class.php ç¬¬ 785 è¡Œ.
NOTIC: [2] Invalid argument supplied for foreach() E:\phpStudy\WWW\shanren\Application\Admin\Builder\AdminListBuilder.class.php ç¬¬ 785 è¡Œ.
NOTIC: [2] Invalid argument supplied for foreach() E:\phpStudy\WWW\shanren\Application\Admin\Builder\AdminListBuilder.class.php ç¬¬ 785 è¡Œ.
NOTIC: [2] Invalid argument supplied for foreach() E:\phpStudy\WWW\shanren\Application\Admin\Builder\AdminListBuilder.class.php ç¬¬ 785 è¡Œ.
NOTIC: [2] Invalid argument supplied for foreach() E:\phpStudy\WWW\shanren\Application\Admin\Builder\AdminListBuilder.class.php ç¬¬ 785 è¡Œ.
NOTIC: [2] Invalid argument supplied for foreach() E:\phpStudy\WWW\shanren\Application\Admin\Builder\AdminListBuilder.class.php ç¬¬ 785 è¡Œ.
INFO: [ view_parse ] --START--
INFO: [ template_filter ] --START--
INFO: Run Behavior\ContentReplaceBehavior [ RunTime:0.002000s ]
INFO: [ template_filter ] --END-- [ RunTime:0.002000s ]
SQL: SELECT `value` FROM `ocenter_config` WHERE `name` = '_CONFIG_LOGO' LIMIT 1   [ RunTime:0.001000s ]
SQL: SHOW COLUMNS FROM `ocenter_menu` [ RunTime:0.009001s ]
SQL: SELECT `id` FROM `ocenter_menu` WHERE ( url like '%News/audit' AND pid > 0 ) LIMIT 1   [ RunTime:0.004000s ]
NOTIC: [8] Array to string conversion E:\phpStudy\WWW\shanren\Runtime\Cache\Admin\58be3bc24bfb57558ea95d2ef3a51048.php ç¬¬ 228 è¡Œ.
NOTIC: [8] Undefined variable: show E:\phpStudy\WWW\shanren\Runtime\Cache\Admin\58be3bc24bfb57558ea95d2ef3a51048.php ç¬¬ 261 è¡Œ.
NOTIC: [8] Undefined index: audit E:\phpStudy\WWW\shanren\Runtime\Cache\Admin\58be3bc24bfb57558ea95d2ef3a51048.php ç¬¬ 318 è¡Œ.
NOTIC: [8] Undefined variable: search E:\phpStudy\WWW\shanren\Runtime\Cache\Admin\58be3bc24bfb57558ea95d2ef3a51048.php ç¬¬ 339 è¡Œ.
NOTIC: [8] Undefined variable: search E:\phpStudy\WWW\shanren\Runtime\Cache\Admin\58be3bc24bfb57558ea95d2ef3a51048.php ç¬¬ 339 è¡Œ.
NOTIC: [8] Array to string conversion E:\phpStudy\WWW\shanren\Runtime\Cache\Admin\58be3bc24bfb57558ea95d2ef3a51048.php ç¬¬ 339 è¡Œ.
NOTIC: [8] Undefined index: audit E:\phpStudy\WWW\shanren\Runtime\Cache\Admin\58be3bc24bfb57558ea95d2ef3a51048.php ç¬¬ 344 è¡Œ.
NOTIC: [8] Undefined index: audit E:\phpStudy\WWW\shanren\Runtime\Cache\Admin\58be3bc24bfb57558ea95d2ef3a51048.php ç¬¬ 344 è¡Œ.
NOTIC: [8] Undefined index: audit E:\phpStudy\WWW\shanren\Runtime\Cache\Admin\58be3bc24bfb57558ea95d2ef3a51048.php ç¬¬ 344 è¡Œ.
NOTIC: [8] Undefined index: audit E:\phpStudy\WWW\shanren\Runtime\Cache\Admin\58be3bc24bfb57558ea95d2ef3a51048.php ç¬¬ 344 è¡Œ.
NOTIC: [8] Undefined variable: report E:\phpStudy\WWW\shanren\Runtime\Cache\Admin\58be3bc24bfb57558ea95d2ef3a51048.php ç¬¬ 755 è¡Œ.
INFO: Run Behavior\ParseTemplateBehavior [ RunTime:0.056003s ]
INFO: [ view_parse ] --END-- [ RunTime:0.056003s ]
INFO: [ view_filter ] --START--
INFO: Run Behavior\WriteHtmlCacheBehavior [ RunTime:0.000000s ]
INFO: [ view_filter ] --END-- [ RunTime:0.000000s ]
INFO: [ app_end ] --START--
INFO: Run Behavior\ShowPageTraceBehavior [ RunTime:0.000000s ]
INFO: [ app_end ] --END-- [ RunTime:0.000000s ]

